<?xml version="1.0" encoding="UTF-8"?><testsuites>
<testsuite xmlns:xsi="http://www.w3.org/2001/XMLSchema-instance" xsi:noNamespaceSchemaLocation="https://maven.apache.org/surefire/maven-surefire-plugin/xsd/surefire-test-report.xsd" name="sk.stuba.fei.uim.vsa.pr2.StudentResourceTest" time="11.392" tests="10" errors="0" skipped="0" failures="8">
  <properties>
[...]
</properties>
  <testcase name="shouldGetNotFoundForNonExistingStudent" classname="sk.stuba.fei.uim.vsa.pr2.StudentResourceTest" time="1.365">
    <failure message="expected: &lt;true&gt; but was: &lt;false&gt;" type="org.opentest4j.AssertionFailedError"><![CDATA[org.opentest4j.AssertionFailedError: expected: <true> but was: <false>
	at sk.stuba.fei.uim.vsa.pr2.StudentResourceTest.shouldGetNotFoundForNonExistingStudent(StudentResourceTest.java:168)
]]></failure>
    <system-out><![CDATA[2023-05-27 11:26:14.445  INFO --- [           main] s.s.fei.uim.vsa.pr2.utils.ResourceTest   : Starting HTTP server for testing
2023-05-27 11:26:14.446  INFO --- [           main] s.s.fei.uim.vsa.pr2.Project2Application  : Starting Grizzly2 HTTP server...
2023-05-27 11:26:14.446  INFO --- [           main] s.s.fei.uim.vsa.pr2.Project2Application  : Server listening on http://docker-desktop:8080/api
2023-05-27 11:26:14.482  INFO --- [           main] org.reflections.Reflections              : Reflections took 18 ms to scan 2 urls, producing 28 keys and 69 values
2023-05-27 11:26:14.484  INFO --- [           main] .s.f.u.v.p.JAXRSApplicationConfiguration : Registered resource classes: [class sk.stuba.fei.uim.vsa.pr2.web.ThesesResource, class sk.stuba.fei.uim.vsa.pr2.web.StudentResource, class sk.stuba.fei.uim.vsa.pr2.web.TeacherResource]
2023-05-27 11:26:14.484  INFO --- [           main] .s.f.u.v.p.JAXRSApplicationConfiguration : Registered feature providers: [class sk.stuba.fei.uim.vsa.pr2.web.CORSFilter, class sk.stuba.fei.uim.vsa.pr2.auth.AuthenticationFilter, class sk.stuba.fei.uim.vsa.pr2.auth.AuthorizationFilter]
2023-05-27 11:26:14.579  INFO --- [           main] s.s.fei.uim.vsa.pr2.utils.ResourceTest   : Creating client for HTTP server
2023-05-27 11:26:14.581  INFO --- [           main] s.s.fei.uim.vsa.pr2.utils.ResourceTest   : Client created JerseyWebTarget { http://docker-desktop:8080/api }
[EL Fine]: server: 2023-05-27 11:26:14.795--Thread(Thread[main,5,main])--Configured server platform: org.eclipse.persistence.platform.server.NoServerPlatform
[EL Config]: metadata: 2023-05-27 11:26:14.869--ServerSession(1665209618)--Thread(Thread[main,5,main])--The access type for the persistent class [class sk.stuba.fei.uim.vsa.pr2.User.User] is set to [FIELD].
[EL Config]: metadata: 2023-05-27 11:26:14.883--ServerSession(1665209618)--Thread(Thread[main,5,main])--The access type for the persistent class [class sk.stuba.fei.uim.vsa.pr2.domain.Student] is set to [FIELD].
[EL Config]: metadata: 2023-05-27 11:26:14.889--ServerSession(1665209618)--Thread(Thread[main,5,main])--The target entity (reference) class for the one to one mapping element [field finalThesis] is being defaulted to: class sk.stuba.fei.uim.vsa.pr2.domain.FinalThesis.
[EL Config]: metadata: 2023-05-27 11:26:14.889--ServerSession(1665209618)--Thread(Thread[main,5,main])--The access type for the persistent class [class sk.stuba.fei.uim.vsa.pr2.domain.Educator] is set to [FIELD].
[EL Config]: metadata: 2023-05-27 11:26:14.893--ServerSession(1665209618)--Thread(Thread[main,5,main])--The target entity (reference) class for the one to many mapping element [field finalTheses] is being defaulted to: class sk.stuba.fei.uim.vsa.pr2.domain.FinalThesis.
[EL Config]: metadata: 2023-05-27 11:26:14.894--ServerSession(1665209618)--Thread(Thread[main,5,main])--The access type for the persistent class [class sk.stuba.fei.uim.vsa.pr2.domain.FinalThesis] is set to [FIELD].
[EL Config]: metadata: 2023-05-27 11:26:14.894--ServerSession(1665209618)--Thread(Thread[main,5,main])--The target entity (reference) class for the one to one mapping element [field student] is being defaulted to: class sk.stuba.fei.uim.vsa.pr2.domain.Student.
[EL Config]: metadata: 2023-05-27 11:26:14.894--ServerSession(1665209618)--Thread(Thread[main,5,main])--The target entity (reference) class for the many to one mapping element [field educator] is being defaulted to: class sk.stuba.fei.uim.vsa.pr2.domain.Educator.
[EL Config]: metadata: 2023-05-27 11:26:14.895--ServerSession(1665209618)--Thread(Thread[main,5,main])--The alias name for the entity class [class sk.stuba.fei.uim.vsa.pr2.User.User] is being defaulted to: User.
[EL Config]: metadata: 2023-05-27 11:26:14.903--ServerSession(1665209618)--Thread(Thread[main,5,main])--The column name for element [password] is being defaulted to: PASSWORD.
[EL Config]: metadata: 2023-05-27 11:26:14.903--ServerSession(1665209618)--Thread(Thread[main,5,main])--The column name for element [role] is being defaulted to: ROLE.
[EL Config]: metadata: 2023-05-27 11:26:14.905--ServerSession(1665209618)--Thread(Thread[main,5,main])--The column name for element [id] is being defaulted to: ID.
[EL Config]: metadata: 2023-05-27 11:26:14.905--ServerSession(1665209618)--Thread(Thread[main,5,main])--The column name for element [email] is being defaulted to: EMAIL.
[EL Config]: metadata: 2023-05-27 11:26:14.905--ServerSession(1665209618)--Thread(Thread[main,5,main])--The alias name for the entity class [class sk.stuba.fei.uim.vsa.pr2.domain.Student] is being defaulted to: Student.
[EL Config]: metadata: 2023-05-27 11:26:14.906--ServerSession(1665209618)--Thread(Thread[main,5,main])--The table name for entity [class sk.stuba.fei.uim.vsa.pr2.domain.Student] is being defaulted to: STUDENT.
[EL Config]: metadata: 2023-05-27 11:26:14.907--ServerSession(1665209618)--Thread(Thread[main,5,main])--The column name for element [password] is being defaulted to: PASSWORD.
[EL Config]: metadata: 2023-05-27 11:26:14.907--ServerSession(1665209618)--Thread(Thread[main,5,main])--The column name for element [year] is being defaulted to: YEAR.
[EL Config]: metadata: 2023-05-27 11:26:14.907--ServerSession(1665209618)--Thread(Thread[main,5,main])--The column name for element [name] is being defaulted to: NAME.
[EL Config]: metadata: 2023-05-27 11:26:14.907--ServerSession(1665209618)--Thread(Thread[main,5,main])--The column name for element [term] is being defaulted to: TERM.
[EL Config]: metadata: 2023-05-27 11:26:14.907--ServerSession(1665209618)--Thread(Thread[main,5,main])--The column name for element [id] is being defaulted to: ID.
[EL Config]: metadata: 2023-05-27 11:26:14.908--ServerSession(1665209618)--Thread(Thread[main,5,main])--The column name for element [programme] is being defaulted to: PROGRAMME.
[EL Config]: metadata: 2023-05-27 11:26:14.908--ServerSession(1665209618)--Thread(Thread[main,5,main])--The column name for element [aisId] is being defaulted to: AISID.
[EL Config]: metadata: 2023-05-27 11:26:14.908--ServerSession(1665209618)--Thread(Thread[main,5,main])--The column name for element [email] is being defaulted to: EMAIL.
[EL Config]: metadata: 2023-05-27 11:26:14.908--ServerSession(1665209618)--Thread(Thread[main,5,main])--The alias name for the entity class [class sk.stuba.fei.uim.vsa.pr2.domain.Educator] is being defaulted to: Educator.
[EL Config]: metadata: 2023-05-27 11:26:14.908--ServerSession(1665209618)--Thread(Thread[main,5,main])--The table name for entity [class sk.stuba.fei.uim.vsa.pr2.domain.Educator] is being defaulted to: EDUCATOR.
[EL Config]: metadata: 2023-05-27 11:26:14.908--ServerSession(1665209618)--Thread(Thread[main,5,main])--The column name for element [password] is being defaulted to: PASSWORD.
[EL Config]: metadata: 2023-05-27 11:26:14.908--ServerSession(1665209618)--Thread(Thread[main,5,main])--The column name for element [name] is being defaulted to: NAME.
[EL Config]: metadata: 2023-05-27 11:26:14.909--ServerSession(1665209618)--Thread(Thread[main,5,main])--The column name for element [institute] is being defaulted to: INSTITUTE.
[EL Config]: metadata: 2023-05-27 11:26:14.909--ServerSession(1665209618)--Thread(Thread[main,5,main])--The column name for element [id] is being defaulted to: ID.
[EL Config]: metadata: 2023-05-27 11:26:14.909--ServerSession(1665209618)--Thread(Thread[main,5,main])--The column name for element [department] is being defaulted to: DEPARTMENT.
[EL Config]: metadata: 2023-05-27 11:26:14.909--ServerSession(1665209618)--Thread(Thread[main,5,main])--The column name for element [aisId] is being defaulted to: AISID.
[EL Config]: metadata: 2023-05-27 11:26:14.909--ServerSession(1665209618)--Thread(Thread[main,5,main])--The column name for element [email] is being defaulted to: EMAIL.
[EL Config]: metadata: 2023-05-27 11:26:14.909--ServerSession(1665209618)--Thread(Thread[main,5,main])--The alias name for the entity class [class sk.stuba.fei.uim.vsa.pr2.domain.FinalThesis] is being defaulted to: FinalThesis.
[EL Config]: metadata: 2023-05-27 11:26:14.91--ServerSession(1665209618)--Thread(Thread[main,5,main])--The table name for entity [class sk.stuba.fei.uim.vsa.pr2.domain.FinalThesis] is being defaulted to: FINALTHESIS.
[EL Config]: metadata: 2023-05-27 11:26:14.91--ServerSession(1665209618)--Thread(Thread[main,5,main])--The column name for element [registrationNumber] is being defaulted to: REGISTRATIONNUMBER.
[EL Config]: metadata: 2023-05-27 11:26:14.91--ServerSession(1665209618)--Thread(Thread[main,5,main])--The column name for element [description] is being defaulted to: DESCRIPTION.
[EL Config]: metadata: 2023-05-27 11:26:14.91--ServerSession(1665209618)--Thread(Thread[main,5,main])--The column name for element [institute] is being defaulted to: INSTITUTE.
[EL Config]: metadata: 2023-05-27 11:26:14.91--ServerSession(1665209618)--Thread(Thread[main,5,main])--The column name for element [id] is being defaulted to: ID.
[EL Config]: metadata: 2023-05-27 11:26:14.91--ServerSession(1665209618)--Thread(Thread[main,5,main])--The column name for element [title] is being defaulted to: TITLE.
[EL Config]: metadata: 2023-05-27 11:26:14.91--ServerSession(1665209618)--Thread(Thread[main,5,main])--The column name for element [type] is being defaulted to: TYPE.
[EL Config]: metadata: 2023-05-27 11:26:14.911--ServerSession(1665209618)--Thread(Thread[main,5,main])--The column name for element [department] is being defaulted to: DEPARTMENT.
[EL Config]: metadata: 2023-05-27 11:26:14.911--ServerSession(1665209618)--Thread(Thread[main,5,main])--The column name for element [publicationDate] is being defaulted to: PUBLICATIONDATE.
[EL Config]: metadata: 2023-05-27 11:26:14.912--ServerSession(1665209618)--Thread(Thread[main,5,main])--The column name for element [submissionDeadline] is being defaulted to: SUBMISSIONDEADLINE.
[EL Config]: metadata: 2023-05-27 11:26:14.912--ServerSession(1665209618)--Thread(Thread[main,5,main])--The column name for element [status] is being defaulted to: STATUS.
[EL Config]: metadata: 2023-05-27 11:26:14.922--ServerSession(1665209618)--Thread(Thread[main,5,main])--The primary key column name for the mapping element [field student] is being defaulted to: ID.
[EL Config]: metadata: 2023-05-27 11:26:14.922--ServerSession(1665209618)--Thread(Thread[main,5,main])--The foreign key column name for the mapping element [student] is being defaulted to: STUDENT_ID.
[EL Config]: metadata: 2023-05-27 11:26:14.923--ServerSession(1665209618)--Thread(Thread[main,5,main])--The primary key column name for the mapping element [field educator] is being defaulted to: ID.
[EL Config]: metadata: 2023-05-27 11:26:14.923--ServerSession(1665209618)--Thread(Thread[main,5,main])--The foreign key column name for the mapping element [educator] is being defaulted to: EDUCATOR_ID.
[EL Info]: 2023-05-27 11:26:15.058--ServerSession(1665209618)--Thread(Thread[main,5,main])--EclipseLink, version: Eclipse Persistence Services - 2.7.10.v20211216-fe64cd39c3
[EL Fine]: connection: 2023-05-27 11:26:15.063--ServerSession(1665209618)--Connection(317053574)--Thread(Thread[main,5,main])--connecting(DatabaseLogin(
	platform=>PostgreSQLPlatform
	user name=> "vsa"
	datasource URL=> "jdbc:postgresql://localhost:5432/vsa_pr2_marko123701"
))
[EL Config]: connection: 2023-05-27 11:26:15.093--ServerSession(1665209618)--Connection(117052390)--Thread(Thread[main,5,main])--Connected: jdbc:postgresql://localhost:5432/vsa_pr2_marko123701
	User: vsa
	Database: PostgreSQL  Version: 15.2 (Debian 15.2-1.pgdg110+1)
	Driver: PostgreSQL JDBC Driver  Version: 42.5.4
[EL Fine]: connection: 2023-05-27 11:26:15.17--ServerSession(1665209618)--Thread(Thread[main,5,main])--/file:/tested--b-vsa-ls23-projekt-2/target/classes/_vsa-project-2 login successful
[EL Fine]: sql: 2023-05-27 11:26:15.183--ServerSession(1665209618)--Connection(117052390)--Thread(Thread[main,5,main])--ALTER TABLE FINALTHESIS DROP CONSTRAINT FK_FINALTHESIS_STUDENT_ID
[EL Fine]: sql: 2023-05-27 11:26:15.193--ServerSession(1665209618)--Thread(Thread[main,5,main])--SELECT 1
[EL Warning]: 2023-05-27 11:26:15.201--ServerSession(1665209618)--Thread(Thread[main,5,main])--Exception [EclipseLink-4002] (Eclipse Persistence Services - 2.7.10.v20211216-fe64cd39c3): org.eclipse.persistence.exceptions.DatabaseException
Internal Exception: org.postgresql.util.PSQLException: ERROR: relation "finalthesis" does not exist
Error Code: 0
Call: ALTER TABLE FINALTHESIS DROP CONSTRAINT FK_FINALTHESIS_STUDENT_ID
Query: DataModifyQuery(sql="ALTER TABLE FINALTHESIS DROP CONSTRAINT FK_FINALTHESIS_STUDENT_ID")
[EL Fine]: sql: 2023-05-27 11:26:15.202--ServerSession(1665209618)--Connection(117052390)--Thread(Thread[main,5,main])--ALTER TABLE FINALTHESIS DROP CONSTRAINT FK_FINALTHESIS_EDUCATOR_ID
[EL Fine]: sql: 2023-05-27 11:26:15.202--ServerSession(1665209618)--Thread(Thread[main,5,main])--SELECT 1
[EL Warning]: 2023-05-27 11:26:15.203--ServerSession(1665209618)--Thread(Thread[main,5,main])--Exception [EclipseLink-4002] (Eclipse Persistence Services - 2.7.10.v20211216-fe64cd39c3): org.eclipse.persistence.exceptions.DatabaseException
Internal Exception: org.postgresql.util.PSQLException: ERROR: relation "finalthesis" does not exist
Error Code: 0
Call: ALTER TABLE FINALTHESIS DROP CONSTRAINT FK_FINALTHESIS_EDUCATOR_ID
Query: DataModifyQuery(sql="ALTER TABLE FINALTHESIS DROP CONSTRAINT FK_FINALTHESIS_EDUCATOR_ID")
[EL Fine]: sql: 2023-05-27 11:26:15.203--ServerSession(1665209618)--Connection(117052390)--Thread(Thread[main,5,main])--DROP TABLE STUDENT CASCADE
[EL Fine]: sql: 2023-05-27 11:26:15.204--ServerSession(1665209618)--Thread(Thread[main,5,main])--SELECT 1
[EL Warning]: 2023-05-27 11:26:15.204--ServerSession(1665209618)--Thread(Thread[main,5,main])--Exception [EclipseLink-4002] (Eclipse Persistence Services - 2.7.10.v20211216-fe64cd39c3): org.eclipse.persistence.exceptions.DatabaseException
Internal Exception: org.postgresql.util.PSQLException: ERROR: table "student" does not exist
Error Code: 0
Call: DROP TABLE STUDENT CASCADE
Query: DataModifyQuery(sql="DROP TABLE STUDENT CASCADE")
[EL Fine]: sql: 2023-05-27 11:26:15.204--ServerSession(1665209618)--Connection(117052390)--Thread(Thread[main,5,main])--DROP TABLE EDUCATOR CASCADE
[EL Fine]: sql: 2023-05-27 11:26:15.205--ServerSession(1665209618)--Thread(Thread[main,5,main])--SELECT 1
[EL Warning]: 2023-05-27 11:26:15.205--ServerSession(1665209618)--Thread(Thread[main,5,main])--Exception [EclipseLink-4002] (Eclipse Persistence Services - 2.7.10.v20211216-fe64cd39c3): org.eclipse.persistence.exceptions.DatabaseException
Internal Exception: org.postgresql.util.PSQLException: ERROR: table "educator" does not exist
Error Code: 0
Call: DROP TABLE EDUCATOR CASCADE
Query: DataModifyQuery(sql="DROP TABLE EDUCATOR CASCADE")
[EL Fine]: sql: 2023-05-27 11:26:15.206--ServerSession(1665209618)--Connection(117052390)--Thread(Thread[main,5,main])--DROP TABLE FINALTHESIS CASCADE
[EL Fine]: sql: 2023-05-27 11:26:15.206--ServerSession(1665209618)--Thread(Thread[main,5,main])--SELECT 1
[EL Warning]: 2023-05-27 11:26:15.207--ServerSession(1665209618)--Thread(Thread[main,5,main])--Exception [EclipseLink-4002] (Eclipse Persistence Services - 2.7.10.v20211216-fe64cd39c3): org.eclipse.persistence.exceptions.DatabaseException
Internal Exception: org.postgresql.util.PSQLException: ERROR: table "finalthesis" does not exist
Error Code: 0
Call: DROP TABLE FINALTHESIS CASCADE
Query: DataModifyQuery(sql="DROP TABLE FINALTHESIS CASCADE")
[EL Fine]: sql: 2023-05-27 11:26:15.207--ServerSession(1665209618)--Connection(117052390)--Thread(Thread[main,5,main])--DROP TABLE vsa_user CASCADE
[EL Fine]: sql: 2023-05-27 11:26:15.207--ServerSession(1665209618)--Thread(Thread[main,5,main])--SELECT 1
[EL Warning]: 2023-05-27 11:26:15.208--ServerSession(1665209618)--Thread(Thread[main,5,main])--Exception [EclipseLink-4002] (Eclipse Persistence Services - 2.7.10.v20211216-fe64cd39c3): org.eclipse.persistence.exceptions.DatabaseException
Internal Exception: org.postgresql.util.PSQLException: ERROR: table "vsa_user" does not exist
Error Code: 0
Call: DROP TABLE vsa_user CASCADE
Query: DataModifyQuery(sql="DROP TABLE vsa_user CASCADE")
[EL Fine]: sql: 2023-05-27 11:26:15.208--ServerSession(1665209618)--Connection(117052390)--Thread(Thread[main,5,main])--DROP TABLE STUDENT CASCADE
[EL Fine]: sql: 2023-05-27 11:26:15.209--ServerSession(1665209618)--Thread(Thread[main,5,main])--SELECT 1
[EL Warning]: 2023-05-27 11:26:15.209--ServerSession(1665209618)--Thread(Thread[main,5,main])--Exception [EclipseLink-4002] (Eclipse Persistence Services - 2.7.10.v20211216-fe64cd39c3): org.eclipse.persistence.exceptions.DatabaseException
Internal Exception: org.postgresql.util.PSQLException: ERROR: table "student" does not exist
Error Code: 0
Call: DROP TABLE STUDENT CASCADE
Query: DataModifyQuery(sql="DROP TABLE STUDENT CASCADE")
[EL Fine]: sql: 2023-05-27 11:26:15.21--ServerSession(1665209618)--Connection(117052390)--Thread(Thread[main,5,main])--DROP TABLE EDUCATOR CASCADE
[EL Fine]: sql: 2023-05-27 11:26:15.21--ServerSession(1665209618)--Thread(Thread[main,5,main])--SELECT 1
[EL Warning]: 2023-05-27 11:26:15.21--ServerSession(1665209618)--Thread(Thread[main,5,main])--Exception [EclipseLink-4002] (Eclipse Persistence Services - 2.7.10.v20211216-fe64cd39c3): org.eclipse.persistence.exceptions.DatabaseException
Internal Exception: org.postgresql.util.PSQLException: ERROR: table "educator" does not exist
Error Code: 0
Call: DROP TABLE EDUCATOR CASCADE
Query: DataModifyQuery(sql="DROP TABLE EDUCATOR CASCADE")
[EL Fine]: sql: 2023-05-27 11:26:15.211--ServerSession(1665209618)--Connection(117052390)--Thread(Thread[main,5,main])--DROP TABLE FINALTHESIS CASCADE
[EL Fine]: sql: 2023-05-27 11:26:15.211--ServerSession(1665209618)--Thread(Thread[main,5,main])--SELECT 1
[EL Warning]: 2023-05-27 11:26:15.211--ServerSession(1665209618)--Thread(Thread[main,5,main])--Exception [EclipseLink-4002] (Eclipse Persistence Services - 2.7.10.v20211216-fe64cd39c3): org.eclipse.persistence.exceptions.DatabaseException
Internal Exception: org.postgresql.util.PSQLException: ERROR: table "finalthesis" does not exist
Error Code: 0
Call: DROP TABLE FINALTHESIS CASCADE
Query: DataModifyQuery(sql="DROP TABLE FINALTHESIS CASCADE")
[EL Fine]: sql: 2023-05-27 11:26:15.212--ServerSession(1665209618)--Connection(117052390)--Thread(Thread[main,5,main])--DROP TABLE vsa_user CASCADE
[EL Fine]: sql: 2023-05-27 11:26:15.212--ServerSession(1665209618)--Thread(Thread[main,5,main])--SELECT 1
[EL Warning]: 2023-05-27 11:26:15.213--ServerSession(1665209618)--Thread(Thread[main,5,main])--Exception [EclipseLink-4002] (Eclipse Persistence Services - 2.7.10.v20211216-fe64cd39c3): org.eclipse.persistence.exceptions.DatabaseException
Internal Exception: org.postgresql.util.PSQLException: ERROR: table "vsa_user" does not exist
Error Code: 0
Call: DROP TABLE vsa_user CASCADE
Query: DataModifyQuery(sql="DROP TABLE vsa_user CASCADE")
[EL Fine]: sql: 2023-05-27 11:26:15.213--ServerSession(1665209618)--Connection(117052390)--Thread(Thread[main,5,main])--DROP TABLE STUDENT CASCADE
[EL Fine]: sql: 2023-05-27 11:26:15.214--ServerSession(1665209618)--Thread(Thread[main,5,main])--SELECT 1
[EL Warning]: 2023-05-27 11:26:15.214--ServerSession(1665209618)--Thread(Thread[main,5,main])--Exception [EclipseLink-4002] (Eclipse Persistence Services - 2.7.10.v20211216-fe64cd39c3): org.eclipse.persistence.exceptions.DatabaseException
Internal Exception: org.postgresql.util.PSQLException: ERROR: table "student" does not exist
Error Code: 0
Call: DROP TABLE STUDENT CASCADE
Query: DataModifyQuery(sql="DROP TABLE STUDENT CASCADE")
[EL Fine]: sql: 2023-05-27 11:26:15.214--ServerSession(1665209618)--Connection(117052390)--Thread(Thread[main,5,main])--DROP TABLE EDUCATOR CASCADE
[EL Fine]: sql: 2023-05-27 11:26:15.215--ServerSession(1665209618)--Thread(Thread[main,5,main])--SELECT 1
[EL Warning]: 2023-05-27 11:26:15.215--ServerSession(1665209618)--Thread(Thread[main,5,main])--Exception [EclipseLink-4002] (Eclipse Persistence Services - 2.7.10.v20211216-fe64cd39c3): org.eclipse.persistence.exceptions.DatabaseException
Internal Exception: org.postgresql.util.PSQLException: ERROR: table "educator" does not exist
Error Code: 0
Call: DROP TABLE EDUCATOR CASCADE
Query: DataModifyQuery(sql="DROP TABLE EDUCATOR CASCADE")
[EL Fine]: sql: 2023-05-27 11:26:15.216--ServerSession(1665209618)--Connection(117052390)--Thread(Thread[main,5,main])--DROP TABLE FINALTHESIS CASCADE
[EL Fine]: sql: 2023-05-27 11:26:15.216--ServerSession(1665209618)--Thread(Thread[main,5,main])--SELECT 1
[EL Warning]: 2023-05-27 11:26:15.217--ServerSession(1665209618)--Thread(Thread[main,5,main])--Exception [EclipseLink-4002] (Eclipse Persistence Services - 2.7.10.v20211216-fe64cd39c3): org.eclipse.persistence.exceptions.DatabaseException
Internal Exception: org.postgresql.util.PSQLException: ERROR: table "finalthesis" does not exist
Error Code: 0
Call: DROP TABLE FINALTHESIS CASCADE
Query: DataModifyQuery(sql="DROP TABLE FINALTHESIS CASCADE")
[EL Fine]: sql: 2023-05-27 11:26:15.217--ServerSession(1665209618)--Connection(117052390)--Thread(Thread[main,5,main])--DROP TABLE vsa_user CASCADE
[EL Fine]: sql: 2023-05-27 11:26:15.217--ServerSession(1665209618)--Thread(Thread[main,5,main])--SELECT 1
[EL Warning]: 2023-05-27 11:26:15.218--ServerSession(1665209618)--Thread(Thread[main,5,main])--Exception [EclipseLink-4002] (Eclipse Persistence Services - 2.7.10.v20211216-fe64cd39c3): org.eclipse.persistence.exceptions.DatabaseException
Internal Exception: org.postgresql.util.PSQLException: ERROR: table "vsa_user" does not exist
Error Code: 0
Call: DROP TABLE vsa_user CASCADE
Query: DataModifyQuery(sql="DROP TABLE vsa_user CASCADE")
[EL Fine]: sql: 2023-05-27 11:26:15.218--ServerSession(1665209618)--Connection(117052390)--Thread(Thread[main,5,main])--DROP TABLE STUDENT CASCADE
[EL Fine]: sql: 2023-05-27 11:26:15.219--ServerSession(1665209618)--Thread(Thread[main,5,main])--SELECT 1
[EL Warning]: 2023-05-27 11:26:15.219--ServerSession(1665209618)--Thread(Thread[main,5,main])--Exception [EclipseLink-4002] (Eclipse Persistence Services - 2.7.10.v20211216-fe64cd39c3): org.eclipse.persistence.exceptions.DatabaseException
Internal Exception: org.postgresql.util.PSQLException: ERROR: table "student" does not exist
Error Code: 0
Call: DROP TABLE STUDENT CASCADE
Query: DataModifyQuery(sql="DROP TABLE STUDENT CASCADE")
[EL Fine]: sql: 2023-05-27 11:26:15.219--ServerSession(1665209618)--Connection(117052390)--Thread(Thread[main,5,main])--DROP TABLE EDUCATOR CASCADE
[EL Fine]: sql: 2023-05-27 11:26:15.22--ServerSession(1665209618)--Thread(Thread[main,5,main])--SELECT 1
[EL Warning]: 2023-05-27 11:26:15.22--ServerSession(1665209618)--Thread(Thread[main,5,main])--Exception [EclipseLink-4002] (Eclipse Persistence Services - 2.7.10.v20211216-fe64cd39c3): org.eclipse.persistence.exceptions.DatabaseException
Internal Exception: org.postgresql.util.PSQLException: ERROR: table "educator" does not exist
Error Code: 0
Call: DROP TABLE EDUCATOR CASCADE
Query: DataModifyQuery(sql="DROP TABLE EDUCATOR CASCADE")
[EL Fine]: sql: 2023-05-27 11:26:15.22--ServerSession(1665209618)--Connection(117052390)--Thread(Thread[main,5,main])--DROP TABLE FINALTHESIS CASCADE
[EL Fine]: sql: 2023-05-27 11:26:15.221--ServerSession(1665209618)--Thread(Thread[main,5,main])--SELECT 1
[EL Warning]: 2023-05-27 11:26:15.221--ServerSession(1665209618)--Thread(Thread[main,5,main])--Exception [EclipseLink-4002] (Eclipse Persistence Services - 2.7.10.v20211216-fe64cd39c3): org.eclipse.persistence.exceptions.DatabaseException
Internal Exception: org.postgresql.util.PSQLException: ERROR: table "finalthesis" does not exist
Error Code: 0
Call: DROP TABLE FINALTHESIS CASCADE
Query: DataModifyQuery(sql="DROP TABLE FINALTHESIS CASCADE")
[EL Fine]: sql: 2023-05-27 11:26:15.221--ServerSession(1665209618)--Connection(117052390)--Thread(Thread[main,5,main])--DROP TABLE vsa_user CASCADE
[EL Fine]: sql: 2023-05-27 11:26:15.222--ServerSession(1665209618)--Thread(Thread[main,5,main])--SELECT 1
[EL Warning]: 2023-05-27 11:26:15.222--ServerSession(1665209618)--Thread(Thread[main,5,main])--Exception [EclipseLink-4002] (Eclipse Persistence Services - 2.7.10.v20211216-fe64cd39c3): org.eclipse.persistence.exceptions.DatabaseException
Internal Exception: org.postgresql.util.PSQLException: ERROR: table "vsa_user" does not exist
Error Code: 0
Call: DROP TABLE vsa_user CASCADE
Query: DataModifyQuery(sql="DROP TABLE vsa_user CASCADE")
[EL Fine]: sql: 2023-05-27 11:26:15.222--ServerSession(1665209618)--Connection(117052390)--Thread(Thread[main,5,main])--DROP TABLE STUDENT CASCADE
[EL Fine]: sql: 2023-05-27 11:26:15.223--ServerSession(1665209618)--Thread(Thread[main,5,main])--SELECT 1
[EL Warning]: 2023-05-27 11:26:15.223--ServerSession(1665209618)--Thread(Thread[main,5,main])--Exception [EclipseLink-4002] (Eclipse Persistence Services - 2.7.10.v20211216-fe64cd39c3): org.eclipse.persistence.exceptions.DatabaseException
Internal Exception: org.postgresql.util.PSQLException: ERROR: table "student" does not exist
Error Code: 0
Call: DROP TABLE STUDENT CASCADE
Query: DataModifyQuery(sql="DROP TABLE STUDENT CASCADE")
[EL Fine]: sql: 2023-05-27 11:26:15.223--ServerSession(1665209618)--Connection(117052390)--Thread(Thread[main,5,main])--DROP TABLE EDUCATOR CASCADE
[EL Fine]: sql: 2023-05-27 11:26:15.224--ServerSession(1665209618)--Thread(Thread[main,5,main])--SELECT 1
[EL Warning]: 2023-05-27 11:26:15.224--ServerSession(1665209618)--Thread(Thread[main,5,main])--Exception [EclipseLink-4002] (Eclipse Persistence Services - 2.7.10.v20211216-fe64cd39c3): org.eclipse.persistence.exceptions.DatabaseException
Internal Exception: org.postgresql.util.PSQLException: ERROR: table "educator" does not exist
Error Code: 0
Call: DROP TABLE EDUCATOR CASCADE
Query: DataModifyQuery(sql="DROP TABLE EDUCATOR CASCADE")
[EL Fine]: sql: 2023-05-27 11:26:15.224--ServerSession(1665209618)--Connection(117052390)--Thread(Thread[main,5,main])--DROP TABLE FINALTHESIS CASCADE
[EL Fine]: sql: 2023-05-27 11:26:15.225--ServerSession(1665209618)--Thread(Thread[main,5,main])--SELECT 1
[EL Warning]: 2023-05-27 11:26:15.225--ServerSession(1665209618)--Thread(Thread[main,5,main])--Exception [EclipseLink-4002] (Eclipse Persistence Services - 2.7.10.v20211216-fe64cd39c3): org.eclipse.persistence.exceptions.DatabaseException
Internal Exception: org.postgresql.util.PSQLException: ERROR: table "finalthesis" does not exist
Error Code: 0
Call: DROP TABLE FINALTHESIS CASCADE
Query: DataModifyQuery(sql="DROP TABLE FINALTHESIS CASCADE")
[EL Fine]: sql: 2023-05-27 11:26:15.226--ServerSession(1665209618)--Connection(117052390)--Thread(Thread[main,5,main])--DROP TABLE vsa_user CASCADE
[EL Fine]: sql: 2023-05-27 11:26:15.226--ServerSession(1665209618)--Thread(Thread[main,5,main])--SELECT 1
[EL Warning]: 2023-05-27 11:26:15.227--ServerSession(1665209618)--Thread(Thread[main,5,main])--Exception [EclipseLink-4002] (Eclipse Persistence Services - 2.7.10.v20211216-fe64cd39c3): org.eclipse.persistence.exceptions.DatabaseException
Internal Exception: org.postgresql.util.PSQLException: ERROR: table "vsa_user" does not exist
Error Code: 0
Call: DROP TABLE vsa_user CASCADE
Query: DataModifyQuery(sql="DROP TABLE vsa_user CASCADE")
[EL Fine]: sql: 2023-05-27 11:26:15.23--ServerSession(1665209618)--Connection(117052390)--Thread(Thread[main,5,main])--DELETE FROM SEQUENCE WHERE SEQ_NAME = 'SEQ_GEN'
[EL Fine]: sql: 2023-05-27 11:26:15.23--ServerSession(1665209618)--Thread(Thread[main,5,main])--SELECT 1
[EL Warning]: 2023-05-27 11:26:15.231--ServerSession(1665209618)--Thread(Thread[main,5,main])--Exception [EclipseLink-4002] (Eclipse Persistence Services - 2.7.10.v20211216-fe64cd39c3): org.eclipse.persistence.exceptions.DatabaseException
Internal Exception: org.postgresql.util.PSQLException: ERROR: relation "sequence" does not exist
  Position: 13
Error Code: 0
Call: DELETE FROM SEQUENCE WHERE SEQ_NAME = 'SEQ_GEN'
Query: DataModifyQuery(sql="DELETE FROM SEQUENCE WHERE SEQ_NAME = 'SEQ_GEN'")
[EL Fine]: sql: 2023-05-27 11:26:15.233--ServerSession(1665209618)--Connection(117052390)--Thread(Thread[main,5,main])--CREATE TABLE STUDENT (ID  SERIAL NOT NULL, AISID BIGINT NOT NULL, EMAIL VARCHAR(255) NOT NULL UNIQUE, NAME VARCHAR(255) NOT NULL, PASSWORD VARCHAR(255) NOT NULL, PROGRAMME VARCHAR(255) NOT NULL, TERM INTEGER NOT NULL, YEAR INTEGER NOT NULL, PRIMARY KEY (ID))
[EL Fine]: sql: 2023-05-27 11:26:15.256--ServerSession(1665209618)--Connection(117052390)--Thread(Thread[main,5,main])--CREATE TABLE EDUCATOR (ID  SERIAL NOT NULL, AISID BIGINT NOT NULL, DEPARTMENT VARCHAR(255) NOT NULL, EMAIL VARCHAR(255) NOT NULL UNIQUE, INSTITUTE VARCHAR(255) NOT NULL, NAME VARCHAR(255) NOT NULL, PASSWORD VARCHAR(255) NOT NULL, PRIMARY KEY (ID))
[EL Fine]: sql: 2023-05-27 11:26:15.273--ServerSession(1665209618)--Connection(117052390)--Thread(Thread[main,5,main])--CREATE TABLE FINALTHESIS (ID  SERIAL NOT NULL, DEPARTMENT VARCHAR(255), DESCRIPTION VARCHAR(255), INSTITUTE VARCHAR(255), PUBLICATIONDATE DATE NOT NULL, REGISTRATIONNUMBER VARCHAR(255) NOT NULL UNIQUE, STATUS VARCHAR(255) NOT NULL, SUBMISSIONDEADLINE DATE NOT NULL, TITLE VARCHAR(255) NOT NULL, TYPE VARCHAR(255) NOT NULL, EDUCATOR_ID BIGINT, STUDENT_ID BIGINT, PRIMARY KEY (ID))
[EL Fine]: sql: 2023-05-27 11:26:15.29--ServerSession(1665209618)--Connection(117052390)--Thread(Thread[main,5,main])--CREATE TABLE vsa_user (ID BIGINT NOT NULL, EMAIL VARCHAR(255) NOT NULL UNIQUE, PASSWORD VARCHAR(255) NOT NULL, ROLE VARCHAR(255), PRIMARY KEY (ID))
[EL Fine]: sql: 2023-05-27 11:26:15.303--ServerSession(1665209618)--Connection(117052390)--Thread(Thread[main,5,main])--ALTER TABLE FINALTHESIS ADD CONSTRAINT FK_FINALTHESIS_STUDENT_ID FOREIGN KEY (STUDENT_ID) REFERENCES STUDENT (ID)
[EL Fine]: sql: 2023-05-27 11:26:15.306--ServerSession(1665209618)--Connection(117052390)--Thread(Thread[main,5,main])--ALTER TABLE FINALTHESIS ADD CONSTRAINT FK_FINALTHESIS_EDUCATOR_ID FOREIGN KEY (EDUCATOR_ID) REFERENCES EDUCATOR (ID)
[EL Fine]: sql: 2023-05-27 11:26:15.309--ServerSession(1665209618)--Connection(117052390)--Thread(Thread[main,5,main])--CREATE TABLE SEQUENCE (SEQ_NAME VARCHAR(50) NOT NULL, SEQ_COUNT DECIMAL(38), PRIMARY KEY (SEQ_NAME))
[EL Fine]: sql: 2023-05-27 11:26:15.315--ServerSession(1665209618)--Connection(117052390)--Thread(Thread[main,5,main])--SELECT * FROM SEQUENCE WHERE SEQ_NAME = 'SEQ_GEN'
[EL Fine]: sql: 2023-05-27 11:26:15.317--ServerSession(1665209618)--Connection(117052390)--Thread(Thread[main,5,main])--INSERT INTO SEQUENCE(SEQ_NAME, SEQ_COUNT) values ('SEQ_GEN', 0)
[EL Fine]: moxy: 2023-05-27 11:26:15.553--Thread(Thread[main,5,main])--MOXyJsonProvider.writeTo(...) is called.
[EL Fine]: moxy: 2023-05-27 11:26:15.567--Thread(Thread[main,5,main])--Setting marshaller property (name/value): jaxb.formatted.output/false
[EL Fine]: moxy: 2023-05-27 11:26:15.568--Thread(Thread[main,5,main])--Setting marshaller property (name/value): eclipselink.media-type/application/json
[EL Fine]: moxy: 2023-05-27 11:26:15.568--Thread(Thread[main,5,main])--Setting marshaller property (name/value): eclipselink.json.attribute-prefix/null
[EL Fine]: moxy: 2023-05-27 11:26:15.568--Thread(Thread[main,5,main])--Setting marshaller property (name/value): eclipselink.json.include-root/false
[EL Fine]: moxy: 2023-05-27 11:26:15.568--Thread(Thread[main,5,main])--Setting marshaller property (name/value): eclipselink.json.marshal-empty-collections/true
[EL Fine]: moxy: 2023-05-27 11:26:15.568--Thread(Thread[main,5,main])--Setting marshaller property (name/value): eclipselink.json.namespace-separator/.
[EL Fine]: moxy: 2023-05-27 11:26:15.568--Thread(Thread[main,5,main])--Setting marshaller property (name/value): eclipselink.json.wrapper-as-array-name/false
[EL Fine]: moxy: 2023-05-27 11:26:15.568--Thread(Thread[main,5,main])--Setting marshaller property (name/value): eclipselink.namespace-prefix-mapper/null
[EL Fine]: moxy: 2023-05-27 11:26:15.568--Thread(Thread[main,5,main])--Setting marshaller property (name/value): jaxb.formatted.output/false
[EL Fine]: moxy: 2023-05-27 11:26:15.568--Thread(Thread[main,5,main])--Setting marshaller property (name/value): eclipselink.json.namespace-separator/.
[EL Fine]: moxy: 2023-05-27 11:26:15.568--Thread(Thread[main,5,main])--Setting marshaller property (name/value): eclipselink.json.include-root/false
[EL Fine]: moxy: 2023-05-27 11:26:15.568--Thread(Thread[main,5,main])--Setting marshaller property (name/value): eclipselink.json.marshal-empty-collections/true
[EL Fine]: moxy: 2023-05-27 11:26:15.57--Thread(Thread[main,5,main])--Marshalling "sk.stuba.fei.uim.vsa.pr2.model.dto.request.CreateStudentRequest" into APPLICATION_JSON started
[EL Fine]: moxy: 2023-05-27 11:26:15.577--Thread(Thread[grizzly-http-server-0,5,main])--SAXParserFactory instance: com.sun.org.apache.xerces.internal.jaxp.SAXParserFactoryImpl@2d5160f5
[EL Fine]: moxy: 2023-05-27 11:26:15.58--Thread(Thread[grizzly-http-server-0,5,main])--SAXParserFactory instance: com.sun.org.apache.xerces.internal.jaxp.SAXParserFactoryImpl@fdab68c
2023-05-27 11:26:15.644  INFO --- [y-http-server-0] s.s.fei.uim.vsa.pr2.web.StudentResource  : password: password
[EL Fine]: sql: 2023-05-27 11:26:16.253--ServerSession(1665209618)--Connection(117052390)--Thread(Thread[grizzly-http-server-0,5,main])--SELECT COUNT(ID) FROM STUDENT WHERE (EMAIL = ?)
	bind => [xstudent@stuba.sk]
[EL Fine]: sql: 2023-05-27 11:26:16.256--ServerSession(1665209618)--Connection(117052390)--Thread(Thread[grizzly-http-server-0,5,main])--SELECT COUNT(ID) FROM STUDENT WHERE (AISID = ?)
	bind => [70127]
[EL Fine]: sql: 2023-05-27 11:26:16.261--ClientSession(45093052)--Connection(117052390)--Thread(Thread[grizzly-http-server-0,5,main])--INSERT INTO STUDENT (AISID, EMAIL, NAME, PASSWORD, PROGRAMME, TERM, YEAR) VALUES (?, ?, ?, ?, ?, ?, ?)
	bind => [70127, xstudent@stuba.sk, Test Student, $2a$13$52Im44rJlik3wOFUgbmjIeMRbV1dcMZ.LPDM.MqAtt8U2UP6WCmZS, API, 18, 8]
[EL Fine]: sql: 2023-05-27 11:26:16.262--ClientSession(45093052)--Connection(117052390)--Thread(Thread[grizzly-http-server-0,5,main])--select lastval()
[EL Fine]: moxy: 2023-05-27 11:26:16.273--Thread(Thread[grizzly-http-server-0,5,main])--SAXParserFactory instance: com.sun.org.apache.xerces.internal.jaxp.SAXParserFactoryImpl@271c7502
[EL Fine]: sql: 2023-05-27 11:26:16.783--ClientSession(723186270)--Connection(117052390)--Thread(Thread[grizzly-http-server-0,5,main])--UPDATE SEQUENCE SET SEQ_COUNT = SEQ_COUNT + ? WHERE SEQ_NAME = ?
	bind => [50, SEQ_GEN]
[EL Fine]: sql: 2023-05-27 11:26:16.784--ClientSession(723186270)--Connection(117052390)--Thread(Thread[grizzly-http-server-0,5,main])--SELECT SEQ_COUNT FROM SEQUENCE WHERE SEQ_NAME = ?
	bind => [SEQ_GEN]
[EL Fine]: sql: 2023-05-27 11:26:16.792--ClientSession(723186270)--Connection(117052390)--Thread(Thread[grizzly-http-server-0,5,main])--INSERT INTO vsa_user (ID, EMAIL, PASSWORD, ROLE) VALUES (?, ?, ?, ?)
	bind => [1, xstudent@stuba.sk, $2a$13$5UoJABv4O0v6Dxc9.1UQoe56KjnOtGMRVemrFVRQiFRLh9WrpFDze, STUDENT]
2023-05-27 11:26:16.797  INFO --- [           main] s.s.fei.uim.vsa.pr2.utils.ResourceTest   : Parsing response: {"id":1,"aisId":70127,"name":"Test Student","email":"xstudent@stuba.sk","year":8,"term":18,"programme":"API","thesis":null}
[EL Fine]: moxy: 2023-05-27 11:26:16.806--Thread(Thread[grizzly-http-server-1,5,main])--SAXParserFactory instance: com.sun.org.apache.xerces.internal.jaxp.SAXParserFactoryImpl@1886de13
[EL Fine]: moxy: 2023-05-27 11:26:16.809--Thread(Thread[grizzly-http-server-1,5,main])--SAXParserFactory instance: com.sun.org.apache.xerces.internal.jaxp.SAXParserFactoryImpl@60fb1a81
]]></system-out>
    <system-err><![CDATA[May 27, 2023 11:26:14 AM org.glassfish.grizzly.http.server.NetworkListener start
INFO: Started listener bound to [docker-desktop:8080]
May 27, 2023 11:26:14 AM org.glassfish.grizzly.http.server.HttpServer start
INFO: [HttpServer-1] Started.
]]></system-err>
  </testcase>
  <testcase name="shouldCreateStudent" classname="sk.stuba.fei.uim.vsa.pr2.StudentResourceTest" time="1.049"/>
  <testcase name="shouldReturnUnauthorized" classname="sk.stuba.fei.uim.vsa.pr2.StudentResourceTest" time="0.066">
    <failure message="expected: &lt;true&gt; but was: &lt;false&gt;" type="org.opentest4j.AssertionFailedError"><![CDATA[org.opentest4j.AssertionFailedError: expected: <true> but was: <false>
	at sk.stuba.fei.uim.vsa.pr2.StudentResourceTest.shouldReturnUnauthorized(StudentResourceTest.java:114)
]]></failure>
    <system-out><![CDATA[[EL Fine]: moxy: 2023-05-27 11:26:17.929--Thread(Thread[grizzly-http-server-3,5,main])--SAXParserFactory instance: com.sun.org.apache.xerces.internal.jaxp.SAXParserFactoryImpl@9b74f3b
[EL Fine]: moxy: 2023-05-27 11:26:17.931--Thread(Thread[grizzly-http-server-3,5,main])--SAXParserFactory instance: com.sun.org.apache.xerces.internal.jaxp.SAXParserFactoryImpl@3622d8c8
]]></system-out>
  </testcase>
  <testcase name="shouldReturnForbiddenToDeleteWithWrongStudent" classname="sk.stuba.fei.uim.vsa.pr2.StudentResourceTest" time="2.034">
    <failure message="expected: &lt;true&gt; but was: &lt;false&gt;" type="org.opentest4j.AssertionFailedError"><![CDATA[org.opentest4j.AssertionFailedError: expected: <true> but was: <false>
	at sk.stuba.fei.uim.vsa.pr2.StudentResourceTest.shouldReturnForbiddenToDeleteWithWrongStudent(StudentResourceTest.java:215)
]]></failure>
    <system-out><![CDATA[[EL Fine]: moxy: 2023-05-27 11:26:17.996--Thread(Thread[main,5,main])--MOXyJsonProvider.writeTo(...) is called.
[EL Fine]: moxy: 2023-05-27 11:26:17.996--Thread(Thread[main,5,main])--Setting marshaller property (name/value): jaxb.formatted.output/false
[EL Fine]: moxy: 2023-05-27 11:26:17.996--Thread(Thread[main,5,main])--Setting marshaller property (name/value): eclipselink.media-type/application/json
[EL Fine]: moxy: 2023-05-27 11:26:17.996--Thread(Thread[main,5,main])--Setting marshaller property (name/value): eclipselink.json.attribute-prefix/null
[EL Fine]: moxy: 2023-05-27 11:26:17.996--Thread(Thread[main,5,main])--Setting marshaller property (name/value): eclipselink.json.include-root/false
[EL Fine]: moxy: 2023-05-27 11:26:17.996--Thread(Thread[main,5,main])--Setting marshaller property (name/value): eclipselink.json.marshal-empty-collections/true
[EL Fine]: moxy: 2023-05-27 11:26:17.996--Thread(Thread[main,5,main])--Setting marshaller property (name/value): eclipselink.json.namespace-separator/.
[EL Fine]: moxy: 2023-05-27 11:26:17.996--Thread(Thread[main,5,main])--Setting marshaller property (name/value): eclipselink.json.wrapper-as-array-name/false
[EL Fine]: moxy: 2023-05-27 11:26:17.996--Thread(Thread[main,5,main])--Setting marshaller property (name/value): eclipselink.namespace-prefix-mapper/null
[EL Fine]: moxy: 2023-05-27 11:26:17.996--Thread(Thread[main,5,main])--Setting marshaller property (name/value): jaxb.formatted.output/false
[EL Fine]: moxy: 2023-05-27 11:26:17.996--Thread(Thread[main,5,main])--Setting marshaller property (name/value): eclipselink.json.namespace-separator/.
[EL Fine]: moxy: 2023-05-27 11:26:17.996--Thread(Thread[main,5,main])--Setting marshaller property (name/value): eclipselink.json.include-root/false
[EL Fine]: moxy: 2023-05-27 11:26:17.996--Thread(Thread[main,5,main])--Setting marshaller property (name/value): eclipselink.json.marshal-empty-collections/true
[EL Fine]: moxy: 2023-05-27 11:26:17.996--Thread(Thread[main,5,main])--Marshalling "sk.stuba.fei.uim.vsa.pr2.model.dto.request.CreateStudentRequest" into APPLICATION_JSON started
[EL Fine]: moxy: 2023-05-27 11:26:18.0--Thread(Thread[grizzly-http-server-4,5,main])--SAXParserFactory instance: com.sun.org.apache.xerces.internal.jaxp.SAXParserFactoryImpl@44c2db3e
[EL Fine]: moxy: 2023-05-27 11:26:18.002--Thread(Thread[grizzly-http-server-4,5,main])--SAXParserFactory instance: com.sun.org.apache.xerces.internal.jaxp.SAXParserFactoryImpl@5ffd105
2023-05-27 11:26:18.005  INFO --- [y-http-server-4] s.s.fei.uim.vsa.pr2.web.StudentResource  : password: password
[EL Fine]: sql: 2023-05-27 11:26:18.491--ServerSession(1665209618)--Connection(117052390)--Thread(Thread[grizzly-http-server-4,5,main])--SELECT COUNT(ID) FROM STUDENT WHERE (EMAIL = ?)
	bind => [xstudent@stuba.sk]
[EL Fine]: sql: 2023-05-27 11:26:18.492--ServerSession(1665209618)--Connection(117052390)--Thread(Thread[grizzly-http-server-4,5,main])--SELECT COUNT(ID) FROM STUDENT WHERE (AISID = ?)
	bind => [70127]
[EL Fine]: sql: 2023-05-27 11:26:18.493--ClientSession(1708142154)--Connection(117052390)--Thread(Thread[grizzly-http-server-4,5,main])--INSERT INTO STUDENT (AISID, EMAIL, NAME, PASSWORD, PROGRAMME, TERM, YEAR) VALUES (?, ?, ?, ?, ?, ?, ?)
	bind => [70127, xstudent@stuba.sk, Test Student, $2a$13$rxDOgrnTtEIhdKM8ePT91uHdEkKIRb.1wbjst3fMO.sWTmSlvppSK, API, 18, 8]
[EL Fine]: sql: 2023-05-27 11:26:18.493--ClientSession(1708142154)--Connection(117052390)--Thread(Thread[grizzly-http-server-4,5,main])--select lastval()
[EL Fine]: sql: 2023-05-27 11:26:18.972--ClientSession(98102180)--Connection(117052390)--Thread(Thread[grizzly-http-server-4,5,main])--INSERT INTO vsa_user (ID, EMAIL, PASSWORD, ROLE) VALUES (?, ?, ?, ?)
	bind => [3, xstudent@stuba.sk, $2a$13$od3eIRlcVYcUbvspxGpIO.z9Wz1QCjdT5gNF3L93QMPiGATvXyPcS, STUDENT]
2023-05-27 11:26:18.978  INFO --- [           main] s.s.fei.uim.vsa.pr2.utils.ResourceTest   : Parsing response: {"id":3,"aisId":70127,"name":"Test Student","email":"xstudent@stuba.sk","year":8,"term":18,"programme":"API","thesis":null}
[EL Fine]: moxy: 2023-05-27 11:26:18.984--Thread(Thread[main,5,main])--MOXyJsonProvider.writeTo(...) is called.
[EL Fine]: moxy: 2023-05-27 11:26:18.984--Thread(Thread[main,5,main])--Setting marshaller property (name/value): jaxb.formatted.output/false
[EL Fine]: moxy: 2023-05-27 11:26:18.984--Thread(Thread[main,5,main])--Setting marshaller property (name/value): eclipselink.media-type/application/json
[EL Fine]: moxy: 2023-05-27 11:26:18.984--Thread(Thread[main,5,main])--Setting marshaller property (name/value): eclipselink.json.attribute-prefix/null
[EL Fine]: moxy: 2023-05-27 11:26:18.984--Thread(Thread[main,5,main])--Setting marshaller property (name/value): eclipselink.json.include-root/false
[EL Fine]: moxy: 2023-05-27 11:26:18.984--Thread(Thread[main,5,main])--Setting marshaller property (name/value): eclipselink.json.marshal-empty-collections/true
[EL Fine]: moxy: 2023-05-27 11:26:18.984--Thread(Thread[main,5,main])--Setting marshaller property (name/value): eclipselink.json.namespace-separator/.
[EL Fine]: moxy: 2023-05-27 11:26:18.984--Thread(Thread[main,5,main])--Setting marshaller property (name/value): eclipselink.json.wrapper-as-array-name/false
[EL Fine]: moxy: 2023-05-27 11:26:18.984--Thread(Thread[main,5,main])--Setting marshaller property (name/value): eclipselink.namespace-prefix-mapper/null
[EL Fine]: moxy: 2023-05-27 11:26:18.984--Thread(Thread[main,5,main])--Setting marshaller property (name/value): jaxb.formatted.output/false
[EL Fine]: moxy: 2023-05-27 11:26:18.984--Thread(Thread[main,5,main])--Setting marshaller property (name/value): eclipselink.json.namespace-separator/.
[EL Fine]: moxy: 2023-05-27 11:26:18.984--Thread(Thread[main,5,main])--Setting marshaller property (name/value): eclipselink.json.include-root/false
[EL Fine]: moxy: 2023-05-27 11:26:18.984--Thread(Thread[main,5,main])--Setting marshaller property (name/value): eclipselink.json.marshal-empty-collections/true
[EL Fine]: moxy: 2023-05-27 11:26:18.984--Thread(Thread[main,5,main])--Marshalling "sk.stuba.fei.uim.vsa.pr2.model.dto.request.CreateStudentRequest" into APPLICATION_JSON started
[EL Fine]: moxy: 2023-05-27 11:26:18.987--Thread(Thread[grizzly-http-server-5,5,main])--SAXParserFactory instance: com.sun.org.apache.xerces.internal.jaxp.SAXParserFactoryImpl@62c04daf
[EL Fine]: moxy: 2023-05-27 11:26:18.989--Thread(Thread[grizzly-http-server-5,5,main])--SAXParserFactory instance: com.sun.org.apache.xerces.internal.jaxp.SAXParserFactoryImpl@23fd4794
2023-05-27 11:26:18.993  INFO --- [y-http-server-5] s.s.fei.uim.vsa.pr2.web.StudentResource  : password: password
[EL Fine]: sql: 2023-05-27 11:26:19.469--ServerSession(1665209618)--Connection(117052390)--Thread(Thread[grizzly-http-server-5,5,main])--SELECT COUNT(ID) FROM STUDENT WHERE (EMAIL = ?)
	bind => [xstu@stuba.sk]
[EL Fine]: sql: 2023-05-27 11:26:19.47--ServerSession(1665209618)--Connection(117052390)--Thread(Thread[grizzly-http-server-5,5,main])--SELECT COUNT(ID) FROM STUDENT WHERE (AISID = ?)
	bind => [81230]
[EL Fine]: sql: 2023-05-27 11:26:19.471--ClientSession(1137883355)--Connection(117052390)--Thread(Thread[grizzly-http-server-5,5,main])--INSERT INTO STUDENT (AISID, EMAIL, NAME, PASSWORD, PROGRAMME, TERM, YEAR) VALUES (?, ?, ?, ?, ?, ?, ?)
	bind => [81230, xstu@stuba.sk, Testovaci Studenttt, $2a$13$noR/JmrpK8rxmbS81AFd9.TmxwJ5.bftmjq80FJ7mMlz6WssZPEZi, B-API, 6, 3]
[EL Fine]: sql: 2023-05-27 11:26:19.471--ClientSession(1137883355)--Connection(117052390)--Thread(Thread[grizzly-http-server-5,5,main])--select lastval()
[EL Fine]: sql: 2023-05-27 11:26:19.951--ClientSession(1201407928)--Connection(117052390)--Thread(Thread[grizzly-http-server-5,5,main])--INSERT INTO vsa_user (ID, EMAIL, PASSWORD, ROLE) VALUES (?, ?, ?, ?)
	bind => [4, xstu@stuba.sk, $2a$13$nwtn9tAgggEdSimQhXk0XeV2eSc6KTSOeCydXBigS78WU8CU.9rDa, STUDENT]
2023-05-27 11:26:19.961  INFO --- [           main] s.s.fei.uim.vsa.pr2.utils.ResourceTest   : Parsing response: {"id":4,"aisId":81230,"name":"Testovaci Studenttt","email":"xstu@stuba.sk","year":3,"term":6,"programme":"B-API","thesis":null}
[EL Fine]: moxy: 2023-05-27 11:26:19.964--Thread(Thread[grizzly-http-server-6,5,main])--SAXParserFactory instance: com.sun.org.apache.xerces.internal.jaxp.SAXParserFactoryImpl@278fc772
[EL Fine]: moxy: 2023-05-27 11:26:19.966--Thread(Thread[grizzly-http-server-6,5,main])--SAXParserFactory instance: com.sun.org.apache.xerces.internal.jaxp.SAXParserFactoryImpl@16e20037
]]></system-out>
  </testcase>
  <testcase name="shouldGetAllStudents" classname="sk.stuba.fei.uim.vsa.pr2.StudentResourceTest" time="1.998">
    <failure message="expected: &lt;200&gt; but was: &lt;401&gt;" type="org.opentest4j.AssertionFailedError"><![CDATA[org.opentest4j.AssertionFailedError: expected: <200> but was: <401>
	at sk.stuba.fei.uim.vsa.pr2.StudentResourceTest.shouldGetAllStudents(StudentResourceTest.java:95)
]]></failure>
    <system-out><![CDATA[[EL Fine]: moxy: 2023-05-27 11:26:20.032--Thread(Thread[main,5,main])--MOXyJsonProvider.writeTo(...) is called.
[EL Fine]: moxy: 2023-05-27 11:26:20.032--Thread(Thread[main,5,main])--Setting marshaller property (name/value): jaxb.formatted.output/false
[EL Fine]: moxy: 2023-05-27 11:26:20.032--Thread(Thread[main,5,main])--Setting marshaller property (name/value): eclipselink.media-type/application/json
[EL Fine]: moxy: 2023-05-27 11:26:20.032--Thread(Thread[main,5,main])--Setting marshaller property (name/value): eclipselink.json.attribute-prefix/null
[EL Fine]: moxy: 2023-05-27 11:26:20.032--Thread(Thread[main,5,main])--Setting marshaller property (name/value): eclipselink.json.include-root/false
[EL Fine]: moxy: 2023-05-27 11:26:20.032--Thread(Thread[main,5,main])--Setting marshaller property (name/value): eclipselink.json.marshal-empty-collections/true
[EL Fine]: moxy: 2023-05-27 11:26:20.032--Thread(Thread[main,5,main])--Setting marshaller property (name/value): eclipselink.json.namespace-separator/.
[EL Fine]: moxy: 2023-05-27 11:26:20.032--Thread(Thread[main,5,main])--Setting marshaller property (name/value): eclipselink.json.wrapper-as-array-name/false
[EL Fine]: moxy: 2023-05-27 11:26:20.032--Thread(Thread[main,5,main])--Setting marshaller property (name/value): eclipselink.namespace-prefix-mapper/null
[EL Fine]: moxy: 2023-05-27 11:26:20.032--Thread(Thread[main,5,main])--Setting marshaller property (name/value): jaxb.formatted.output/false
[EL Fine]: moxy: 2023-05-27 11:26:20.032--Thread(Thread[main,5,main])--Setting marshaller property (name/value): eclipselink.json.namespace-separator/.
[EL Fine]: moxy: 2023-05-27 11:26:20.032--Thread(Thread[main,5,main])--Setting marshaller property (name/value): eclipselink.json.include-root/false
[EL Fine]: moxy: 2023-05-27 11:26:20.032--Thread(Thread[main,5,main])--Setting marshaller property (name/value): eclipselink.json.marshal-empty-collections/true
[EL Fine]: moxy: 2023-05-27 11:26:20.032--Thread(Thread[main,5,main])--Marshalling "sk.stuba.fei.uim.vsa.pr2.model.dto.request.CreateStudentRequest" into APPLICATION_JSON started
[EL Fine]: moxy: 2023-05-27 11:26:20.035--Thread(Thread[grizzly-http-server-7,5,main])--SAXParserFactory instance: com.sun.org.apache.xerces.internal.jaxp.SAXParserFactoryImpl@55a048b9
[EL Fine]: moxy: 2023-05-27 11:26:20.037--Thread(Thread[grizzly-http-server-7,5,main])--SAXParserFactory instance: com.sun.org.apache.xerces.internal.jaxp.SAXParserFactoryImpl@149d4282
2023-05-27 11:26:20.041  INFO --- [y-http-server-7] s.s.fei.uim.vsa.pr2.web.StudentResource  : password: password
[EL Fine]: sql: 2023-05-27 11:26:20.507--ServerSession(1665209618)--Connection(117052390)--Thread(Thread[grizzly-http-server-7,5,main])--SELECT COUNT(ID) FROM STUDENT WHERE (EMAIL = ?)
	bind => [xstudent@stuba.sk]
[EL Fine]: sql: 2023-05-27 11:26:20.508--ServerSession(1665209618)--Connection(117052390)--Thread(Thread[grizzly-http-server-7,5,main])--SELECT COUNT(ID) FROM STUDENT WHERE (AISID = ?)
	bind => [70127]
[EL Fine]: sql: 2023-05-27 11:26:20.509--ClientSession(807377015)--Connection(117052390)--Thread(Thread[grizzly-http-server-7,5,main])--INSERT INTO STUDENT (AISID, EMAIL, NAME, PASSWORD, PROGRAMME, TERM, YEAR) VALUES (?, ?, ?, ?, ?, ?, ?)
	bind => [70127, xstudent@stuba.sk, Test Student, $2a$13$PyYolXUN/bwjyKMODuDB0.BfwJX9thi6kshvhz2Jfdn7uUjOMpumS, API, 18, 8]
[EL Fine]: sql: 2023-05-27 11:26:20.509--ClientSession(807377015)--Connection(117052390)--Thread(Thread[grizzly-http-server-7,5,main])--select lastval()
[EL Fine]: sql: 2023-05-27 11:26:20.986--ClientSession(708674041)--Connection(117052390)--Thread(Thread[grizzly-http-server-7,5,main])--INSERT INTO vsa_user (ID, EMAIL, PASSWORD, ROLE) VALUES (?, ?, ?, ?)
	bind => [5, xstudent@stuba.sk, $2a$13$5A4JgIGpHazFHKHZr6uFj.JuMAqfzkL2KJE.V311lsNEPbuMXuAUW, STUDENT]
2023-05-27 11:26:20.996  INFO --- [           main] s.s.fei.uim.vsa.pr2.utils.ResourceTest   : Parsing response: {"id":5,"aisId":70127,"name":"Test Student","email":"xstudent@stuba.sk","year":8,"term":18,"programme":"API","thesis":null}
[EL Fine]: moxy: 2023-05-27 11:26:20.998--Thread(Thread[main,5,main])--MOXyJsonProvider.writeTo(...) is called.
[EL Fine]: moxy: 2023-05-27 11:26:20.999--Thread(Thread[main,5,main])--Setting marshaller property (name/value): jaxb.formatted.output/false
[EL Fine]: moxy: 2023-05-27 11:26:20.999--Thread(Thread[main,5,main])--Setting marshaller property (name/value): eclipselink.media-type/application/json
[EL Fine]: moxy: 2023-05-27 11:26:20.999--Thread(Thread[main,5,main])--Setting marshaller property (name/value): eclipselink.json.attribute-prefix/null
[EL Fine]: moxy: 2023-05-27 11:26:20.999--Thread(Thread[main,5,main])--Setting marshaller property (name/value): eclipselink.json.include-root/false
[EL Fine]: moxy: 2023-05-27 11:26:20.999--Thread(Thread[main,5,main])--Setting marshaller property (name/value): eclipselink.json.marshal-empty-collections/true
[EL Fine]: moxy: 2023-05-27 11:26:20.999--Thread(Thread[main,5,main])--Setting marshaller property (name/value): eclipselink.json.namespace-separator/.
[EL Fine]: moxy: 2023-05-27 11:26:20.999--Thread(Thread[main,5,main])--Setting marshaller property (name/value): eclipselink.json.wrapper-as-array-name/false
[EL Fine]: moxy: 2023-05-27 11:26:20.999--Thread(Thread[main,5,main])--Setting marshaller property (name/value): eclipselink.namespace-prefix-mapper/null
[EL Fine]: moxy: 2023-05-27 11:26:20.999--Thread(Thread[main,5,main])--Setting marshaller property (name/value): jaxb.formatted.output/false
[EL Fine]: moxy: 2023-05-27 11:26:20.999--Thread(Thread[main,5,main])--Setting marshaller property (name/value): eclipselink.json.namespace-separator/.
[EL Fine]: moxy: 2023-05-27 11:26:20.999--Thread(Thread[main,5,main])--Setting marshaller property (name/value): eclipselink.json.include-root/false
[EL Fine]: moxy: 2023-05-27 11:26:20.999--Thread(Thread[main,5,main])--Setting marshaller property (name/value): eclipselink.json.marshal-empty-collections/true
[EL Fine]: moxy: 2023-05-27 11:26:20.999--Thread(Thread[main,5,main])--Marshalling "sk.stuba.fei.uim.vsa.pr2.model.dto.request.CreateStudentRequest" into APPLICATION_JSON started
[EL Fine]: moxy: 2023-05-27 11:26:21.001--Thread(Thread[grizzly-http-server-8,5,main])--SAXParserFactory instance: com.sun.org.apache.xerces.internal.jaxp.SAXParserFactoryImpl@471430ff
[EL Fine]: moxy: 2023-05-27 11:26:21.003--Thread(Thread[grizzly-http-server-8,5,main])--SAXParserFactory instance: com.sun.org.apache.xerces.internal.jaxp.SAXParserFactoryImpl@6293ac4
2023-05-27 11:26:21.006  INFO --- [y-http-server-8] s.s.fei.uim.vsa.pr2.web.StudentResource  : password: password
[EL Fine]: sql: 2023-05-27 11:26:21.469--ServerSession(1665209618)--Connection(117052390)--Thread(Thread[grizzly-http-server-8,5,main])--SELECT COUNT(ID) FROM STUDENT WHERE (EMAIL = ?)
	bind => [xstu@stuba.sk]
[EL Fine]: sql: 2023-05-27 11:26:21.47--ServerSession(1665209618)--Connection(117052390)--Thread(Thread[grizzly-http-server-8,5,main])--SELECT COUNT(ID) FROM STUDENT WHERE (AISID = ?)
	bind => [81230]
[EL Fine]: sql: 2023-05-27 11:26:21.471--ClientSession(1711719819)--Connection(117052390)--Thread(Thread[grizzly-http-server-8,5,main])--INSERT INTO STUDENT (AISID, EMAIL, NAME, PASSWORD, PROGRAMME, TERM, YEAR) VALUES (?, ?, ?, ?, ?, ?, ?)
	bind => [81230, xstu@stuba.sk, Testovaci Studenttt, $2a$13$Fx6okzuG5OC5Sh/y4QCEpOsHhriWsejJnAC.UTBcmKAn4ykL0k9Oe, B-API, 6, 3]
[EL Fine]: sql: 2023-05-27 11:26:21.471--ClientSession(1711719819)--Connection(117052390)--Thread(Thread[grizzly-http-server-8,5,main])--select lastval()
[EL Fine]: sql: 2023-05-27 11:26:21.95--ClientSession(842169980)--Connection(117052390)--Thread(Thread[grizzly-http-server-8,5,main])--INSERT INTO vsa_user (ID, EMAIL, PASSWORD, ROLE) VALUES (?, ?, ?, ?)
	bind => [6, xstu@stuba.sk, $2a$13$VuhVWXg1K9ZLw3kB8A7FuuiqFFvwRNuFIQRfqmiyeyIx9Z2.7siyO, STUDENT]
2023-05-27 11:26:21.959  INFO --- [           main] s.s.fei.uim.vsa.pr2.utils.ResourceTest   : Parsing response: {"id":6,"aisId":81230,"name":"Testovaci Studenttt","email":"xstu@stuba.sk","year":3,"term":6,"programme":"B-API","thesis":null}
[EL Fine]: moxy: 2023-05-27 11:26:21.962--Thread(Thread[grizzly-http-server-9,5,main])--SAXParserFactory instance: com.sun.org.apache.xerces.internal.jaxp.SAXParserFactoryImpl@3f83e530
[EL Fine]: moxy: 2023-05-27 11:26:21.964--Thread(Thread[grizzly-http-server-9,5,main])--SAXParserFactory instance: com.sun.org.apache.xerces.internal.jaxp.SAXParserFactoryImpl@7ebeef0b
]]></system-out>
  </testcase>
  <testcase name="shouldCreateStudentWithOnlyRequiredProperties" classname="sk.stuba.fei.uim.vsa.pr2.StudentResourceTest" time="0.556">
    <failure message="expected: &lt;201&gt; but was: &lt;500&gt;" type="org.opentest4j.AssertionFailedError"><![CDATA[org.opentest4j.AssertionFailedError: expected: <201> but was: <500>
	at sk.stuba.fei.uim.vsa.pr2.StudentResourceTest.shouldCreateStudentWithOnlyRequiredProperties(StudentResourceTest.java:63)
]]></failure>
    <system-out><![CDATA[[EL Fine]: moxy: 2023-05-27 11:26:22.031--Thread(Thread[main,5,main])--MOXyJsonProvider.writeTo(...) is called.
[EL Fine]: moxy: 2023-05-27 11:26:22.031--Thread(Thread[main,5,main])--Setting marshaller property (name/value): jaxb.formatted.output/false
[EL Fine]: moxy: 2023-05-27 11:26:22.031--Thread(Thread[main,5,main])--Setting marshaller property (name/value): eclipselink.media-type/application/json
[EL Fine]: moxy: 2023-05-27 11:26:22.031--Thread(Thread[main,5,main])--Setting marshaller property (name/value): eclipselink.json.attribute-prefix/null
[EL Fine]: moxy: 2023-05-27 11:26:22.031--Thread(Thread[main,5,main])--Setting marshaller property (name/value): eclipselink.json.include-root/false
[EL Fine]: moxy: 2023-05-27 11:26:22.031--Thread(Thread[main,5,main])--Setting marshaller property (name/value): eclipselink.json.marshal-empty-collections/true
[EL Fine]: moxy: 2023-05-27 11:26:22.031--Thread(Thread[main,5,main])--Setting marshaller property (name/value): eclipselink.json.namespace-separator/.
[EL Fine]: moxy: 2023-05-27 11:26:22.031--Thread(Thread[main,5,main])--Setting marshaller property (name/value): eclipselink.json.wrapper-as-array-name/false
[EL Fine]: moxy: 2023-05-27 11:26:22.031--Thread(Thread[main,5,main])--Setting marshaller property (name/value): eclipselink.namespace-prefix-mapper/null
[EL Fine]: moxy: 2023-05-27 11:26:22.031--Thread(Thread[main,5,main])--Setting marshaller property (name/value): jaxb.formatted.output/false
[EL Fine]: moxy: 2023-05-27 11:26:22.031--Thread(Thread[main,5,main])--Setting marshaller property (name/value): eclipselink.json.namespace-separator/.
[EL Fine]: moxy: 2023-05-27 11:26:22.031--Thread(Thread[main,5,main])--Setting marshaller property (name/value): eclipselink.json.include-root/false
[EL Fine]: moxy: 2023-05-27 11:26:22.031--Thread(Thread[main,5,main])--Setting marshaller property (name/value): eclipselink.json.marshal-empty-collections/true
[EL Fine]: moxy: 2023-05-27 11:26:22.031--Thread(Thread[main,5,main])--Marshalling "sk.stuba.fei.uim.vsa.pr2.model.dto.request.CreateStudentRequest" into APPLICATION_JSON started
[EL Fine]: moxy: 2023-05-27 11:26:22.035--Thread(Thread[grizzly-http-server-10,5,main])--SAXParserFactory instance: com.sun.org.apache.xerces.internal.jaxp.SAXParserFactoryImpl@5734606d
[EL Fine]: moxy: 2023-05-27 11:26:22.037--Thread(Thread[grizzly-http-server-10,5,main])--SAXParserFactory instance: com.sun.org.apache.xerces.internal.jaxp.SAXParserFactoryImpl@16096a56
2023-05-27 11:26:22.041  INFO --- [-http-server-10] s.s.fei.uim.vsa.pr2.web.StudentResource  : password: password
[EL Fine]: sql: 2023-05-27 11:26:22.505--ServerSession(1665209618)--Connection(117052390)--Thread(Thread[grizzly-http-server-10,5,main])--SELECT COUNT(ID) FROM STUDENT WHERE (EMAIL = ?)
	bind => [xstudent@stuba.sk]
[EL Fine]: sql: 2023-05-27 11:26:22.506--ServerSession(1665209618)--Connection(117052390)--Thread(Thread[grizzly-http-server-10,5,main])--SELECT COUNT(ID) FROM STUDENT WHERE (AISID = ?)
	bind => [70127]
[EL Fine]: sql: 2023-05-27 11:26:22.507--ClientSession(1982240025)--Connection(117052390)--Thread(Thread[grizzly-http-server-10,5,main])--INSERT INTO STUDENT (AISID, EMAIL, NAME, PASSWORD, PROGRAMME, TERM, YEAR) VALUES (?, ?, ?, ?, ?, ?, ?)
	bind => [70127, xstudent@stuba.sk, Test Student, $2a$13$4lRf6zcRk4FxA/HY2LG0iey3de5mAc9NOcBZTg0o0oz7rSDLfTLUy, null, 0, 0]
[EL Fine]: sql: 2023-05-27 11:26:22.507--ClientSession(1982240025)--Thread(Thread[grizzly-http-server-10,5,main])--SELECT 1
[EL Warning]: 2023-05-27 11:26:22.508--UnitOfWork(271520643)--Thread(Thread[grizzly-http-server-10,5,main])--Exception [EclipseLink-4002] (Eclipse Persistence Services - 2.7.10.v20211216-fe64cd39c3): org.eclipse.persistence.exceptions.DatabaseException
Internal Exception: org.postgresql.util.PSQLException: ERROR: null value in column "programme" of relation "student" violates not-null constraint
  Detail: Failing row contains (7, 70127, xstudent@stuba.sk, Test Student, $2a$13$4lRf6zcRk4FxA/HY2LG0iey3de5mAc9NOcBZTg0o0oz7rSDLfTLUy, null, 0, 0).
Error Code: 0
Call: INSERT INTO STUDENT (AISID, EMAIL, NAME, PASSWORD, PROGRAMME, TERM, YEAR) VALUES (?, ?, ?, ?, ?, ?, ?)
	bind => [70127, xstudent@stuba.sk, Test Student, $2a$13$4lRf6zcRk4FxA/HY2LG0iey3de5mAc9NOcBZTg0o0oz7rSDLfTLUy, null, 0, 0]
Query: InsertObjectQuery(Student(id=null, aisId=70127, name=Test Student, email=xstudent@stuba.sk, password=$2a$13$4lRf6zcRk4FxA/HY2LG0iey3de5mAc9NOcBZTg0o0oz7rSDLfTLUy, year=0, term=0, programme=null, finalThesis=null))
[EL Fine]: connection: 2023-05-27 11:26:22.509--ServerSession(1665209618)--Connection(117052390)--Thread(Thread[grizzly-http-server-10,5,main])--disconnect
[EL Fine]: moxy: 2023-05-27 11:26:22.517--Thread(Thread[grizzly-http-server-10,5,main])--MOXyJsonProvider.writeTo(...) is called.
[EL Fine]: moxy: 2023-05-27 11:26:22.517--Thread(Thread[grizzly-http-server-10,5,main])--Setting marshaller property (name/value): jaxb.formatted.output/false
[EL Fine]: moxy: 2023-05-27 11:26:22.518--Thread(Thread[grizzly-http-server-10,5,main])--Setting marshaller property (name/value): eclipselink.media-type/application/json
[EL Fine]: moxy: 2023-05-27 11:26:22.518--Thread(Thread[grizzly-http-server-10,5,main])--Setting marshaller property (name/value): eclipselink.json.attribute-prefix/null
[EL Fine]: moxy: 2023-05-27 11:26:22.518--Thread(Thread[grizzly-http-server-10,5,main])--Setting marshaller property (name/value): eclipselink.json.include-root/false
[EL Fine]: moxy: 2023-05-27 11:26:22.518--Thread(Thread[grizzly-http-server-10,5,main])--Setting marshaller property (name/value): eclipselink.json.marshal-empty-collections/true
[EL Fine]: moxy: 2023-05-27 11:26:22.518--Thread(Thread[grizzly-http-server-10,5,main])--Setting marshaller property (name/value): eclipselink.json.namespace-separator/.
[EL Fine]: moxy: 2023-05-27 11:26:22.518--Thread(Thread[grizzly-http-server-10,5,main])--Setting marshaller property (name/value): eclipselink.json.wrapper-as-array-name/false
[EL Fine]: moxy: 2023-05-27 11:26:22.518--Thread(Thread[grizzly-http-server-10,5,main])--Setting marshaller property (name/value): eclipselink.namespace-prefix-mapper/null
[EL Fine]: moxy: 2023-05-27 11:26:22.518--Thread(Thread[grizzly-http-server-10,5,main])--Setting marshaller property (name/value): jaxb.formatted.output/false
[EL Fine]: moxy: 2023-05-27 11:26:22.518--Thread(Thread[grizzly-http-server-10,5,main])--Setting marshaller property (name/value): eclipselink.json.namespace-separator/.
[EL Fine]: moxy: 2023-05-27 11:26:22.518--Thread(Thread[grizzly-http-server-10,5,main])--Setting marshaller property (name/value): eclipselink.json.include-root/false
[EL Fine]: moxy: 2023-05-27 11:26:22.518--Thread(Thread[grizzly-http-server-10,5,main])--Setting marshaller property (name/value): eclipselink.json.marshal-empty-collections/true
[EL Fine]: moxy: 2023-05-27 11:26:22.518--Thread(Thread[grizzly-http-server-10,5,main])--Marshalling "sk.stuba.fei.uim.vsa.pr2.web.response.MessageDto" into APPLICATION_JSON started
]]></system-out>
    <system-err><![CDATA[javax.persistence.RollbackException: Exception [EclipseLink-4002] (Eclipse Persistence Services - 2.7.10.v20211216-fe64cd39c3): org.eclipse.persistence.exceptions.DatabaseException
Internal Exception: org.postgresql.util.PSQLException: ERROR: null value in column "programme" of relation "student" violates not-null constraint
  Detail: Failing row contains (7, 70127, xstudent@stuba.sk, Test Student, $2a$13$4lRf6zcRk4FxA/HY2LG0iey3de5mAc9NOcBZTg0o0oz7rSDLfTLUy, null, 0, 0).
Error Code: 0
Call: INSERT INTO STUDENT (AISID, EMAIL, NAME, PASSWORD, PROGRAMME, TERM, YEAR) VALUES (?, ?, ?, ?, ?, ?, ?)
	bind => [70127, xstudent@stuba.sk, Test Student, $2a$13$4lRf6zcRk4FxA/HY2LG0iey3de5mAc9NOcBZTg0o0oz7rSDLfTLUy, null, 0, 0]
Query: InsertObjectQuery(Student(id=null, aisId=70127, name=Test Student, email=xstudent@stuba.sk, password=$2a$13$4lRf6zcRk4FxA/HY2LG0iey3de5mAc9NOcBZTg0o0oz7rSDLfTLUy, year=0, term=0, programme=null, finalThesis=null))
	at org.eclipse.persistence.internal.jpa.transaction.EntityTransactionImpl.commit(EntityTransactionImpl.java:161)
	at sk.stuba.fei.uim.vsa.pr2.service.StudentService.createStudent(StudentService.java:46)
	at sk.stuba.fei.uim.vsa.pr2.web.StudentResource.createStudent(StudentResource.java:74)
	at sun.reflect.NativeMethodAccessorImpl.invoke0(Native Method)
	at sun.reflect.NativeMethodAccessorImpl.invoke(NativeMethodAccessorImpl.java:62)
	at sun.reflect.DelegatingMethodAccessorImpl.invoke(DelegatingMethodAccessorImpl.java:43)
	at java.lang.reflect.Method.invoke(Method.java:498)
	at org.glassfish.jersey.server.model.internal.ResourceMethodInvocationHandlerFactory.lambda$static$0(ResourceMethodInvocationHandlerFactory.java:52)
	at org.glassfish.jersey.server.model.internal.AbstractJavaResourceMethodDispatcher$1.run(AbstractJavaResourceMethodDispatcher.java:134)
	at org.glassfish.jersey.server.model.internal.AbstractJavaResourceMethodDispatcher.invoke(AbstractJavaResourceMethodDispatcher.java:177)
	at org.glassfish.jersey.server.model.internal.JavaResourceMethodDispatcherProvider$ResponseOutInvoker.doDispatch(JavaResourceMethodDispatcherProvider.java:176)
	at org.glassfish.jersey.server.model.internal.AbstractJavaResourceMethodDispatcher.dispatch(AbstractJavaResourceMethodDispatcher.java:81)
	at org.glassfish.jersey.server.model.ResourceMethodInvoker.invoke(ResourceMethodInvoker.java:478)
	at org.glassfish.jersey.server.model.ResourceMethodInvoker.apply(ResourceMethodInvoker.java:400)
	at org.glassfish.jersey.server.model.ResourceMethodInvoker.apply(ResourceMethodInvoker.java:81)
	at org.glassfish.jersey.server.ServerRuntime$1.run(ServerRuntime.java:256)
	at org.glassfish.jersey.internal.Errors$1.call(Errors.java:248)
	at org.glassfish.jersey.internal.Errors$1.call(Errors.java:244)
	at org.glassfish.jersey.internal.Errors.process(Errors.java:292)
	at org.glassfish.jersey.internal.Errors.process(Errors.java:274)
	at org.glassfish.jersey.internal.Errors.process(Errors.java:244)
	at org.glassfish.jersey.process.internal.RequestScope.runInScope(RequestScope.java:265)
	at org.glassfish.jersey.server.ServerRuntime.process(ServerRuntime.java:235)
	at org.glassfish.jersey.server.ApplicationHandler.handle(ApplicationHandler.java:684)
	at org.glassfish.jersey.grizzly2.httpserver.GrizzlyHttpContainer.service(GrizzlyHttpContainer.java:356)
	at org.glassfish.grizzly.http.server.HttpHandler$1.run(HttpHandler.java:200)
	at org.glassfish.grizzly.threadpool.AbstractThreadPool$Worker.doWork(AbstractThreadPool.java:569)
	at org.glassfish.grizzly.threadpool.AbstractThreadPool$Worker.run(AbstractThreadPool.java:549)
	at java.lang.Thread.run(Thread.java:750)
Caused by: Exception [EclipseLink-4002] (Eclipse Persistence Services - 2.7.10.v20211216-fe64cd39c3): org.eclipse.persistence.exceptions.DatabaseException
Internal Exception: org.postgresql.util.PSQLException: ERROR: null value in column "programme" of relation "student" violates not-null constraint
  Detail: Failing row contains (7, 70127, xstudent@stuba.sk, Test Student, $2a$13$4lRf6zcRk4FxA/HY2LG0iey3de5mAc9NOcBZTg0o0oz7rSDLfTLUy, null, 0, 0).
Error Code: 0
Call: INSERT INTO STUDENT (AISID, EMAIL, NAME, PASSWORD, PROGRAMME, TERM, YEAR) VALUES (?, ?, ?, ?, ?, ?, ?)
	bind => [70127, xstudent@stuba.sk, Test Student, $2a$13$4lRf6zcRk4FxA/HY2LG0iey3de5mAc9NOcBZTg0o0oz7rSDLfTLUy, null, 0, 0]
Query: InsertObjectQuery(Student(id=null, aisId=70127, name=Test Student, email=xstudent@stuba.sk, password=$2a$13$4lRf6zcRk4FxA/HY2LG0iey3de5mAc9NOcBZTg0o0oz7rSDLfTLUy, year=0, term=0, programme=null, finalThesis=null))
	at org.eclipse.persistence.exceptions.DatabaseException.sqlException(DatabaseException.java:342)
	at org.eclipse.persistence.internal.databaseaccess.DatabaseAccessor.processExceptionForCommError(DatabaseAccessor.java:1655)
	at org.eclipse.persistence.internal.databaseaccess.DatabaseAccessor.executeDirectNoSelect(DatabaseAccessor.java:906)
	at org.eclipse.persistence.internal.databaseaccess.DatabaseAccessor.executeNoSelect(DatabaseAccessor.java:970)
	at org.eclipse.persistence.internal.databaseaccess.DatabaseAccessor.basicExecuteCall(DatabaseAccessor.java:640)
	at org.eclipse.persistence.internal.databaseaccess.DatabaseAccessor.executeCall(DatabaseAccessor.java:567)
	at org.eclipse.persistence.internal.sessions.AbstractSession.basicExecuteCall(AbstractSession.java:2105)
	at org.eclipse.persistence.sessions.server.ClientSession.executeCall(ClientSession.java:313)
	at org.eclipse.persistence.internal.queries.DatasourceCallQueryMechanism.executeCall(DatasourceCallQueryMechanism.java:277)
	at org.eclipse.persistence.internal.queries.DatasourceCallQueryMechanism.executeCall(DatasourceCallQueryMechanism.java:263)
	at org.eclipse.persistence.internal.queries.DatasourceCallQueryMechanism.insertObject(DatasourceCallQueryMechanism.java:413)
	at org.eclipse.persistence.internal.queries.StatementQueryMechanism.insertObject(StatementQueryMechanism.java:167)
	at org.eclipse.persistence.internal.queries.StatementQueryMechanism.insertObject(StatementQueryMechanism.java:182)
	at org.eclipse.persistence.internal.queries.DatabaseQueryMechanism.insertObjectForWrite(DatabaseQueryMechanism.java:504)
	at org.eclipse.persistence.queries.InsertObjectQuery.executeCommit(InsertObjectQuery.java:82)
	at org.eclipse.persistence.queries.InsertObjectQuery.executeCommitWithChangeSet(InsertObjectQuery.java:92)
	at org.eclipse.persistence.internal.queries.DatabaseQueryMechanism.executeWriteWithChangeSet(DatabaseQueryMechanism.java:316)
	at org.eclipse.persistence.queries.WriteObjectQuery.executeDatabaseQuery(WriteObjectQuery.java:60)
	at org.eclipse.persistence.queries.DatabaseQuery.execute(DatabaseQuery.java:911)
	at org.eclipse.persistence.queries.DatabaseQuery.executeInUnitOfWork(DatabaseQuery.java:810)
	at org.eclipse.persistence.queries.ObjectLevelModifyQuery.executeInUnitOfWorkObjectLevelModifyQuery(ObjectLevelModifyQuery.java:110)
	at org.eclipse.persistence.queries.ObjectLevelModifyQuery.executeInUnitOfWork(ObjectLevelModifyQuery.java:87)
	at org.eclipse.persistence.internal.sessions.UnitOfWorkImpl.internalExecuteQuery(UnitOfWorkImpl.java:3004)
	at org.eclipse.persistence.internal.sessions.AbstractSession.executeQuery(AbstractSession.java:1898)
	at org.eclipse.persistence.internal.sessions.AbstractSession.executeQuery(AbstractSession.java:1880)
	at org.eclipse.persistence.internal.sessions.AbstractSession.executeQuery(AbstractSession.java:1830)
	at org.eclipse.persistence.internal.sessions.CommitManager.commitNewObjectsForClassWithChangeSet(CommitManager.java:229)
	at org.eclipse.persistence.internal.sessions.CommitManager.commitAllObjectsWithChangeSet(CommitManager.java:128)
	at org.eclipse.persistence.internal.sessions.AbstractSession.writeAllObjectsWithChangeSet(AbstractSession.java:4409)
	at org.eclipse.persistence.internal.sessions.UnitOfWorkImpl.commitToDatabase(UnitOfWorkImpl.java:1503)
	at org.eclipse.persistence.internal.sessions.UnitOfWorkImpl.commitToDatabaseWithChangeSet(UnitOfWorkImpl.java:1593)
	at org.eclipse.persistence.internal.sessions.RepeatableWriteUnitOfWork.commitRootUnitOfWork(RepeatableWriteUnitOfWork.java:280)
	at org.eclipse.persistence.internal.sessions.UnitOfWorkImpl.commitAndResume(UnitOfWorkImpl.java:1230)
	at org.eclipse.persistence.internal.jpa.transaction.EntityTransactionImpl.commit(EntityTransactionImpl.java:136)
	... 28 more
Caused by: org.postgresql.util.PSQLException: ERROR: null value in column "programme" of relation "student" violates not-null constraint
  Detail: Failing row contains (7, 70127, xstudent@stuba.sk, Test Student, $2a$13$4lRf6zcRk4FxA/HY2LG0iey3de5mAc9NOcBZTg0o0oz7rSDLfTLUy, null, 0, 0).
	at org.postgresql.core.v3.QueryExecutorImpl.receiveErrorResponse(QueryExecutorImpl.java:2676)
	at org.postgresql.core.v3.QueryExecutorImpl.processResults(QueryExecutorImpl.java:2366)
	at org.postgresql.core.v3.QueryExecutorImpl.execute(QueryExecutorImpl.java:356)
	at org.postgresql.jdbc.PgStatement.executeInternal(PgStatement.java:496)
	at org.postgresql.jdbc.PgStatement.execute(PgStatement.java:413)
	at org.postgresql.jdbc.PgPreparedStatement.executeWithFlags(PgPreparedStatement.java:190)
	at org.postgresql.jdbc.PgPreparedStatement.executeUpdate(PgPreparedStatement.java:152)
	at org.eclipse.persistence.internal.databaseaccess.DatabaseAccessor.executeDirectNoSelect(DatabaseAccessor.java:898)
	... 59 more
]]></system-err>
  </testcase>
  <testcase name="shouldGetEmptyList" classname="sk.stuba.fei.uim.vsa.pr2.StudentResourceTest" time="1.093">
    <failure message="expected: &lt;200&gt; but was: &lt;401&gt;" type="org.opentest4j.AssertionFailedError"><![CDATA[org.opentest4j.AssertionFailedError: expected: <200> but was: <401>
	at sk.stuba.fei.uim.vsa.pr2.StudentResourceTest.shouldGetEmptyList(StudentResourceTest.java:127)
]]></failure>
    <system-out><![CDATA[[EL Fine]: moxy: 2023-05-27 11:26:22.595--Thread(Thread[main,5,main])--MOXyJsonProvider.writeTo(...) is called.
[EL Fine]: moxy: 2023-05-27 11:26:22.595--Thread(Thread[main,5,main])--Setting marshaller property (name/value): jaxb.formatted.output/false
[EL Fine]: moxy: 2023-05-27 11:26:22.595--Thread(Thread[main,5,main])--Setting marshaller property (name/value): eclipselink.media-type/application/json
[EL Fine]: moxy: 2023-05-27 11:26:22.595--Thread(Thread[main,5,main])--Setting marshaller property (name/value): eclipselink.json.attribute-prefix/null
[EL Fine]: moxy: 2023-05-27 11:26:22.595--Thread(Thread[main,5,main])--Setting marshaller property (name/value): eclipselink.json.include-root/false
[EL Fine]: moxy: 2023-05-27 11:26:22.595--Thread(Thread[main,5,main])--Setting marshaller property (name/value): eclipselink.json.marshal-empty-collections/true
[EL Fine]: moxy: 2023-05-27 11:26:22.595--Thread(Thread[main,5,main])--Setting marshaller property (name/value): eclipselink.json.namespace-separator/.
[EL Fine]: moxy: 2023-05-27 11:26:22.595--Thread(Thread[main,5,main])--Setting marshaller property (name/value): eclipselink.json.wrapper-as-array-name/false
[EL Fine]: moxy: 2023-05-27 11:26:22.595--Thread(Thread[main,5,main])--Setting marshaller property (name/value): eclipselink.namespace-prefix-mapper/null
[EL Fine]: moxy: 2023-05-27 11:26:22.595--Thread(Thread[main,5,main])--Setting marshaller property (name/value): jaxb.formatted.output/false
[EL Fine]: moxy: 2023-05-27 11:26:22.595--Thread(Thread[main,5,main])--Setting marshaller property (name/value): eclipselink.json.namespace-separator/.
[EL Fine]: moxy: 2023-05-27 11:26:22.595--Thread(Thread[main,5,main])--Setting marshaller property (name/value): eclipselink.json.include-root/false
[EL Fine]: moxy: 2023-05-27 11:26:22.595--Thread(Thread[main,5,main])--Setting marshaller property (name/value): eclipselink.json.marshal-empty-collections/true
[EL Fine]: moxy: 2023-05-27 11:26:22.595--Thread(Thread[main,5,main])--Marshalling "sk.stuba.fei.uim.vsa.pr2.model.dto.request.CreateTeacherRequest" into APPLICATION_JSON started
[EL Fine]: moxy: 2023-05-27 11:26:22.599--Thread(Thread[grizzly-http-server-11,5,main])--SAXParserFactory instance: com.sun.org.apache.xerces.internal.jaxp.SAXParserFactoryImpl@702664b9
[EL Fine]: moxy: 2023-05-27 11:26:22.6--Thread(Thread[grizzly-http-server-11,5,main])--SAXParserFactory instance: com.sun.org.apache.xerces.internal.jaxp.SAXParserFactoryImpl@8c47a77
2023-05-27 11:26:22.604  INFO --- [-http-server-11] s.s.fei.uim.vsa.pr2.web.StudentResource  : password: password
[EL Fine]: connection: 2023-05-27 11:26:23.074--ServerSession(1665209618)--Connection(410524160)--Thread(Thread[grizzly-http-server-11,5,main])--connecting(DatabaseLogin(
	platform=>PostgreSQLPlatform
	user name=> "vsa"
	datasource URL=> "jdbc:postgresql://localhost:5432/vsa_pr2_marko123701"
))
[EL Config]: connection: 2023-05-27 11:26:23.092--ServerSession(1665209618)--Connection(1610590437)--Thread(Thread[grizzly-http-server-11,5,main])--Connected: jdbc:postgresql://localhost:5432/vsa_pr2_marko123701
	User: vsa
	Database: PostgreSQL  Version: 15.2 (Debian 15.2-1.pgdg110+1)
	Driver: PostgreSQL JDBC Driver  Version: 42.5.4
[EL Fine]: sql: 2023-05-27 11:26:23.092--ServerSession(1665209618)--Connection(1610590437)--Thread(Thread[grizzly-http-server-11,5,main])--SELECT ID, AISID, DEPARTMENT, EMAIL, INSTITUTE, NAME, PASSWORD FROM EDUCATOR WHERE (EMAIL = ?)
	bind => [ucitel.test@stuba.sk]
[EL Fine]: sql: 2023-05-27 11:26:23.094--ServerSession(1665209618)--Thread(Thread[grizzly-http-server-11,5,main])--SELECT 1
[EL Fine]: sql: 2023-05-27 11:26:23.094--ServerSession(1665209618)--Connection(1610590437)--Thread(Thread[grizzly-http-server-11,5,main])--SELECT ID, AISID, DEPARTMENT, EMAIL, INSTITUTE, NAME, PASSWORD FROM EDUCATOR WHERE (AISID = ?)
	bind => [45678]
[EL Fine]: sql: 2023-05-27 11:26:23.095--ClientSession(1996913951)--Connection(1610590437)--Thread(Thread[grizzly-http-server-11,5,main])--INSERT INTO EDUCATOR (AISID, DEPARTMENT, EMAIL, INSTITUTE, NAME, PASSWORD) VALUES (?, ?, ?, ?, ?, ?)
	bind => [45678, SI, ucitel.test@stuba.sk, UIM, Testovaci ucitel, $2a$13$zqZNKx3k8.k1DVp.UTQKYO51Oi0xUJ04CqWvTfPOcJOHe2n5pYhoe]
[EL Fine]: sql: 2023-05-27 11:26:23.095--ClientSession(1996913951)--Connection(1610590437)--Thread(Thread[grizzly-http-server-11,5,main])--select lastval()
[EL Fine]: sql: 2023-05-27 11:26:23.104--ServerSession(1665209618)--Connection(1610590437)--Thread(Thread[grizzly-http-server-11,5,main])--SELECT ID, DEPARTMENT, DESCRIPTION, INSTITUTE, PUBLICATIONDATE, REGISTRATIONNUMBER, STATUS, SUBMISSIONDEADLINE, TITLE, TYPE, EDUCATOR_ID, STUDENT_ID FROM FINALTHESIS WHERE (EDUCATOR_ID = ?)
	bind => [1]
[EL Fine]: sql: 2023-05-27 11:26:23.6--ClientSession(732557958)--Connection(1610590437)--Thread(Thread[grizzly-http-server-11,5,main])--INSERT INTO vsa_user (ID, EMAIL, PASSWORD, ROLE) VALUES (?, ?, ?, ?)
	bind => [7, ucitel.test@stuba.sk, $2a$13$TcBV6/aAMIkalhJavnJsaODVRb50PcXJZlB8mnAbg2sd0n5ejTa1W, TEACHER]
2023-05-27 11:26:23.606  INFO --- [           main] s.s.fei.uim.vsa.pr2.utils.ResourceTest   : Parsing response: {"id":1,"aisId":45678,"name":"Testovaci ucitel","email":"ucitel.test@stuba.sk","institute":"UIM","department":"SI","theses":[]}
[EL Fine]: moxy: 2023-05-27 11:26:23.613--Thread(Thread[grizzly-http-server-12,5,main])--SAXParserFactory instance: com.sun.org.apache.xerces.internal.jaxp.SAXParserFactoryImpl@25be612f
[EL Fine]: moxy: 2023-05-27 11:26:23.615--Thread(Thread[grizzly-http-server-12,5,main])--SAXParserFactory instance: com.sun.org.apache.xerces.internal.jaxp.SAXParserFactoryImpl@64836b14
]]></system-out>
  </testcase>
  <testcase name="shouldCallWithoutBodyAndReturnError" classname="sk.stuba.fei.uim.vsa.pr2.StudentResourceTest" time="0.105"/>
  <testcase name="shouldDeleteStudent" classname="sk.stuba.fei.uim.vsa.pr2.StudentResourceTest" time="1.075">
    <failure message="expected: &lt;200&gt; but was: &lt;401&gt;" type="org.opentest4j.AssertionFailedError"><![CDATA[org.opentest4j.AssertionFailedError: expected: <200> but was: <401>
	at sk.stuba.fei.uim.vsa.pr2.StudentResourceTest.shouldDeleteStudent(StudentResourceTest.java:183)
]]></failure>
    <system-out><![CDATA[[EL Fine]: moxy: 2023-05-27 11:26:23.793--Thread(Thread[main,5,main])--MOXyJsonProvider.writeTo(...) is called.
[EL Fine]: moxy: 2023-05-27 11:26:23.793--Thread(Thread[main,5,main])--Setting marshaller property (name/value): jaxb.formatted.output/false
[EL Fine]: moxy: 2023-05-27 11:26:23.793--Thread(Thread[main,5,main])--Setting marshaller property (name/value): eclipselink.media-type/application/json
[...]
[EL Fine]: moxy: 2023-05-27 11:26:55.271--Thread(Thread[main,5,main])--MOXyJsonProvider.writeTo(...) is called.
[EL Fine]: moxy: 2023-05-27 11:26:55.271--Thread(Thread[main,5,main])--Setting marshaller property (name/value): jaxb.formatted.output/false
[EL Fine]: moxy: 2023-05-27 11:26:55.271--Thread(Thread[main,5,main])--Setting marshaller property (name/value): eclipselink.media-type/application/json
[EL Fine]: moxy: 2023-05-27 11:26:55.271--Thread(Thread[main,5,main])--Setting marshaller property (name/value): eclipselink.json.attribute-prefix/null
[EL Fine]: moxy: 2023-05-27 11:26:55.271--Thread(Thread[main,5,main])--Setting marshaller property (name/value): eclipselink.json.include-root/false
[EL Fine]: moxy: 2023-05-27 11:26:55.271--Thread(Thread[main,5,main])--Setting marshaller property (name/value): eclipselink.json.marshal-empty-collections/true
[EL Fine]: moxy: 2023-05-27 11:26:55.271--Thread(Thread[main,5,main])--Setting marshaller property (name/value): eclipselink.json.namespace-separator/.
[EL Fine]: moxy: 2023-05-27 11:26:55.271--Thread(Thread[main,5,main])--Setting marshaller property (name/value): eclipselink.json.wrapper-as-array-name/false
[EL Fine]: moxy: 2023-05-27 11:26:55.271--Thread(Thread[main,5,main])--Setting marshaller property (name/value): eclipselink.namespace-prefix-mapper/null
[EL Fine]: moxy: 2023-05-27 11:26:55.271--Thread(Thread[main,5,main])--Setting marshaller property (name/value): jaxb.formatted.output/false
[EL Fine]: moxy: 2023-05-27 11:26:55.271--Thread(Thread[main,5,main])--Setting marshaller property (name/value): eclipselink.json.namespace-separator/.
[EL Fine]: moxy: 2023-05-27 11:26:55.271--Thread(Thread[main,5,main])--Setting marshaller property (name/value): eclipselink.json.include-root/false
[EL Fine]: moxy: 2023-05-27 11:26:55.271--Thread(Thread[main,5,main])--Setting marshaller property (name/value): eclipselink.json.marshal-empty-collections/true
[EL Fine]: moxy: 2023-05-27 11:26:55.271--Thread(Thread[main,5,main])--Marshalling "sk.stuba.fei.uim.vsa.pr2.model.dto.request.CreateTeacherRequest" into APPLICATION_JSON started
[EL Fine]: moxy: 2023-05-27 11:26:55.273--Thread(Thread[grizzly-http-server-13,5,main])--SAXParserFactory instance: com.sun.org.apache.xerces.internal.jaxp.SAXParserFactoryImpl@3eea51bd
[EL Fine]: moxy: 2023-05-27 11:26:55.274--Thread(Thread[grizzly-http-server-13,5,main])--SAXParserFactory instance: com.sun.org.apache.xerces.internal.jaxp.SAXParserFactoryImpl@7fd75b86
2023-05-27 11:26:55.276  INFO --- [-http-server-13] s.s.fei.uim.vsa.pr2.web.StudentResource  : password: password
[EL Fine]: sql: 2023-05-27 11:26:55.773--ServerSession(1665209618)--Connection(79295887)--Thread(Thread[grizzly-http-server-13,5,main])--SELECT ID, AISID, DEPARTMENT, EMAIL, INSTITUTE, NAME, PASSWORD FROM EDUCATOR WHERE (EMAIL = ?)
	bind => [test.teacher@stuba.sk]
[EL Fine]: sql: 2023-05-27 11:26:55.773--ServerSession(1665209618)--Connection(79295887)--Thread(Thread[grizzly-http-server-13,5,main])--SELECT ID, AISID, DEPARTMENT, EMAIL, INSTITUTE, NAME, PASSWORD FROM EDUCATOR WHERE (AISID = ?)
	bind => [123456]
[EL Fine]: sql: 2023-05-27 11:26:55.774--ClientSession(536388809)--Connection(79295887)--Thread(Thread[grizzly-http-server-13,5,main])--INSERT INTO EDUCATOR (AISID, DEPARTMENT, EMAIL, INSTITUTE, NAME, PASSWORD) VALUES (?, ?, ?, ?, ?, ?)
	bind => [123456, BIS, test.teacher@stuba.sk, UIMM, Meno testovacieho uciteľa, $2a$13$/W5L.0PJH/BlMYiPv.tnBeZr3IGHoK9HfC5sDQbG0RCCCyPAQ9IXq]
[EL Fine]: sql: 2023-05-27 11:26:55.775--ClientSession(536388809)--Connection(79295887)--Thread(Thread[grizzly-http-server-13,5,main])--select lastval()
[EL Fine]: sql: 2023-05-27 11:26:55.78--ServerSession(1665209618)--Connection(79295887)--Thread(Thread[grizzly-http-server-13,5,main])--SELECT ID, DEPARTMENT, DESCRIPTION, INSTITUTE, PUBLICATIONDATE, REGISTRATIONNUMBER, STATUS, SUBMISSIONDEADLINE, TITLE, TYPE, EDUCATOR_ID, STUDENT_ID FROM FINALTHESIS WHERE (EDUCATOR_ID = ?)
	bind => [28]
[EL Fine]: sql: 2023-05-27 11:26:56.254--ClientSession(464969616)--Connection(79295887)--Thread(Thread[grizzly-http-server-13,5,main])--INSERT INTO vsa_user (ID, EMAIL, PASSWORD, ROLE) VALUES (?, ?, ?, ?)
	bind => [37, test.teacher@stuba.sk, $2a$13$pHGMkltYoSshujX9xssGwO9pck5RMpv6Kq9pHdLCSgz1UP6cY1FrO, TEACHER]
2023-05-27 11:26:56.263  INFO --- [           main] s.s.fei.uim.vsa.pr2.utils.ResourceTest   : Parsing response: {"id":28,"aisId":123456,"name":"Meno testovacieho uciteľa","email":"test.teacher@stuba.sk","institute":"UIMM","department":"BIS","theses":[]}
[EL Fine]: moxy: 2023-05-27 11:26:56.265--Thread(Thread[grizzly-http-server-14,5,main])--SAXParserFactory instance: com.sun.org.apache.xerces.internal.jaxp.SAXParserFactoryImpl@555e6643
[EL Fine]: moxy: 2023-05-27 11:26:56.267--Thread(Thread[grizzly-http-server-14,5,main])--SAXParserFactory instance: com.sun.org.apache.xerces.internal.jaxp.SAXParserFactoryImpl@14636c78
]]></system-out>
  </testcase>
  <testcase name="shouldGetEmptyList" classname="sk.stuba.fei.uim.vsa.pr2.TeacherResourceTest" time="1.027">
    <failure message="expected: &lt;200&gt; but was: &lt;401&gt;" type="org.opentest4j.AssertionFailedError"><![CDATA[org.opentest4j.AssertionFailedError: expected: <200> but was: <401>
	at sk.stuba.fei.uim.vsa.pr2.TeacherResourceTest.shouldGetEmptyList(TeacherResourceTest.java:127)
]]></failure>
    <system-out><![CDATA[[EL Fine]: moxy: 2023-05-27 11:26:56.33--Thread(Thread[main,5,main])--MOXyJsonProvider.writeTo(...) is called.
[EL Fine]: moxy: 2023-05-27 11:26:56.33--Thread(Thread[main,5,main])--Setting marshaller property (name/value): jaxb.formatted.output/false
[EL Fine]: moxy: 2023-05-27 11:26:56.33--Thread(Thread[main,5,main])--Setting marshaller property (name/value): eclipselink.media-type/application/json
[EL Fine]: moxy: 2023-05-27 11:26:56.33--Thread(Thread[main,5,main])--Setting marshaller property (name/value): eclipselink.json.attribute-prefix/null
[EL Fine]: moxy: 2023-05-27 11:26:56.33--Thread(Thread[main,5,main])--Setting marshaller property (name/value): eclipselink.json.include-root/false
[EL Fine]: moxy: 2023-05-27 11:26:56.33--Thread(Thread[main,5,main])--Setting marshaller property (name/value): eclipselink.json.marshal-empty-collections/true
[EL Fine]: moxy: 2023-05-27 11:26:56.33--Thread(Thread[main,5,main])--Setting marshaller property (name/value): eclipselink.json.namespace-separator/.
[EL Fine]: moxy: 2023-05-27 11:26:56.33--Thread(Thread[main,5,main])--Setting marshaller property (name/value): eclipselink.json.wrapper-as-array-name/false
[EL Fine]: moxy: 2023-05-27 11:26:56.33--Thread(Thread[main,5,main])--Setting marshaller property (name/value): eclipselink.namespace-prefix-mapper/null
[EL Fine]: moxy: 2023-05-27 11:26:56.33--Thread(Thread[main,5,main])--Setting marshaller property (name/value): jaxb.formatted.output/false
[EL Fine]: moxy: 2023-05-27 11:26:56.33--Thread(Thread[main,5,main])--Setting marshaller property (name/value): eclipselink.json.namespace-separator/.
[EL Fine]: moxy: 2023-05-27 11:26:56.33--Thread(Thread[main,5,main])--Setting marshaller property (name/value): eclipselink.json.include-root/false
[EL Fine]: moxy: 2023-05-27 11:26:56.33--Thread(Thread[main,5,main])--Setting marshaller property (name/value): eclipselink.json.marshal-empty-collections/true
[EL Fine]: moxy: 2023-05-27 11:26:56.33--Thread(Thread[main,5,main])--Marshalling "sk.stuba.fei.uim.vsa.pr2.model.dto.request.CreateStudentRequest" into APPLICATION_JSON started
[EL Fine]: moxy: 2023-05-27 11:26:56.332--Thread(Thread[grizzly-http-server-15,5,main])--SAXParserFactory instance: com.sun.org.apache.xerces.internal.jaxp.SAXParserFactoryImpl@4d724040
[EL Fine]: moxy: 2023-05-27 11:26:56.333--Thread(Thread[grizzly-http-server-15,5,main])--SAXParserFactory instance: com.sun.org.apache.xerces.internal.jaxp.SAXParserFactoryImpl@c4f4a7b
2023-05-27 11:26:56.335  INFO --- [-http-server-15] s.s.fei.uim.vsa.pr2.web.StudentResource  : password: password
[EL Fine]: sql: 2023-05-27 11:26:56.802--ServerSession(1665209618)--Connection(79295887)--Thread(Thread[grizzly-http-server-15,5,main])--SELECT COUNT(ID) FROM STUDENT WHERE (EMAIL = ?)
	bind => [xstudent@stuba.sk]
[EL Fine]: sql: 2023-05-27 11:26:56.803--ServerSession(1665209618)--Connection(79295887)--Thread(Thread[grizzly-http-server-15,5,main])--SELECT COUNT(ID) FROM STUDENT WHERE (AISID = ?)
	bind => [70127]
[EL Fine]: sql: 2023-05-27 11:26:56.804--ClientSession(1818277172)--Connection(79295887)--Thread(Thread[grizzly-http-server-15,5,main])--INSERT INTO STUDENT (AISID, EMAIL, NAME, PASSWORD, PROGRAMME, TERM, YEAR) VALUES (?, ?, ?, ?, ?, ?, ?)
	bind => [70127, xstudent@stuba.sk, Test Student, $2a$13$pdpspGJLnngi0WKkoHPFKeMhrVA2ITiTQUFdqc2P7CFzIg7oGTK8a, API, 18, 8]
[EL Fine]: sql: 2023-05-27 11:26:56.804--ClientSession(1818277172)--Connection(79295887)--Thread(Thread[grizzly-http-server-15,5,main])--select lastval()
[EL Fine]: sql: 2023-05-27 11:26:57.279--ClientSession(26108397)--Connection(79295887)--Thread(Thread[grizzly-http-server-15,5,main])--INSERT INTO vsa_user (ID, EMAIL, PASSWORD, ROLE) VALUES (?, ?, ?, ?)
	bind => [38, xstudent@stuba.sk, $2a$13$eHQUKb9O1zhIwRvusqqYl.d23.FiC2fip9MBt8H3JOrm/yvxlJsm., STUDENT]
2023-05-27 11:26:57.289  INFO --- [           main] s.s.fei.uim.vsa.pr2.utils.ResourceTest   : Parsing response: {"id":12,"aisId":70127,"name":"Test Student","email":"xstudent@stuba.sk","year":8,"term":18,"programme":"API","thesis":null}
[EL Fine]: moxy: 2023-05-27 11:26:57.293--Thread(Thread[grizzly-http-server-16,5,main])--SAXParserFactory instance: com.sun.org.apache.xerces.internal.jaxp.SAXParserFactoryImpl@511a1b99
[EL Fine]: moxy: 2023-05-27 11:26:57.294--Thread(Thread[grizzly-http-server-16,5,main])--SAXParserFactory instance: com.sun.org.apache.xerces.internal.jaxp.SAXParserFactoryImpl@102711a2
]]></system-out>
  </testcase>
  <testcase name="shouldCallWithoutBodyAndReturnError" classname="sk.stuba.fei.uim.vsa.pr2.TeacherResourceTest" time="0.069"/>
  <testcase name="shouldGetAllTeachers" classname="sk.stuba.fei.uim.vsa.pr2.TeacherResourceTest" time="2.015">
    <failure message="expected: &lt;200&gt; but was: &lt;401&gt;" type="org.opentest4j.AssertionFailedError"><![CDATA[org.opentest4j.AssertionFailedError: expected: <200> but was: <401>
	at sk.stuba.fei.uim.vsa.pr2.TeacherResourceTest.shouldGetAllTeachers(TeacherResourceTest.java:95)
]]></failure>
    <system-out><![CDATA[[EL Fine]: moxy: 2023-05-27 11:26:57.427--Thread(Thread[main,5,main])--MOXyJsonProvider.writeTo(...) is called.
[EL Fine]: moxy: 2023-05-27 11:26:57.427--Thread(Thread[main,5,main])--Setting marshaller property (name/value): jaxb.formatted.output/false
[EL Fine]: moxy: 2023-05-27 11:26:57.427--Thread(Thread[main,5,main])--Setting marshaller property (name/value): eclipselink.media-type/application/json
[EL Fine]: moxy: 2023-05-27 11:26:57.427--Thread(Thread[main,5,main])--Setting marshaller property (name/value): eclipselink.json.attribute-prefix/null
[EL Fine]: moxy: 2023-05-27 11:26:57.427--Thread(Thread[main,5,main])--Setting marshaller property (name/value): eclipselink.json.include-root/false
[EL Fine]: moxy: 2023-05-27 11:26:57.427--Thread(Thread[main,5,main])--Setting marshaller property (name/value): eclipselink.json.marshal-empty-collections/true
[EL Fine]: moxy: 2023-05-27 11:26:57.427--Thread(Thread[main,5,main])--Setting marshaller property (name/value): eclipselink.json.namespace-separator/.
[EL Fine]: moxy: 2023-05-27 11:26:57.427--Thread(Thread[main,5,main])--Setting marshaller property (name/value): eclipselink.json.wrapper-as-array-name/false
[EL Fine]: moxy: 2023-05-27 11:26:57.427--Thread(Thread[main,5,main])--Setting marshaller property (name/value): eclipselink.namespace-prefix-mapper/null
[EL Fine]: moxy: 2023-05-27 11:26:57.427--Thread(Thread[main,5,main])--Setting marshaller property (name/value): jaxb.formatted.output/false
[EL Fine]: moxy: 2023-05-27 11:26:57.427--Thread(Thread[main,5,main])--Setting marshaller property (name/value): eclipselink.json.namespace-separator/.
[EL Fine]: moxy: 2023-05-27 11:26:57.427--Thread(Thread[main,5,main])--Setting marshaller property (name/value): eclipselink.json.include-root/false
[EL Fine]: moxy: 2023-05-27 11:26:57.427--Thread(Thread[main,5,main])--Setting marshaller property (name/value): eclipselink.json.marshal-empty-collections/true
[EL Fine]: moxy: 2023-05-27 11:26:57.427--Thread(Thread[main,5,main])--Marshalling "sk.stuba.fei.uim.vsa.pr2.model.dto.request.CreateTeacherRequest" into APPLICATION_JSON started
[EL Fine]: moxy: 2023-05-27 11:26:57.429--Thread(Thread[grizzly-http-server-18,5,main])--SAXParserFactory instance: com.sun.org.apache.xerces.internal.jaxp.SAXParserFactoryImpl@2677e094
[EL Fine]: moxy: 2023-05-27 11:26:57.431--Thread(Thread[grizzly-http-server-18,5,main])--SAXParserFactory instance: com.sun.org.apache.xerces.internal.jaxp.SAXParserFactoryImpl@674aeaaf
2023-05-27 11:26:57.432  INFO --- [-http-server-18] s.s.fei.uim.vsa.pr2.web.StudentResource  : password: password
[EL Fine]: sql: 2023-05-27 11:26:57.897--ServerSession(1665209618)--Connection(79295887)--Thread(Thread[grizzly-http-server-18,5,main])--SELECT ID, AISID, DEPARTMENT, EMAIL, INSTITUTE, NAME, PASSWORD FROM EDUCATOR WHERE (EMAIL = ?)
	bind => [ucitel.test@stuba.sk]
[EL Fine]: sql: 2023-05-27 11:26:57.898--ServerSession(1665209618)--Connection(79295887)--Thread(Thread[grizzly-http-server-18,5,main])--SELECT ID, AISID, DEPARTMENT, EMAIL, INSTITUTE, NAME, PASSWORD FROM EDUCATOR WHERE (AISID = ?)
	bind => [45678]
[EL Fine]: sql: 2023-05-27 11:26:57.898--ClientSession(124065248)--Connection(79295887)--Thread(Thread[grizzly-http-server-18,5,main])--INSERT INTO EDUCATOR (AISID, DEPARTMENT, EMAIL, INSTITUTE, NAME, PASSWORD) VALUES (?, ?, ?, ?, ?, ?)
	bind => [45678, SI, ucitel.test@stuba.sk, UIM, Testovaci ucitel, $2a$13$T4FgFIWtC4UTeQhg/E/mhuic29oI2lut1eCKDOk6g7Bytl6qcqFYC]
[EL Fine]: sql: 2023-05-27 11:26:57.899--ClientSession(124065248)--Connection(79295887)--Thread(Thread[grizzly-http-server-18,5,main])--select lastval()
[EL Fine]: sql: 2023-05-27 11:26:57.907--ServerSession(1665209618)--Connection(79295887)--Thread(Thread[grizzly-http-server-18,5,main])--SELECT ID, DEPARTMENT, DESCRIPTION, INSTITUTE, PUBLICATIONDATE, REGISTRATIONNUMBER, STATUS, SUBMISSIONDEADLINE, TITLE, TYPE, EDUCATOR_ID, STUDENT_ID FROM FINALTHESIS WHERE (EDUCATOR_ID = ?)
	bind => [29]
[EL Fine]: sql: 2023-05-27 11:26:58.38--ClientSession(53210660)--Connection(79295887)--Thread(Thread[grizzly-http-server-18,5,main])--INSERT INTO vsa_user (ID, EMAIL, PASSWORD, ROLE) VALUES (?, ?, ?, ?)
	bind => [39, ucitel.test@stuba.sk, $2a$13$tIQts7aqmznYnOXnKRZD7OPXt8fFqvHexxzSdwPa/G4y4MLaCEQby, TEACHER]
2023-05-27 11:26:58.389  INFO --- [           main] s.s.fei.uim.vsa.pr2.utils.ResourceTest   : Parsing response: {"id":29,"aisId":45678,"name":"Testovaci ucitel","email":"ucitel.test@stuba.sk","institute":"UIM","department":"SI","theses":[]}
[EL Fine]: moxy: 2023-05-27 11:26:58.391--Thread(Thread[main,5,main])--MOXyJsonProvider.writeTo(...) is called.
[EL Fine]: moxy: 2023-05-27 11:26:58.391--Thread(Thread[main,5,main])--Setting marshaller property (name/value): jaxb.formatted.output/false
[EL Fine]: moxy: 2023-05-27 11:26:58.391--Thread(Thread[main,5,main])--Setting marshaller property (name/value): eclipselink.media-type/application/json
[EL Fine]: moxy: 2023-05-27 11:26:58.391--Thread(Thread[main,5,main])--Setting marshaller property (name/value): eclipselink.json.attribute-prefix/null
[EL Fine]: moxy: 2023-05-27 11:26:58.391--Thread(Thread[main,5,main])--Setting marshaller property (name/value): eclipselink.json.include-root/false
[EL Fine]: moxy: 2023-05-27 11:26:58.391--Thread(Thread[main,5,main])--Setting marshaller property (name/value): eclipselink.json.marshal-empty-collections/true
[EL Fine]: moxy: 2023-05-27 11:26:58.391--Thread(Thread[main,5,main])--Setting marshaller property (name/value): eclipselink.json.namespace-separator/.
[EL Fine]: moxy: 2023-05-27 11:26:58.391--Thread(Thread[main,5,main])--Setting marshaller property (name/value): eclipselink.json.wrapper-as-array-name/false
[EL Fine]: moxy: 2023-05-27 11:26:58.391--Thread(Thread[main,5,main])--Setting marshaller property (name/value): eclipselink.namespace-prefix-mapper/null
[EL Fine]: moxy: 2023-05-27 11:26:58.391--Thread(Thread[main,5,main])--Setting marshaller property (name/value): jaxb.formatted.output/false
[EL Fine]: moxy: 2023-05-27 11:26:58.391--Thread(Thread[main,5,main])--Setting marshaller property (name/value): eclipselink.json.namespace-separator/.
[EL Fine]: moxy: 2023-05-27 11:26:58.391--Thread(Thread[main,5,main])--Setting marshaller property (name/value): eclipselink.json.include-root/false
[EL Fine]: moxy: 2023-05-27 11:26:58.391--Thread(Thread[main,5,main])--Setting marshaller property (name/value): eclipselink.json.marshal-empty-collections/true
[EL Fine]: moxy: 2023-05-27 11:26:58.391--Thread(Thread[main,5,main])--Marshalling "sk.stuba.fei.uim.vsa.pr2.model.dto.request.CreateTeacherRequest" into APPLICATION_JSON started
[EL Fine]: moxy: 2023-05-27 11:26:58.392--Thread(Thread[grizzly-http-server-19,5,main])--SAXParserFactory instance: com.sun.org.apache.xerces.internal.jaxp.SAXParserFactoryImpl@18d97f54
[EL Fine]: moxy: 2023-05-27 11:26:58.394--Thread(Thread[grizzly-http-server-19,5,main])--SAXParserFactory instance: com.sun.org.apache.xerces.internal.jaxp.SAXParserFactoryImpl@59e4756f
2023-05-27 11:26:58.395  INFO --- [-http-server-19] s.s.fei.uim.vsa.pr2.web.StudentResource  : password: password
[EL Fine]: sql: 2023-05-27 11:26:58.863--ServerSession(1665209618)--Connection(79295887)--Thread(Thread[grizzly-http-server-19,5,main])--SELECT ID, AISID, DEPARTMENT, EMAIL, INSTITUTE, NAME, PASSWORD FROM EDUCATOR WHERE (EMAIL = ?)
	bind => [test.teacher@stuba.sk]
[EL Fine]: sql: 2023-05-27 11:26:58.864--ServerSession(1665209618)--Connection(79295887)--Thread(Thread[grizzly-http-server-19,5,main])--SELECT ID, AISID, DEPARTMENT, EMAIL, INSTITUTE, NAME, PASSWORD FROM EDUCATOR WHERE (AISID = ?)
	bind => [123456]
[EL Fine]: sql: 2023-05-27 11:26:58.864--ClientSession(969640480)--Connection(79295887)--Thread(Thread[grizzly-http-server-19,5,main])--INSERT INTO EDUCATOR (AISID, DEPARTMENT, EMAIL, INSTITUTE, NAME, PASSWORD) VALUES (?, ?, ?, ?, ?, ?)
	bind => [123456, BIS, test.teacher@stuba.sk, UIMM, Meno testovacieho uciteľa, $2a$13$Bn97IvgrAP7Ti4HYp55RuOzY6OfETav0oLFyxkmOz4ZSx.tfs.yqK]
[EL Fine]: sql: 2023-05-27 11:26:58.865--ClientSession(969640480)--Connection(79295887)--Thread(Thread[grizzly-http-server-19,5,main])--select lastval()
[EL Fine]: sql: 2023-05-27 11:26:58.869--ServerSession(1665209618)--Connection(79295887)--Thread(Thread[grizzly-http-server-19,5,main])--SELECT ID, DEPARTMENT, DESCRIPTION, INSTITUTE, PUBLICATIONDATE, REGISTRATIONNUMBER, STATUS, SUBMISSIONDEADLINE, TITLE, TYPE, EDUCATOR_ID, STUDENT_ID FROM FINALTHESIS WHERE (EDUCATOR_ID = ?)
	bind => [30]
[EL Fine]: sql: 2023-05-27 11:26:59.366--ClientSession(1032181594)--Connection(79295887)--Thread(Thread[grizzly-http-server-19,5,main])--INSERT INTO vsa_user (ID, EMAIL, PASSWORD, ROLE) VALUES (?, ?, ?, ?)
	bind => [40, test.teacher@stuba.sk, $2a$13$wPirOANaBffev3xdjxdJmO9tO5Mw.i7tGKxanDu5Uqy/yCqj5nlfm, TEACHER]
2023-05-27 11:26:59.375  INFO --- [           main] s.s.fei.uim.vsa.pr2.utils.ResourceTest   : Parsing response: {"id":30,"aisId":123456,"name":"Meno testovacieho uciteľa","email":"test.teacher@stuba.sk","institute":"UIMM","department":"BIS","theses":[]}
[EL Fine]: moxy: 2023-05-27 11:26:59.377--Thread(Thread[grizzly-http-server-20,5,main])--SAXParserFactory instance: com.sun.org.apache.xerces.internal.jaxp.SAXParserFactoryImpl@676c712e
[EL Fine]: moxy: 2023-05-27 11:26:59.378--Thread(Thread[grizzly-http-server-20,5,main])--SAXParserFactory instance: com.sun.org.apache.xerces.internal.jaxp.SAXParserFactoryImpl@26517b15
]]></system-out>
  </testcase>
</testsuite></testsuites>