<?xml version="1.0" encoding="UTF-8"?><testsuites>
<testsuite xmlns:xsi="http://www.w3.org/2001/XMLSchema-instance" xsi:noNamespaceSchemaLocation="https://maven.apache.org/surefire/maven-surefire-plugin/xsd/surefire-test-report.xsd" name="sk.stuba.fei.uim.vsa.pr2.bonus.BonusSearchResourceTest" time="2.786" tests="3" errors="0" skipped="3" failures="0">
  <properties>
[...]
</properties>
  <testcase name="shouldFindStudents" classname="sk.stuba.fei.uim.vsa.pr2.bonus.BonusSearchResourceTest" time="0">
    <skipped message="Assumption failed: Skipping test. Bonus endpoints were not implemented" type="org.opentest4j.TestAbortedException">org.opentest4j.TestAbortedException: Assumption failed: Skipping test. Bonus endpoints were not implemented
	at sk.stuba.fei.uim.vsa.pr2.bonus.BonusSearchResourceTest.shouldFindStudents(BonusSearchResourceTest.java:176)
</skipped>
    <system-out><![CDATA[2023-05-18 10:40:57.707  INFO --- [           main] s.s.fei.uim.vsa.pr2.utils.ResourceTest   : Starting HTTP server for testing
2023-05-18 10:40:57.723  INFO --- [           main] s.s.fei.uim.vsa.pr2.Project2Application  : Starting Grizzly2 HTTP server...
2023-05-18 10:40:57.724  INFO --- [           main] s.s.f.u.v.pr2.ApplicationConfiguration   : Set base uri: http://docker-desktop:8080/api
2023-05-18 10:40:57.724  INFO --- [           main] s.s.fei.uim.vsa.pr2.Project2Application  : Server listening on http://docker-desktop:8080/api
2023-05-18 10:40:57.969  INFO --- [           main] org.reflections.Reflections              : Reflections took 66 ms to scan 2 urls, producing 27 keys and 53 values
2023-05-18 10:40:57.981  INFO --- [           main] .s.f.u.v.p.JAXRSApplicationConfiguration : Registered resource classes: [class sk.stuba.fei.uim.vsa.pr2.web.ThesesResource, class sk.stuba.fei.uim.vsa.pr2.web.StudentResource, class sk.stuba.fei.uim.vsa.pr2.web.TeacherResource]
2023-05-18 10:40:57.982  INFO --- [           main] .s.f.u.v.p.JAXRSApplicationConfiguration : Registered feature providers: [class sk.stuba.fei.uim.vsa.pr2.web.CORSFilter, class sk.stuba.fei.uim.vsa.pr2.auth.AuthenticationFilter, class sk.stuba.fei.uim.vsa.pr2.auth.AuthorizationFilter]
2023-05-18 10:40:58.781  INFO --- [           main] s.s.fei.uim.vsa.pr2.utils.ResourceTest   : Creating client for HTTP server
2023-05-18 10:40:58.795  INFO --- [           main] s.s.fei.uim.vsa.pr2.utils.ResourceTest   : Client created JerseyWebTarget { http://docker-desktop:8080/api }
[EL Fine]: server: 2023-05-18 10:40:59.032--Thread(Thread[main,5,main])--Configured server platform: org.eclipse.persistence.platform.server.NoServerPlatform
[EL Config]: metadata: 2023-05-18 10:40:59.101--ServerSession(1299661385)--Thread(Thread[main,5,main])--The access type for the persistent class [class sk.stuba.fei.uim.vsa.pr2.User.User] is set to [FIELD].
[EL Config]: metadata: 2023-05-18 10:40:59.114--ServerSession(1299661385)--Thread(Thread[main,5,main])--The access type for the persistent class [class sk.stuba.fei.uim.vsa.pr2.domain.Student] is set to [FIELD].
[EL Config]: metadata: 2023-05-18 10:40:59.118--ServerSession(1299661385)--Thread(Thread[main,5,main])--The target entity (reference) class for the one to one mapping element [field finalThesis] is being defaulted to: class sk.stuba.fei.uim.vsa.pr2.domain.FinalThesis.
[EL Config]: metadata: 2023-05-18 10:40:59.119--ServerSession(1299661385)--Thread(Thread[main,5,main])--The access type for the persistent class [class sk.stuba.fei.uim.vsa.pr2.domain.Educator] is set to [FIELD].
[EL Config]: metadata: 2023-05-18 10:40:59.123--ServerSession(1299661385)--Thread(Thread[main,5,main])--The target entity (reference) class for the one to many mapping element [field finalTheses] is being defaulted to: class sk.stuba.fei.uim.vsa.pr2.domain.FinalThesis.
[EL Config]: metadata: 2023-05-18 10:40:59.123--ServerSession(1299661385)--Thread(Thread[main,5,main])--The access type for the persistent class [class sk.stuba.fei.uim.vsa.pr2.domain.FinalThesis] is set to [FIELD].
[EL Config]: metadata: 2023-05-18 10:40:59.124--ServerSession(1299661385)--Thread(Thread[main,5,main])--The target entity (reference) class for the one to one mapping element [field student] is being defaulted to: class sk.stuba.fei.uim.vsa.pr2.domain.Student.
[EL Config]: metadata: 2023-05-18 10:40:59.125--ServerSession(1299661385)--Thread(Thread[main,5,main])--The target entity (reference) class for the many to one mapping element [field educator] is being defaulted to: class sk.stuba.fei.uim.vsa.pr2.domain.Educator.
[EL Config]: metadata: 2023-05-18 10:40:59.126--ServerSession(1299661385)--Thread(Thread[main,5,main])--The alias name for the entity class [class sk.stuba.fei.uim.vsa.pr2.User.User] is being defaulted to: User.
[EL Config]: metadata: 2023-05-18 10:40:59.135--ServerSession(1299661385)--Thread(Thread[main,5,main])--The column name for element [password] is being defaulted to: PASSWORD.
[EL Config]: metadata: 2023-05-18 10:40:59.136--ServerSession(1299661385)--Thread(Thread[main,5,main])--The column name for element [role] is being defaulted to: ROLE.
[EL Config]: metadata: 2023-05-18 10:40:59.138--ServerSession(1299661385)--Thread(Thread[main,5,main])--The column name for element [id] is being defaulted to: ID.
[EL Config]: metadata: 2023-05-18 10:40:59.138--ServerSession(1299661385)--Thread(Thread[main,5,main])--The column name for element [email] is being defaulted to: EMAIL.
[EL Config]: metadata: 2023-05-18 10:40:59.138--ServerSession(1299661385)--Thread(Thread[main,5,main])--The alias name for the entity class [class sk.stuba.fei.uim.vsa.pr2.domain.Student] is being defaulted to: Student.
[EL Config]: metadata: 2023-05-18 10:40:59.139--ServerSession(1299661385)--Thread(Thread[main,5,main])--The table name for entity [class sk.stuba.fei.uim.vsa.pr2.domain.Student] is being defaulted to: STUDENT.
[EL Config]: metadata: 2023-05-18 10:40:59.14--ServerSession(1299661385)--Thread(Thread[main,5,main])--The column name for element [password] is being defaulted to: PASSWORD.
[EL Config]: metadata: 2023-05-18 10:40:59.14--ServerSession(1299661385)--Thread(Thread[main,5,main])--The column name for element [year] is being defaulted to: YEAR.
[EL Config]: metadata: 2023-05-18 10:40:59.141--ServerSession(1299661385)--Thread(Thread[main,5,main])--The column name for element [name] is being defaulted to: NAME.
[EL Config]: metadata: 2023-05-18 10:40:59.141--ServerSession(1299661385)--Thread(Thread[main,5,main])--The column name for element [term] is being defaulted to: TERM.
[EL Config]: metadata: 2023-05-18 10:40:59.141--ServerSession(1299661385)--Thread(Thread[main,5,main])--The column name for element [id] is being defaulted to: ID.
[EL Config]: metadata: 2023-05-18 10:40:59.141--ServerSession(1299661385)--Thread(Thread[main,5,main])--The column name for element [programme] is being defaulted to: PROGRAMME.
[EL Config]: metadata: 2023-05-18 10:40:59.141--ServerSession(1299661385)--Thread(Thread[main,5,main])--The column name for element [aisId] is being defaulted to: AISID.
[EL Config]: metadata: 2023-05-18 10:40:59.141--ServerSession(1299661385)--Thread(Thread[main,5,main])--The column name for element [email] is being defaulted to: EMAIL.
[EL Config]: metadata: 2023-05-18 10:40:59.142--ServerSession(1299661385)--Thread(Thread[main,5,main])--The alias name for the entity class [class sk.stuba.fei.uim.vsa.pr2.domain.Educator] is being defaulted to: Educator.
[EL Config]: metadata: 2023-05-18 10:40:59.142--ServerSession(1299661385)--Thread(Thread[main,5,main])--The table name for entity [class sk.stuba.fei.uim.vsa.pr2.domain.Educator] is being defaulted to: EDUCATOR.
[EL Config]: metadata: 2023-05-18 10:40:59.142--ServerSession(1299661385)--Thread(Thread[main,5,main])--The column name for element [password] is being defaulted to: PASSWORD.
[EL Config]: metadata: 2023-05-18 10:40:59.142--ServerSession(1299661385)--Thread(Thread[main,5,main])--The column name for element [name] is being defaulted to: NAME.
[EL Config]: metadata: 2023-05-18 10:40:59.142--ServerSession(1299661385)--Thread(Thread[main,5,main])--The column name for element [institute] is being defaulted to: INSTITUTE.
[EL Config]: metadata: 2023-05-18 10:40:59.143--ServerSession(1299661385)--Thread(Thread[main,5,main])--The column name for element [id] is being defaulted to: ID.
[EL Config]: metadata: 2023-05-18 10:40:59.143--ServerSession(1299661385)--Thread(Thread[main,5,main])--The column name for element [department] is being defaulted to: DEPARTMENT.
[EL Config]: metadata: 2023-05-18 10:40:59.143--ServerSession(1299661385)--Thread(Thread[main,5,main])--The column name for element [aisId] is being defaulted to: AISID.
[EL Config]: metadata: 2023-05-18 10:40:59.144--ServerSession(1299661385)--Thread(Thread[main,5,main])--The column name for element [email] is being defaulted to: EMAIL.
[EL Config]: metadata: 2023-05-18 10:40:59.144--ServerSession(1299661385)--Thread(Thread[main,5,main])--The alias name for the entity class [class sk.stuba.fei.uim.vsa.pr2.domain.FinalThesis] is being defaulted to: FinalThesis.
[EL Config]: metadata: 2023-05-18 10:40:59.144--ServerSession(1299661385)--Thread(Thread[main,5,main])--The table name for entity [class sk.stuba.fei.uim.vsa.pr2.domain.FinalThesis] is being defaulted to: FINALTHESIS.
[EL Config]: metadata: 2023-05-18 10:40:59.144--ServerSession(1299661385)--Thread(Thread[main,5,main])--The column name for element [registrationNumber] is being defaulted to: REGISTRATIONNUMBER.
[EL Config]: metadata: 2023-05-18 10:40:59.144--ServerSession(1299661385)--Thread(Thread[main,5,main])--The column name for element [description] is being defaulted to: DESCRIPTION.
[EL Config]: metadata: 2023-05-18 10:40:59.145--ServerSession(1299661385)--Thread(Thread[main,5,main])--The column name for element [institute] is being defaulted to: INSTITUTE.
[EL Config]: metadata: 2023-05-18 10:40:59.146--ServerSession(1299661385)--Thread(Thread[main,5,main])--The column name for element [id] is being defaulted to: ID.
[EL Config]: metadata: 2023-05-18 10:40:59.146--ServerSession(1299661385)--Thread(Thread[main,5,main])--The column name for element [title] is being defaulted to: TITLE.
[EL Config]: metadata: 2023-05-18 10:40:59.146--ServerSession(1299661385)--Thread(Thread[main,5,main])--The column name for element [type] is being defaulted to: TYPE.
[EL Config]: metadata: 2023-05-18 10:40:59.146--ServerSession(1299661385)--Thread(Thread[main,5,main])--The column name for element [department] is being defaulted to: DEPARTMENT.
[EL Config]: metadata: 2023-05-18 10:40:59.146--ServerSession(1299661385)--Thread(Thread[main,5,main])--The column name for element [publicationDate] is being defaulted to: PUBLICATIONDATE.
[EL Config]: metadata: 2023-05-18 10:40:59.148--ServerSession(1299661385)--Thread(Thread[main,5,main])--The column name for element [submissionDeadline] is being defaulted to: SUBMISSIONDEADLINE.
[EL Config]: metadata: 2023-05-18 10:40:59.148--ServerSession(1299661385)--Thread(Thread[main,5,main])--The column name for element [status] is being defaulted to: STATUS.
[EL Config]: metadata: 2023-05-18 10:40:59.16--ServerSession(1299661385)--Thread(Thread[main,5,main])--The primary key column name for the mapping element [field student] is being defaulted to: ID.
[EL Config]: metadata: 2023-05-18 10:40:59.161--ServerSession(1299661385)--Thread(Thread[main,5,main])--The foreign key column name for the mapping element [student] is being defaulted to: STUDENT_ID.
[EL Config]: metadata: 2023-05-18 10:40:59.161--ServerSession(1299661385)--Thread(Thread[main,5,main])--The primary key column name for the mapping element [field educator] is being defaulted to: ID.
[EL Config]: metadata: 2023-05-18 10:40:59.161--ServerSession(1299661385)--Thread(Thread[main,5,main])--The foreign key column name for the mapping element [educator] is being defaulted to: EDUCATOR_ID.
[EL Info]: 2023-05-18 10:40:59.317--ServerSession(1299661385)--Thread(Thread[main,5,main])--EclipseLink, version: Eclipse Persistence Services - 2.7.10.v20211216-fe64cd39c3
[EL Fine]: connection: 2023-05-18 10:40:59.322--ServerSession(1299661385)--Connection(1878454236)--Thread(Thread[main,5,main])--connecting(DatabaseLogin(
	platform=>PostgreSQLPlatform
	user name=> "vsa"
	datasource URL=> "jdbc:postgresql://localhost:5432/vsa_pr2_marko123701"
))
[EL Config]: connection: 2023-05-18 10:40:59.357--ServerSession(1299661385)--Connection(1943266645)--Thread(Thread[main,5,main])--Connected: jdbc:postgresql://localhost:5432/vsa_pr2_marko123701
	User: vsa
	Database: PostgreSQL  Version: 15.2 (Debian 15.2-1.pgdg110+1)
	Driver: PostgreSQL JDBC Driver  Version: 42.5.4
[EL Fine]: connection: 2023-05-18 10:40:59.436--ServerSession(1299661385)--Thread(Thread[main,5,main])--/file:/tested--b-vsa-ls23-projekt-2/target/classes/_vsa-project-2 login successful
[EL Fine]: sql: 2023-05-18 10:40:59.451--ServerSession(1299661385)--Connection(1943266645)--Thread(Thread[main,5,main])--ALTER TABLE FINALTHESIS DROP CONSTRAINT FK_FINALTHESIS_STUDENT_ID
[EL Fine]: sql: 2023-05-18 10:40:59.462--ServerSession(1299661385)--Thread(Thread[main,5,main])--SELECT 1
[EL Warning]: 2023-05-18 10:40:59.471--ServerSession(1299661385)--Thread(Thread[main,5,main])--Exception [EclipseLink-4002] (Eclipse Persistence Services - 2.7.10.v20211216-fe64cd39c3): org.eclipse.persistence.exceptions.DatabaseException
Internal Exception: org.postgresql.util.PSQLException: ERROR: relation "finalthesis" does not exist
Error Code: 0
Call: ALTER TABLE FINALTHESIS DROP CONSTRAINT FK_FINALTHESIS_STUDENT_ID
Query: DataModifyQuery(sql="ALTER TABLE FINALTHESIS DROP CONSTRAINT FK_FINALTHESIS_STUDENT_ID")
[EL Fine]: sql: 2023-05-18 10:40:59.473--ServerSession(1299661385)--Connection(1943266645)--Thread(Thread[main,5,main])--ALTER TABLE FINALTHESIS DROP CONSTRAINT FK_FINALTHESIS_EDUCATOR_ID
[EL Fine]: sql: 2023-05-18 10:40:59.474--ServerSession(1299661385)--Thread(Thread[main,5,main])--SELECT 1
[EL Warning]: 2023-05-18 10:40:59.474--ServerSession(1299661385)--Thread(Thread[main,5,main])--Exception [EclipseLink-4002] (Eclipse Persistence Services - 2.7.10.v20211216-fe64cd39c3): org.eclipse.persistence.exceptions.DatabaseException
Internal Exception: org.postgresql.util.PSQLException: ERROR: relation "finalthesis" does not exist
Error Code: 0
Call: ALTER TABLE FINALTHESIS DROP CONSTRAINT FK_FINALTHESIS_EDUCATOR_ID
Query: DataModifyQuery(sql="ALTER TABLE FINALTHESIS DROP CONSTRAINT FK_FINALTHESIS_EDUCATOR_ID")
[EL Fine]: sql: 2023-05-18 10:40:59.475--ServerSession(1299661385)--Connection(1943266645)--Thread(Thread[main,5,main])--DROP TABLE STUDENT CASCADE
[EL Fine]: sql: 2023-05-18 10:40:59.475--ServerSession(1299661385)--Thread(Thread[main,5,main])--SELECT 1
[EL Warning]: 2023-05-18 10:40:59.476--ServerSession(1299661385)--Thread(Thread[main,5,main])--Exception [EclipseLink-4002] (Eclipse Persistence Services - 2.7.10.v20211216-fe64cd39c3): org.eclipse.persistence.exceptions.DatabaseException
Internal Exception: org.postgresql.util.PSQLException: ERROR: table "student" does not exist
Error Code: 0
Call: DROP TABLE STUDENT CASCADE
Query: DataModifyQuery(sql="DROP TABLE STUDENT CASCADE")
[EL Fine]: sql: 2023-05-18 10:40:59.476--ServerSession(1299661385)--Connection(1943266645)--Thread(Thread[main,5,main])--DROP TABLE EDUCATOR CASCADE
[EL Fine]: sql: 2023-05-18 10:40:59.478--ServerSession(1299661385)--Thread(Thread[main,5,main])--SELECT 1
[EL Warning]: 2023-05-18 10:40:59.478--ServerSession(1299661385)--Thread(Thread[main,5,main])--Exception [EclipseLink-4002] (Eclipse Persistence Services - 2.7.10.v20211216-fe64cd39c3): org.eclipse.persistence.exceptions.DatabaseException
Internal Exception: org.postgresql.util.PSQLException: ERROR: table "educator" does not exist
Error Code: 0
Call: DROP TABLE EDUCATOR CASCADE
Query: DataModifyQuery(sql="DROP TABLE EDUCATOR CASCADE")
[EL Fine]: sql: 2023-05-18 10:40:59.478--ServerSession(1299661385)--Connection(1943266645)--Thread(Thread[main,5,main])--DROP TABLE FINALTHESIS CASCADE
[EL Fine]: sql: 2023-05-18 10:40:59.479--ServerSession(1299661385)--Thread(Thread[main,5,main])--SELECT 1
[EL Warning]: 2023-05-18 10:40:59.48--ServerSession(1299661385)--Thread(Thread[main,5,main])--Exception [EclipseLink-4002] (Eclipse Persistence Services - 2.7.10.v20211216-fe64cd39c3): org.eclipse.persistence.exceptions.DatabaseException
Internal Exception: org.postgresql.util.PSQLException: ERROR: table "finalthesis" does not exist
Error Code: 0
Call: DROP TABLE FINALTHESIS CASCADE
Query: DataModifyQuery(sql="DROP TABLE FINALTHESIS CASCADE")
[EL Fine]: sql: 2023-05-18 10:40:59.48--ServerSession(1299661385)--Connection(1943266645)--Thread(Thread[main,5,main])--DROP TABLE vsa_user CASCADE
[EL Fine]: sql: 2023-05-18 10:40:59.48--ServerSession(1299661385)--Thread(Thread[main,5,main])--SELECT 1
[EL Warning]: 2023-05-18 10:40:59.481--ServerSession(1299661385)--Thread(Thread[main,5,main])--Exception [EclipseLink-4002] (Eclipse Persistence Services - 2.7.10.v20211216-fe64cd39c3): org.eclipse.persistence.exceptions.DatabaseException
Internal Exception: org.postgresql.util.PSQLException: ERROR: table "vsa_user" does not exist
Error Code: 0
Call: DROP TABLE vsa_user CASCADE
Query: DataModifyQuery(sql="DROP TABLE vsa_user CASCADE")
[EL Fine]: sql: 2023-05-18 10:40:59.481--ServerSession(1299661385)--Connection(1943266645)--Thread(Thread[main,5,main])--DROP TABLE STUDENT CASCADE
[EL Fine]: sql: 2023-05-18 10:40:59.482--ServerSession(1299661385)--Thread(Thread[main,5,main])--SELECT 1
[EL Warning]: 2023-05-18 10:40:59.482--ServerSession(1299661385)--Thread(Thread[main,5,main])--Exception [EclipseLink-4002] (Eclipse Persistence Services - 2.7.10.v20211216-fe64cd39c3): org.eclipse.persistence.exceptions.DatabaseException
Internal Exception: org.postgresql.util.PSQLException: ERROR: table "student" does not exist
Error Code: 0
Call: DROP TABLE STUDENT CASCADE
Query: DataModifyQuery(sql="DROP TABLE STUDENT CASCADE")
[EL Fine]: sql: 2023-05-18 10:40:59.482--ServerSession(1299661385)--Connection(1943266645)--Thread(Thread[main,5,main])--DROP TABLE EDUCATOR CASCADE
[EL Fine]: sql: 2023-05-18 10:40:59.483--ServerSession(1299661385)--Thread(Thread[main,5,main])--SELECT 1
[EL Warning]: 2023-05-18 10:40:59.484--ServerSession(1299661385)--Thread(Thread[main,5,main])--Exception [EclipseLink-4002] (Eclipse Persistence Services - 2.7.10.v20211216-fe64cd39c3): org.eclipse.persistence.exceptions.DatabaseException
Internal Exception: org.postgresql.util.PSQLException: ERROR: table "educator" does not exist
Error Code: 0
Call: DROP TABLE EDUCATOR CASCADE
Query: DataModifyQuery(sql="DROP TABLE EDUCATOR CASCADE")
[EL Fine]: sql: 2023-05-18 10:40:59.484--ServerSession(1299661385)--Connection(1943266645)--Thread(Thread[main,5,main])--DROP TABLE FINALTHESIS CASCADE
[EL Fine]: sql: 2023-05-18 10:40:59.485--ServerSession(1299661385)--Thread(Thread[main,5,main])--SELECT 1
[EL Warning]: 2023-05-18 10:40:59.485--ServerSession(1299661385)--Thread(Thread[main,5,main])--Exception [EclipseLink-4002] (Eclipse Persistence Services - 2.7.10.v20211216-fe64cd39c3): org.eclipse.persistence.exceptions.DatabaseException
Internal Exception: org.postgresql.util.PSQLException: ERROR: table "finalthesis" does not exist
Error Code: 0
Call: DROP TABLE FINALTHESIS CASCADE
Query: DataModifyQuery(sql="DROP TABLE FINALTHESIS CASCADE")
[EL Fine]: sql: 2023-05-18 10:40:59.485--ServerSession(1299661385)--Connection(1943266645)--Thread(Thread[main,5,main])--DROP TABLE vsa_user CASCADE
[EL Fine]: sql: 2023-05-18 10:40:59.486--ServerSession(1299661385)--Thread(Thread[main,5,main])--SELECT 1
[EL Warning]: 2023-05-18 10:40:59.487--ServerSession(1299661385)--Thread(Thread[main,5,main])--Exception [EclipseLink-4002] (Eclipse Persistence Services - 2.7.10.v20211216-fe64cd39c3): org.eclipse.persistence.exceptions.DatabaseException
Internal Exception: org.postgresql.util.PSQLException: ERROR: table "vsa_user" does not exist
Error Code: 0
Call: DROP TABLE vsa_user CASCADE
Query: DataModifyQuery(sql="DROP TABLE vsa_user CASCADE")
[EL Fine]: sql: 2023-05-18 10:40:59.487--ServerSession(1299661385)--Connection(1943266645)--Thread(Thread[main,5,main])--DROP TABLE STUDENT CASCADE
[EL Fine]: sql: 2023-05-18 10:40:59.488--ServerSession(1299661385)--Thread(Thread[main,5,main])--SELECT 1
[EL Warning]: 2023-05-18 10:40:59.488--ServerSession(1299661385)--Thread(Thread[main,5,main])--Exception [EclipseLink-4002] (Eclipse Persistence Services - 2.7.10.v20211216-fe64cd39c3): org.eclipse.persistence.exceptions.DatabaseException
Internal Exception: org.postgresql.util.PSQLException: ERROR: table "student" does not exist
Error Code: 0
Call: DROP TABLE STUDENT CASCADE
Query: DataModifyQuery(sql="DROP TABLE STUDENT CASCADE")
[EL Fine]: sql: 2023-05-18 10:40:59.489--ServerSession(1299661385)--Connection(1943266645)--Thread(Thread[main,5,main])--DROP TABLE EDUCATOR CASCADE
[EL Fine]: sql: 2023-05-18 10:40:59.489--ServerSession(1299661385)--Thread(Thread[main,5,main])--SELECT 1
[EL Warning]: 2023-05-18 10:40:59.49--ServerSession(1299661385)--Thread(Thread[main,5,main])--Exception [EclipseLink-4002] (Eclipse Persistence Services - 2.7.10.v20211216-fe64cd39c3): org.eclipse.persistence.exceptions.DatabaseException
Internal Exception: org.postgresql.util.PSQLException: ERROR: table "educator" does not exist
Error Code: 0
Call: DROP TABLE EDUCATOR CASCADE
Query: DataModifyQuery(sql="DROP TABLE EDUCATOR CASCADE")
[EL Fine]: sql: 2023-05-18 10:40:59.49--ServerSession(1299661385)--Connection(1943266645)--Thread(Thread[main,5,main])--DROP TABLE FINALTHESIS CASCADE
[EL Fine]: sql: 2023-05-18 10:40:59.491--ServerSession(1299661385)--Thread(Thread[main,5,main])--SELECT 1
[EL Warning]: 2023-05-18 10:40:59.491--ServerSession(1299661385)--Thread(Thread[main,5,main])--Exception [EclipseLink-4002] (Eclipse Persistence Services - 2.7.10.v20211216-fe64cd39c3): org.eclipse.persistence.exceptions.DatabaseException
Internal Exception: org.postgresql.util.PSQLException: ERROR: table "finalthesis" does not exist
Error Code: 0
Call: DROP TABLE FINALTHESIS CASCADE
Query: DataModifyQuery(sql="DROP TABLE FINALTHESIS CASCADE")
[EL Fine]: sql: 2023-05-18 10:40:59.491--ServerSession(1299661385)--Connection(1943266645)--Thread(Thread[main,5,main])--DROP TABLE vsa_user CASCADE
[EL Fine]: sql: 2023-05-18 10:40:59.492--ServerSession(1299661385)--Thread(Thread[main,5,main])--SELECT 1
[EL Warning]: 2023-05-18 10:40:59.492--ServerSession(1299661385)--Thread(Thread[main,5,main])--Exception [EclipseLink-4002] (Eclipse Persistence Services - 2.7.10.v20211216-fe64cd39c3): org.eclipse.persistence.exceptions.DatabaseException
Internal Exception: org.postgresql.util.PSQLException: ERROR: table "vsa_user" does not exist
Error Code: 0
Call: DROP TABLE vsa_user CASCADE
Query: DataModifyQuery(sql="DROP TABLE vsa_user CASCADE")
[EL Fine]: sql: 2023-05-18 10:40:59.493--ServerSession(1299661385)--Connection(1943266645)--Thread(Thread[main,5,main])--DROP TABLE STUDENT CASCADE
[EL Fine]: sql: 2023-05-18 10:40:59.493--ServerSession(1299661385)--Thread(Thread[main,5,main])--SELECT 1
[EL Warning]: 2023-05-18 10:40:59.494--ServerSession(1299661385)--Thread(Thread[main,5,main])--Exception [EclipseLink-4002] (Eclipse Persistence Services - 2.7.10.v20211216-fe64cd39c3): org.eclipse.persistence.exceptions.DatabaseException
Internal Exception: org.postgresql.util.PSQLException: ERROR: table "student" does not exist
Error Code: 0
Call: DROP TABLE STUDENT CASCADE
Query: DataModifyQuery(sql="DROP TABLE STUDENT CASCADE")
[EL Fine]: sql: 2023-05-18 10:40:59.494--ServerSession(1299661385)--Connection(1943266645)--Thread(Thread[main,5,main])--DROP TABLE EDUCATOR CASCADE
[EL Fine]: sql: 2023-05-18 10:40:59.494--ServerSession(1299661385)--Thread(Thread[main,5,main])--SELECT 1
[EL Warning]: 2023-05-18 10:40:59.495--ServerSession(1299661385)--Thread(Thread[main,5,main])--Exception [EclipseLink-4002] (Eclipse Persistence Services - 2.7.10.v20211216-fe64cd39c3): org.eclipse.persistence.exceptions.DatabaseException
Internal Exception: org.postgresql.util.PSQLException: ERROR: table "educator" does not exist
Error Code: 0
Call: DROP TABLE EDUCATOR CASCADE
Query: DataModifyQuery(sql="DROP TABLE EDUCATOR CASCADE")
[EL Fine]: sql: 2023-05-18 10:40:59.495--ServerSession(1299661385)--Connection(1943266645)--Thread(Thread[main,5,main])--DROP TABLE FINALTHESIS CASCADE
[EL Fine]: sql: 2023-05-18 10:40:59.495--ServerSession(1299661385)--Thread(Thread[main,5,main])--SELECT 1
[EL Warning]: 2023-05-18 10:40:59.496--ServerSession(1299661385)--Thread(Thread[main,5,main])--Exception [EclipseLink-4002] (Eclipse Persistence Services - 2.7.10.v20211216-fe64cd39c3): org.eclipse.persistence.exceptions.DatabaseException
Internal Exception: org.postgresql.util.PSQLException: ERROR: table "finalthesis" does not exist
Error Code: 0
Call: DROP TABLE FINALTHESIS CASCADE
Query: DataModifyQuery(sql="DROP TABLE FINALTHESIS CASCADE")
[EL Fine]: sql: 2023-05-18 10:40:59.496--ServerSession(1299661385)--Connection(1943266645)--Thread(Thread[main,5,main])--DROP TABLE vsa_user CASCADE
[EL Fine]: sql: 2023-05-18 10:40:59.497--ServerSession(1299661385)--Thread(Thread[main,5,main])--SELECT 1
[EL Warning]: 2023-05-18 10:40:59.497--ServerSession(1299661385)--Thread(Thread[main,5,main])--Exception [EclipseLink-4002] (Eclipse Persistence Services - 2.7.10.v20211216-fe64cd39c3): org.eclipse.persistence.exceptions.DatabaseException
Internal Exception: org.postgresql.util.PSQLException: ERROR: table "vsa_user" does not exist
Error Code: 0
Call: DROP TABLE vsa_user CASCADE
Query: DataModifyQuery(sql="DROP TABLE vsa_user CASCADE")
[EL Fine]: sql: 2023-05-18 10:40:59.497--ServerSession(1299661385)--Connection(1943266645)--Thread(Thread[main,5,main])--DROP TABLE STUDENT CASCADE
[EL Fine]: sql: 2023-05-18 10:40:59.498--ServerSession(1299661385)--Thread(Thread[main,5,main])--SELECT 1
[EL Warning]: 2023-05-18 10:40:59.498--ServerSession(1299661385)--Thread(Thread[main,5,main])--Exception [EclipseLink-4002] (Eclipse Persistence Services - 2.7.10.v20211216-fe64cd39c3): org.eclipse.persistence.exceptions.DatabaseException
Internal Exception: org.postgresql.util.PSQLException: ERROR: table "student" does not exist
Error Code: 0
Call: DROP TABLE STUDENT CASCADE
Query: DataModifyQuery(sql="DROP TABLE STUDENT CASCADE")
[EL Fine]: sql: 2023-05-18 10:40:59.5--ServerSession(1299661385)--Connection(1943266645)--Thread(Thread[main,5,main])--DROP TABLE EDUCATOR CASCADE
[EL Fine]: sql: 2023-05-18 10:40:59.5--ServerSession(1299661385)--Thread(Thread[main,5,main])--SELECT 1
[EL Warning]: 2023-05-18 10:40:59.501--ServerSession(1299661385)--Thread(Thread[main,5,main])--Exception [EclipseLink-4002] (Eclipse Persistence Services - 2.7.10.v20211216-fe64cd39c3): org.eclipse.persistence.exceptions.DatabaseException
Internal Exception: org.postgresql.util.PSQLException: ERROR: table "educator" does not exist
Error Code: 0
Call: DROP TABLE EDUCATOR CASCADE
Query: DataModifyQuery(sql="DROP TABLE EDUCATOR CASCADE")
[EL Fine]: sql: 2023-05-18 10:40:59.501--ServerSession(1299661385)--Connection(1943266645)--Thread(Thread[main,5,main])--DROP TABLE FINALTHESIS CASCADE
[EL Fine]: sql: 2023-05-18 10:40:59.502--ServerSession(1299661385)--Thread(Thread[main,5,main])--SELECT 1
[EL Warning]: 2023-05-18 10:40:59.502--ServerSession(1299661385)--Thread(Thread[main,5,main])--Exception [EclipseLink-4002] (Eclipse Persistence Services - 2.7.10.v20211216-fe64cd39c3): org.eclipse.persistence.exceptions.DatabaseException
Internal Exception: org.postgresql.util.PSQLException: ERROR: table "finalthesis" does not exist
Error Code: 0
Call: DROP TABLE FINALTHESIS CASCADE
Query: DataModifyQuery(sql="DROP TABLE FINALTHESIS CASCADE")
[EL Fine]: sql: 2023-05-18 10:40:59.502--ServerSession(1299661385)--Connection(1943266645)--Thread(Thread[main,5,main])--DROP TABLE vsa_user CASCADE
[EL Fine]: sql: 2023-05-18 10:40:59.503--ServerSession(1299661385)--Thread(Thread[main,5,main])--SELECT 1
[EL Warning]: 2023-05-18 10:40:59.503--ServerSession(1299661385)--Thread(Thread[main,5,main])--Exception [EclipseLink-4002] (Eclipse Persistence Services - 2.7.10.v20211216-fe64cd39c3): org.eclipse.persistence.exceptions.DatabaseException
Internal Exception: org.postgresql.util.PSQLException: ERROR: table "vsa_user" does not exist
Error Code: 0
Call: DROP TABLE vsa_user CASCADE
Query: DataModifyQuery(sql="DROP TABLE vsa_user CASCADE")
[EL Fine]: sql: 2023-05-18 10:40:59.506--ServerSession(1299661385)--Connection(1943266645)--Thread(Thread[main,5,main])--DELETE FROM SEQUENCE WHERE SEQ_NAME = 'SEQ_GEN'
[EL Fine]: sql: 2023-05-18 10:40:59.507--ServerSession(1299661385)--Thread(Thread[main,5,main])--SELECT 1
[EL Warning]: 2023-05-18 10:40:59.508--ServerSession(1299661385)--Thread(Thread[main,5,main])--Exception [EclipseLink-4002] (Eclipse Persistence Services - 2.7.10.v20211216-fe64cd39c3): org.eclipse.persistence.exceptions.DatabaseException
Internal Exception: org.postgresql.util.PSQLException: ERROR: relation "sequence" does not exist
  Position: 13
Error Code: 0
Call: DELETE FROM SEQUENCE WHERE SEQ_NAME = 'SEQ_GEN'
Query: DataModifyQuery(sql="DELETE FROM SEQUENCE WHERE SEQ_NAME = 'SEQ_GEN'")
[EL Fine]: sql: 2023-05-18 10:40:59.51--ServerSession(1299661385)--Connection(1943266645)--Thread(Thread[main,5,main])--CREATE TABLE STUDENT (ID  SERIAL NOT NULL, AISID BIGINT NOT NULL, EMAIL VARCHAR(255) NOT NULL UNIQUE, NAME VARCHAR(255) NOT NULL, PASSWORD VARCHAR(255) NOT NULL, PROGRAMME VARCHAR(255) NOT NULL, TERM INTEGER NOT NULL, YEAR INTEGER NOT NULL, PRIMARY KEY (ID))
[EL Fine]: sql: 2023-05-18 10:40:59.533--ServerSession(1299661385)--Connection(1943266645)--Thread(Thread[main,5,main])--CREATE TABLE EDUCATOR (ID  SERIAL NOT NULL, AISID BIGINT NOT NULL, DEPARTMENT VARCHAR(255) NOT NULL, EMAIL VARCHAR(255) NOT NULL UNIQUE, INSTITUTE VARCHAR(255) NOT NULL, NAME VARCHAR(255) NOT NULL, PASSWORD VARCHAR(255) NOT NULL, PRIMARY KEY (ID))
[EL Fine]: sql: 2023-05-18 10:40:59.552--ServerSession(1299661385)--Connection(1943266645)--Thread(Thread[main,5,main])--CREATE TABLE FINALTHESIS (ID  SERIAL NOT NULL, DEPARTMENT VARCHAR(255), DESCRIPTION VARCHAR(255), INSTITUTE VARCHAR(255), PUBLICATIONDATE DATE NOT NULL, REGISTRATIONNUMBER VARCHAR(255) NOT NULL UNIQUE, STATUS VARCHAR(255) NOT NULL, SUBMISSIONDEADLINE DATE NOT NULL, TITLE VARCHAR(255) NOT NULL, TYPE VARCHAR(255) NOT NULL, EDUCATOR_ID BIGINT, STUDENT_ID BIGINT, PRIMARY KEY (ID))
[EL Fine]: sql: 2023-05-18 10:40:59.572--ServerSession(1299661385)--Connection(1943266645)--Thread(Thread[main,5,main])--CREATE TABLE vsa_user (ID BIGINT NOT NULL, EMAIL VARCHAR(255) NOT NULL UNIQUE, PASSWORD VARCHAR(255) NOT NULL, ROLE VARCHAR(255), PRIMARY KEY (ID))
[EL Fine]: sql: 2023-05-18 10:40:59.589--ServerSession(1299661385)--Connection(1943266645)--Thread(Thread[main,5,main])--ALTER TABLE FINALTHESIS ADD CONSTRAINT FK_FINALTHESIS_STUDENT_ID FOREIGN KEY (STUDENT_ID) REFERENCES STUDENT (ID)
[EL Fine]: sql: 2023-05-18 10:40:59.592--ServerSession(1299661385)--Connection(1943266645)--Thread(Thread[main,5,main])--ALTER TABLE FINALTHESIS ADD CONSTRAINT FK_FINALTHESIS_EDUCATOR_ID FOREIGN KEY (EDUCATOR_ID) REFERENCES EDUCATOR (ID)
[EL Fine]: sql: 2023-05-18 10:40:59.596--ServerSession(1299661385)--Connection(1943266645)--Thread(Thread[main,5,main])--CREATE TABLE SEQUENCE (SEQ_NAME VARCHAR(50) NOT NULL, SEQ_COUNT DECIMAL(38), PRIMARY KEY (SEQ_NAME))
[EL Fine]: sql: 2023-05-18 10:40:59.604--ServerSession(1299661385)--Connection(1943266645)--Thread(Thread[main,5,main])--SELECT * FROM SEQUENCE WHERE SEQ_NAME = 'SEQ_GEN'
[EL Fine]: sql: 2023-05-18 10:40:59.606--ServerSession(1299661385)--Connection(1943266645)--Thread(Thread[main,5,main])--INSERT INTO SEQUENCE(SEQ_NAME, SEQ_COUNT) values ('SEQ_GEN', 0)
]]></system-out>
    <system-err><![CDATA[May 18, 2023 10:40:58 AM org.glassfish.grizzly.http.server.NetworkListener start
INFO: Started listener bound to [docker-desktop:8080]
May 18, 2023 10:40:58 AM org.glassfish.grizzly.http.server.HttpServer start
INFO: [HttpServer] Started.
]]></system-err>
  </testcase>
  <testcase name="shouldFindTeachers" classname="sk.stuba.fei.uim.vsa.pr2.bonus.BonusSearchResourceTest" time="0">
    <skipped message="Assumption failed: Skipping test. Bonus endpoints were not implemented" type="org.opentest4j.TestAbortedException">org.opentest4j.TestAbortedException: Assumption failed: Skipping test. Bonus endpoints were not implemented
	at sk.stuba.fei.uim.vsa.pr2.bonus.BonusSearchResourceTest.shouldFindTeachers(BonusSearchResourceTest.java:114)
</skipped>
  </testcase>
  <testcase name="shouldFindThesesWithPageOf5" classname="sk.stuba.fei.uim.vsa.pr2.bonus.BonusSearchResourceTest" time="0">
    <skipped message="Assumption failed: Skipping test. Bonus endpoints were not implemented" type="org.opentest4j.TestAbortedException">org.opentest4j.TestAbortedException: Assumption failed: Skipping test. Bonus endpoints were not implemented
	at sk.stuba.fei.uim.vsa.pr2.bonus.BonusSearchResourceTest.shouldFindThesesWithPageOf5(BonusSearchResourceTest.java:50)
</skipped>
  </testcase>
</testsuite></testsuites>