<?xml version="1.0" encoding="UTF-8"?><testsuites>
<testsuite xmlns:xsi="http://www.w3.org/2001/XMLSchema-instance" xsi:noNamespaceSchemaLocation="https://maven.apache.org/surefire/maven-surefire-plugin/xsd/surefire-test-report.xsd" name="sk.stuba.fei.uim.vsa.pr2.StudentResourceTest" time="14.113" tests="10" errors="0" skipped="0" failures="8">
  <properties>
[...]
</properties>
  <testcase name="shouldGetNotFoundForNonExistingStudent" classname="sk.stuba.fei.uim.vsa.pr2.StudentResourceTest" time="2.053">
    <failure message="expected: &lt;true&gt; but was: &lt;false&gt;" type="org.opentest4j.AssertionFailedError"><![CDATA[org.opentest4j.AssertionFailedError: expected: <true> but was: <false>
	at sk.stuba.fei.uim.vsa.pr2.StudentResourceTest.shouldGetNotFoundForNonExistingStudent(StudentResourceTest.java:166)
]]></failure>
    <system-out><![CDATA[2023-05-18 10:39:53.068  INFO --- [           main] s.s.fei.uim.vsa.pr2.utils.ResourceTest   : Starting HTTP server for testing
2023-05-18 10:39:53.068  INFO --- [           main] s.s.fei.uim.vsa.pr2.Project2Application  : Starting Grizzly2 HTTP server...
2023-05-18 10:39:53.068  INFO --- [           main] s.s.fei.uim.vsa.pr2.Project2Application  : Server listening on http://docker-desktop:8080/api
2023-05-18 10:39:53.107  INFO --- [           main] org.reflections.Reflections              : Reflections took 24 ms to scan 2 urls, producing 27 keys and 61 values
2023-05-18 10:39:53.109  INFO --- [           main] .s.f.u.v.p.JAXRSApplicationConfiguration : Registered resource classes: [class sk.stuba.fei.uim.vsa.pr2.web.ThesesResource, class sk.stuba.fei.uim.vsa.pr2.web.StudentResource, class sk.stuba.fei.uim.vsa.pr2.web.TeacherResource]
2023-05-18 10:39:53.109  INFO --- [           main] .s.f.u.v.p.JAXRSApplicationConfiguration : Registered feature providers: [class sk.stuba.fei.uim.vsa.pr2.web.CORSFilter, class sk.stuba.fei.uim.vsa.pr2.auth.AuthenticationFilter, class sk.stuba.fei.uim.vsa.pr2.auth.AuthorizationFilter]
2023-05-18 10:39:53.219  INFO --- [           main] s.s.fei.uim.vsa.pr2.utils.ResourceTest   : Creating client for HTTP server
2023-05-18 10:39:53.221  INFO --- [           main] s.s.fei.uim.vsa.pr2.utils.ResourceTest   : Client created JerseyWebTarget { http://docker-desktop:8080/api }
[EL Fine]: server: 2023-05-18 10:39:53.503--Thread(Thread[main,5,main])--Configured server platform: org.eclipse.persistence.platform.server.NoServerPlatform
[EL Config]: metadata: 2023-05-18 10:39:53.582--ServerSession(447144896)--Thread(Thread[main,5,main])--The access type for the persistent class [class sk.stuba.fei.uim.vsa.pr2.User.User] is set to [FIELD].
[EL Config]: metadata: 2023-05-18 10:39:53.596--ServerSession(447144896)--Thread(Thread[main,5,main])--The access type for the persistent class [class sk.stuba.fei.uim.vsa.pr2.domain.Student] is set to [FIELD].
[EL Config]: metadata: 2023-05-18 10:39:53.603--ServerSession(447144896)--Thread(Thread[main,5,main])--The target entity (reference) class for the one to one mapping element [field finalThesis] is being defaulted to: class sk.stuba.fei.uim.vsa.pr2.domain.FinalThesis.
[EL Config]: metadata: 2023-05-18 10:39:53.604--ServerSession(447144896)--Thread(Thread[main,5,main])--The access type for the persistent class [class sk.stuba.fei.uim.vsa.pr2.domain.Educator] is set to [FIELD].
[EL Config]: metadata: 2023-05-18 10:39:53.609--ServerSession(447144896)--Thread(Thread[main,5,main])--The target entity (reference) class for the one to many mapping element [field finalTheses] is being defaulted to: class sk.stuba.fei.uim.vsa.pr2.domain.FinalThesis.
[EL Config]: metadata: 2023-05-18 10:39:53.609--ServerSession(447144896)--Thread(Thread[main,5,main])--The access type for the persistent class [class sk.stuba.fei.uim.vsa.pr2.domain.FinalThesis] is set to [FIELD].
[EL Config]: metadata: 2023-05-18 10:39:53.61--ServerSession(447144896)--Thread(Thread[main,5,main])--The target entity (reference) class for the one to one mapping element [field student] is being defaulted to: class sk.stuba.fei.uim.vsa.pr2.domain.Student.
[EL Config]: metadata: 2023-05-18 10:39:53.61--ServerSession(447144896)--Thread(Thread[main,5,main])--The target entity (reference) class for the many to one mapping element [field educator] is being defaulted to: class sk.stuba.fei.uim.vsa.pr2.domain.Educator.
[EL Config]: metadata: 2023-05-18 10:39:53.611--ServerSession(447144896)--Thread(Thread[main,5,main])--The alias name for the entity class [class sk.stuba.fei.uim.vsa.pr2.User.User] is being defaulted to: User.
[EL Config]: metadata: 2023-05-18 10:39:53.62--ServerSession(447144896)--Thread(Thread[main,5,main])--The column name for element [password] is being defaulted to: PASSWORD.
[EL Config]: metadata: 2023-05-18 10:39:53.621--ServerSession(447144896)--Thread(Thread[main,5,main])--The column name for element [role] is being defaulted to: ROLE.
[EL Config]: metadata: 2023-05-18 10:39:53.623--ServerSession(447144896)--Thread(Thread[main,5,main])--The column name for element [id] is being defaulted to: ID.
[EL Config]: metadata: 2023-05-18 10:39:53.623--ServerSession(447144896)--Thread(Thread[main,5,main])--The column name for element [email] is being defaulted to: EMAIL.
[EL Config]: metadata: 2023-05-18 10:39:53.624--ServerSession(447144896)--Thread(Thread[main,5,main])--The alias name for the entity class [class sk.stuba.fei.uim.vsa.pr2.domain.Student] is being defaulted to: Student.
[EL Config]: metadata: 2023-05-18 10:39:53.624--ServerSession(447144896)--Thread(Thread[main,5,main])--The table name for entity [class sk.stuba.fei.uim.vsa.pr2.domain.Student] is being defaulted to: STUDENT.
[EL Config]: metadata: 2023-05-18 10:39:53.625--ServerSession(447144896)--Thread(Thread[main,5,main])--The column name for element [password] is being defaulted to: PASSWORD.
[EL Config]: metadata: 2023-05-18 10:39:53.625--ServerSession(447144896)--Thread(Thread[main,5,main])--The column name for element [year] is being defaulted to: YEAR.
[EL Config]: metadata: 2023-05-18 10:39:53.626--ServerSession(447144896)--Thread(Thread[main,5,main])--The column name for element [name] is being defaulted to: NAME.
[EL Config]: metadata: 2023-05-18 10:39:53.626--ServerSession(447144896)--Thread(Thread[main,5,main])--The column name for element [term] is being defaulted to: TERM.
[EL Config]: metadata: 2023-05-18 10:39:53.626--ServerSession(447144896)--Thread(Thread[main,5,main])--The column name for element [id] is being defaulted to: ID.
[EL Config]: metadata: 2023-05-18 10:39:53.627--ServerSession(447144896)--Thread(Thread[main,5,main])--The column name for element [programme] is being defaulted to: PROGRAMME.
[EL Config]: metadata: 2023-05-18 10:39:53.627--ServerSession(447144896)--Thread(Thread[main,5,main])--The column name for element [aisId] is being defaulted to: AISID.
[EL Config]: metadata: 2023-05-18 10:39:53.627--ServerSession(447144896)--Thread(Thread[main,5,main])--The column name for element [email] is being defaulted to: EMAIL.
[EL Config]: metadata: 2023-05-18 10:39:53.627--ServerSession(447144896)--Thread(Thread[main,5,main])--The alias name for the entity class [class sk.stuba.fei.uim.vsa.pr2.domain.Educator] is being defaulted to: Educator.
[EL Config]: metadata: 2023-05-18 10:39:53.628--ServerSession(447144896)--Thread(Thread[main,5,main])--The table name for entity [class sk.stuba.fei.uim.vsa.pr2.domain.Educator] is being defaulted to: EDUCATOR.
[EL Config]: metadata: 2023-05-18 10:39:53.628--ServerSession(447144896)--Thread(Thread[main,5,main])--The column name for element [password] is being defaulted to: PASSWORD.
[EL Config]: metadata: 2023-05-18 10:39:53.628--ServerSession(447144896)--Thread(Thread[main,5,main])--The column name for element [name] is being defaulted to: NAME.
[EL Config]: metadata: 2023-05-18 10:39:53.628--ServerSession(447144896)--Thread(Thread[main,5,main])--The column name for element [institute] is being defaulted to: INSTITUTE.
[EL Config]: metadata: 2023-05-18 10:39:53.628--ServerSession(447144896)--Thread(Thread[main,5,main])--The column name for element [id] is being defaulted to: ID.
[EL Config]: metadata: 2023-05-18 10:39:53.629--ServerSession(447144896)--Thread(Thread[main,5,main])--The column name for element [department] is being defaulted to: DEPARTMENT.
[EL Config]: metadata: 2023-05-18 10:39:53.629--ServerSession(447144896)--Thread(Thread[main,5,main])--The column name for element [aisId] is being defaulted to: AISID.
[EL Config]: metadata: 2023-05-18 10:39:53.629--ServerSession(447144896)--Thread(Thread[main,5,main])--The column name for element [email] is being defaulted to: EMAIL.
[EL Config]: metadata: 2023-05-18 10:39:53.629--ServerSession(447144896)--Thread(Thread[main,5,main])--The alias name for the entity class [class sk.stuba.fei.uim.vsa.pr2.domain.FinalThesis] is being defaulted to: FinalThesis.
[EL Config]: metadata: 2023-05-18 10:39:53.629--ServerSession(447144896)--Thread(Thread[main,5,main])--The table name for entity [class sk.stuba.fei.uim.vsa.pr2.domain.FinalThesis] is being defaulted to: FINALTHESIS.
[EL Config]: metadata: 2023-05-18 10:39:53.63--ServerSession(447144896)--Thread(Thread[main,5,main])--The column name for element [registrationNumber] is being defaulted to: REGISTRATIONNUMBER.
[EL Config]: metadata: 2023-05-18 10:39:53.63--ServerSession(447144896)--Thread(Thread[main,5,main])--The column name for element [description] is being defaulted to: DESCRIPTION.
[EL Config]: metadata: 2023-05-18 10:39:53.63--ServerSession(447144896)--Thread(Thread[main,5,main])--The column name for element [institute] is being defaulted to: INSTITUTE.
[EL Config]: metadata: 2023-05-18 10:39:53.631--ServerSession(447144896)--Thread(Thread[main,5,main])--The column name for element [id] is being defaulted to: ID.
[EL Config]: metadata: 2023-05-18 10:39:53.631--ServerSession(447144896)--Thread(Thread[main,5,main])--The column name for element [title] is being defaulted to: TITLE.
[EL Config]: metadata: 2023-05-18 10:39:53.631--ServerSession(447144896)--Thread(Thread[main,5,main])--The column name for element [type] is being defaulted to: TYPE.
[EL Config]: metadata: 2023-05-18 10:39:53.631--ServerSession(447144896)--Thread(Thread[main,5,main])--The column name for element [department] is being defaulted to: DEPARTMENT.
[EL Config]: metadata: 2023-05-18 10:39:53.632--ServerSession(447144896)--Thread(Thread[main,5,main])--The column name for element [publicationDate] is being defaulted to: PUBLICATIONDATE.
[EL Config]: metadata: 2023-05-18 10:39:53.633--ServerSession(447144896)--Thread(Thread[main,5,main])--The column name for element [submissionDeadline] is being defaulted to: SUBMISSIONDEADLINE.
[EL Config]: metadata: 2023-05-18 10:39:53.633--ServerSession(447144896)--Thread(Thread[main,5,main])--The column name for element [status] is being defaulted to: STATUS.
[EL Config]: metadata: 2023-05-18 10:39:53.644--ServerSession(447144896)--Thread(Thread[main,5,main])--The primary key column name for the mapping element [field student] is being defaulted to: ID.
[EL Config]: metadata: 2023-05-18 10:39:53.644--ServerSession(447144896)--Thread(Thread[main,5,main])--The foreign key column name for the mapping element [student] is being defaulted to: STUDENT_ID.
[EL Config]: metadata: 2023-05-18 10:39:53.645--ServerSession(447144896)--Thread(Thread[main,5,main])--The primary key column name for the mapping element [field educator] is being defaulted to: ID.
[EL Config]: metadata: 2023-05-18 10:39:53.645--ServerSession(447144896)--Thread(Thread[main,5,main])--The foreign key column name for the mapping element [educator] is being defaulted to: EDUCATOR_ID.
[EL Info]: 2023-05-18 10:39:53.784--ServerSession(447144896)--Thread(Thread[main,5,main])--EclipseLink, version: Eclipse Persistence Services - 2.7.10.v20211216-fe64cd39c3
[EL Fine]: connection: 2023-05-18 10:39:53.788--ServerSession(447144896)--Connection(1979825302)--Thread(Thread[main,5,main])--connecting(DatabaseLogin(
	platform=>PostgreSQLPlatform
	user name=> "vsa"
	datasource URL=> "jdbc:postgresql://localhost:5432/vsa_pr2_marko123701"
))
[EL Config]: connection: 2023-05-18 10:39:53.822--ServerSession(447144896)--Connection(925024581)--Thread(Thread[main,5,main])--Connected: jdbc:postgresql://localhost:5432/vsa_pr2_marko123701
	User: vsa
	Database: PostgreSQL  Version: 15.2 (Debian 15.2-1.pgdg110+1)
	Driver: PostgreSQL JDBC Driver  Version: 42.5.4
[EL Fine]: connection: 2023-05-18 10:39:53.899--ServerSession(447144896)--Thread(Thread[main,5,main])--/file:/tested--b-vsa-ls23-projekt-2/target/classes/_vsa-project-2 login successful
[EL Fine]: sql: 2023-05-18 10:39:53.913--ServerSession(447144896)--Connection(925024581)--Thread(Thread[main,5,main])--ALTER TABLE FINALTHESIS DROP CONSTRAINT FK_FINALTHESIS_STUDENT_ID
[EL Fine]: sql: 2023-05-18 10:39:53.923--ServerSession(447144896)--Thread(Thread[main,5,main])--SELECT 1
[EL Warning]: 2023-05-18 10:39:53.933--ServerSession(447144896)--Thread(Thread[main,5,main])--Exception [EclipseLink-4002] (Eclipse Persistence Services - 2.7.10.v20211216-fe64cd39c3): org.eclipse.persistence.exceptions.DatabaseException
Internal Exception: org.postgresql.util.PSQLException: ERROR: relation "finalthesis" does not exist
Error Code: 0
Call: ALTER TABLE FINALTHESIS DROP CONSTRAINT FK_FINALTHESIS_STUDENT_ID
Query: DataModifyQuery(sql="ALTER TABLE FINALTHESIS DROP CONSTRAINT FK_FINALTHESIS_STUDENT_ID")
[EL Fine]: sql: 2023-05-18 10:39:53.934--ServerSession(447144896)--Connection(925024581)--Thread(Thread[main,5,main])--ALTER TABLE FINALTHESIS DROP CONSTRAINT FK_FINALTHESIS_EDUCATOR_ID
[EL Fine]: sql: 2023-05-18 10:39:53.934--ServerSession(447144896)--Thread(Thread[main,5,main])--SELECT 1
[EL Warning]: 2023-05-18 10:39:53.935--ServerSession(447144896)--Thread(Thread[main,5,main])--Exception [EclipseLink-4002] (Eclipse Persistence Services - 2.7.10.v20211216-fe64cd39c3): org.eclipse.persistence.exceptions.DatabaseException
Internal Exception: org.postgresql.util.PSQLException: ERROR: relation "finalthesis" does not exist
Error Code: 0
Call: ALTER TABLE FINALTHESIS DROP CONSTRAINT FK_FINALTHESIS_EDUCATOR_ID
Query: DataModifyQuery(sql="ALTER TABLE FINALTHESIS DROP CONSTRAINT FK_FINALTHESIS_EDUCATOR_ID")
[EL Fine]: sql: 2023-05-18 10:39:53.935--ServerSession(447144896)--Connection(925024581)--Thread(Thread[main,5,main])--DROP TABLE STUDENT CASCADE
[EL Fine]: sql: 2023-05-18 10:39:53.936--ServerSession(447144896)--Thread(Thread[main,5,main])--SELECT 1
[EL Warning]: 2023-05-18 10:39:53.937--ServerSession(447144896)--Thread(Thread[main,5,main])--Exception [EclipseLink-4002] (Eclipse Persistence Services - 2.7.10.v20211216-fe64cd39c3): org.eclipse.persistence.exceptions.DatabaseException
Internal Exception: org.postgresql.util.PSQLException: ERROR: table "student" does not exist
Error Code: 0
Call: DROP TABLE STUDENT CASCADE
Query: DataModifyQuery(sql="DROP TABLE STUDENT CASCADE")
[EL Fine]: sql: 2023-05-18 10:39:53.937--ServerSession(447144896)--Connection(925024581)--Thread(Thread[main,5,main])--DROP TABLE EDUCATOR CASCADE
[EL Fine]: sql: 2023-05-18 10:39:53.938--ServerSession(447144896)--Thread(Thread[main,5,main])--SELECT 1
[EL Warning]: 2023-05-18 10:39:53.938--ServerSession(447144896)--Thread(Thread[main,5,main])--Exception [EclipseLink-4002] (Eclipse Persistence Services - 2.7.10.v20211216-fe64cd39c3): org.eclipse.persistence.exceptions.DatabaseException
Internal Exception: org.postgresql.util.PSQLException: ERROR: table "educator" does not exist
Error Code: 0
Call: DROP TABLE EDUCATOR CASCADE
Query: DataModifyQuery(sql="DROP TABLE EDUCATOR CASCADE")
[EL Fine]: sql: 2023-05-18 10:39:53.939--ServerSession(447144896)--Connection(925024581)--Thread(Thread[main,5,main])--DROP TABLE FINALTHESIS CASCADE
[EL Fine]: sql: 2023-05-18 10:39:53.939--ServerSession(447144896)--Thread(Thread[main,5,main])--SELECT 1
[EL Warning]: 2023-05-18 10:39:53.94--ServerSession(447144896)--Thread(Thread[main,5,main])--Exception [EclipseLink-4002] (Eclipse Persistence Services - 2.7.10.v20211216-fe64cd39c3): org.eclipse.persistence.exceptions.DatabaseException
Internal Exception: org.postgresql.util.PSQLException: ERROR: table "finalthesis" does not exist
Error Code: 0
Call: DROP TABLE FINALTHESIS CASCADE
Query: DataModifyQuery(sql="DROP TABLE FINALTHESIS CASCADE")
[EL Fine]: sql: 2023-05-18 10:39:53.94--ServerSession(447144896)--Connection(925024581)--Thread(Thread[main,5,main])--DROP TABLE vsa_user CASCADE
[EL Fine]: sql: 2023-05-18 10:39:53.941--ServerSession(447144896)--Thread(Thread[main,5,main])--SELECT 1
[EL Warning]: 2023-05-18 10:39:53.942--ServerSession(447144896)--Thread(Thread[main,5,main])--Exception [EclipseLink-4002] (Eclipse Persistence Services - 2.7.10.v20211216-fe64cd39c3): org.eclipse.persistence.exceptions.DatabaseException
Internal Exception: org.postgresql.util.PSQLException: ERROR: table "vsa_user" does not exist
Error Code: 0
Call: DROP TABLE vsa_user CASCADE
Query: DataModifyQuery(sql="DROP TABLE vsa_user CASCADE")
[EL Fine]: sql: 2023-05-18 10:39:53.942--ServerSession(447144896)--Connection(925024581)--Thread(Thread[main,5,main])--DROP TABLE STUDENT CASCADE
[EL Fine]: sql: 2023-05-18 10:39:53.942--ServerSession(447144896)--Thread(Thread[main,5,main])--SELECT 1
[EL Warning]: 2023-05-18 10:39:53.943--ServerSession(447144896)--Thread(Thread[main,5,main])--Exception [EclipseLink-4002] (Eclipse Persistence Services - 2.7.10.v20211216-fe64cd39c3): org.eclipse.persistence.exceptions.DatabaseException
Internal Exception: org.postgresql.util.PSQLException: ERROR: table "student" does not exist
Error Code: 0
Call: DROP TABLE STUDENT CASCADE
Query: DataModifyQuery(sql="DROP TABLE STUDENT CASCADE")
[EL Fine]: sql: 2023-05-18 10:39:53.943--ServerSession(447144896)--Connection(925024581)--Thread(Thread[main,5,main])--DROP TABLE EDUCATOR CASCADE
[EL Fine]: sql: 2023-05-18 10:39:53.944--ServerSession(447144896)--Thread(Thread[main,5,main])--SELECT 1
[EL Warning]: 2023-05-18 10:39:53.944--ServerSession(447144896)--Thread(Thread[main,5,main])--Exception [EclipseLink-4002] (Eclipse Persistence Services - 2.7.10.v20211216-fe64cd39c3): org.eclipse.persistence.exceptions.DatabaseException
Internal Exception: org.postgresql.util.PSQLException: ERROR: table "educator" does not exist
Error Code: 0
Call: DROP TABLE EDUCATOR CASCADE
Query: DataModifyQuery(sql="DROP TABLE EDUCATOR CASCADE")
[EL Fine]: sql: 2023-05-18 10:39:53.945--ServerSession(447144896)--Connection(925024581)--Thread(Thread[main,5,main])--DROP TABLE FINALTHESIS CASCADE
[EL Fine]: sql: 2023-05-18 10:39:53.945--ServerSession(447144896)--Thread(Thread[main,5,main])--SELECT 1
[EL Warning]: 2023-05-18 10:39:53.946--ServerSession(447144896)--Thread(Thread[main,5,main])--Exception [EclipseLink-4002] (Eclipse Persistence Services - 2.7.10.v20211216-fe64cd39c3): org.eclipse.persistence.exceptions.DatabaseException
Internal Exception: org.postgresql.util.PSQLException: ERROR: table "finalthesis" does not exist
Error Code: 0
Call: DROP TABLE FINALTHESIS CASCADE
Query: DataModifyQuery(sql="DROP TABLE FINALTHESIS CASCADE")
[EL Fine]: sql: 2023-05-18 10:39:53.946--ServerSession(447144896)--Connection(925024581)--Thread(Thread[main,5,main])--DROP TABLE vsa_user CASCADE
[EL Fine]: sql: 2023-05-18 10:39:53.947--ServerSession(447144896)--Thread(Thread[main,5,main])--SELECT 1
[EL Warning]: 2023-05-18 10:39:53.947--ServerSession(447144896)--Thread(Thread[main,5,main])--Exception [EclipseLink-4002] (Eclipse Persistence Services - 2.7.10.v20211216-fe64cd39c3): org.eclipse.persistence.exceptions.DatabaseException
Internal Exception: org.postgresql.util.PSQLException: ERROR: table "vsa_user" does not exist
Error Code: 0
Call: DROP TABLE vsa_user CASCADE
Query: DataModifyQuery(sql="DROP TABLE vsa_user CASCADE")
[EL Fine]: sql: 2023-05-18 10:39:53.947--ServerSession(447144896)--Connection(925024581)--Thread(Thread[main,5,main])--DROP TABLE STUDENT CASCADE
[EL Fine]: sql: 2023-05-18 10:39:53.948--ServerSession(447144896)--Thread(Thread[main,5,main])--SELECT 1
[EL Warning]: 2023-05-18 10:39:53.949--ServerSession(447144896)--Thread(Thread[main,5,main])--Exception [EclipseLink-4002] (Eclipse Persistence Services - 2.7.10.v20211216-fe64cd39c3): org.eclipse.persistence.exceptions.DatabaseException
Internal Exception: org.postgresql.util.PSQLException: ERROR: table "student" does not exist
Error Code: 0
Call: DROP TABLE STUDENT CASCADE
Query: DataModifyQuery(sql="DROP TABLE STUDENT CASCADE")
[EL Fine]: sql: 2023-05-18 10:39:53.949--ServerSession(447144896)--Connection(925024581)--Thread(Thread[main,5,main])--DROP TABLE EDUCATOR CASCADE
[EL Fine]: sql: 2023-05-18 10:39:53.949--ServerSession(447144896)--Thread(Thread[main,5,main])--SELECT 1
[EL Warning]: 2023-05-18 10:39:53.95--ServerSession(447144896)--Thread(Thread[main,5,main])--Exception [EclipseLink-4002] (Eclipse Persistence Services - 2.7.10.v20211216-fe64cd39c3): org.eclipse.persistence.exceptions.DatabaseException
Internal Exception: org.postgresql.util.PSQLException: ERROR: table "educator" does not exist
Error Code: 0
Call: DROP TABLE EDUCATOR CASCADE
Query: DataModifyQuery(sql="DROP TABLE EDUCATOR CASCADE")
[EL Fine]: sql: 2023-05-18 10:39:53.95--ServerSession(447144896)--Connection(925024581)--Thread(Thread[main,5,main])--DROP TABLE FINALTHESIS CASCADE
[EL Fine]: sql: 2023-05-18 10:39:53.951--ServerSession(447144896)--Thread(Thread[main,5,main])--SELECT 1
[EL Warning]: 2023-05-18 10:39:53.951--ServerSession(447144896)--Thread(Thread[main,5,main])--Exception [EclipseLink-4002] (Eclipse Persistence Services - 2.7.10.v20211216-fe64cd39c3): org.eclipse.persistence.exceptions.DatabaseException
Internal Exception: org.postgresql.util.PSQLException: ERROR: table "finalthesis" does not exist
Error Code: 0
Call: DROP TABLE FINALTHESIS CASCADE
Query: DataModifyQuery(sql="DROP TABLE FINALTHESIS CASCADE")
[EL Fine]: sql: 2023-05-18 10:39:53.951--ServerSession(447144896)--Connection(925024581)--Thread(Thread[main,5,main])--DROP TABLE vsa_user CASCADE
[EL Fine]: sql: 2023-05-18 10:39:53.952--ServerSession(447144896)--Thread(Thread[main,5,main])--SELECT 1
[EL Warning]: 2023-05-18 10:39:53.952--ServerSession(447144896)--Thread(Thread[main,5,main])--Exception [EclipseLink-4002] (Eclipse Persistence Services - 2.7.10.v20211216-fe64cd39c3): org.eclipse.persistence.exceptions.DatabaseException
Internal Exception: org.postgresql.util.PSQLException: ERROR: table "vsa_user" does not exist
Error Code: 0
Call: DROP TABLE vsa_user CASCADE
Query: DataModifyQuery(sql="DROP TABLE vsa_user CASCADE")
[EL Fine]: sql: 2023-05-18 10:39:53.953--ServerSession(447144896)--Connection(925024581)--Thread(Thread[main,5,main])--DROP TABLE STUDENT CASCADE
[EL Fine]: sql: 2023-05-18 10:39:53.953--ServerSession(447144896)--Thread(Thread[main,5,main])--SELECT 1
[EL Warning]: 2023-05-18 10:39:53.954--ServerSession(447144896)--Thread(Thread[main,5,main])--Exception [EclipseLink-4002] (Eclipse Persistence Services - 2.7.10.v20211216-fe64cd39c3): org.eclipse.persistence.exceptions.DatabaseException
Internal Exception: org.postgresql.util.PSQLException: ERROR: table "student" does not exist
Error Code: 0
Call: DROP TABLE STUDENT CASCADE
Query: DataModifyQuery(sql="DROP TABLE STUDENT CASCADE")
[EL Fine]: sql: 2023-05-18 10:39:53.954--ServerSession(447144896)--Connection(925024581)--Thread(Thread[main,5,main])--DROP TABLE EDUCATOR CASCADE
[EL Fine]: sql: 2023-05-18 10:39:53.954--ServerSession(447144896)--Thread(Thread[main,5,main])--SELECT 1
[EL Warning]: 2023-05-18 10:39:53.955--ServerSession(447144896)--Thread(Thread[main,5,main])--Exception [EclipseLink-4002] (Eclipse Persistence Services - 2.7.10.v20211216-fe64cd39c3): org.eclipse.persistence.exceptions.DatabaseException
Internal Exception: org.postgresql.util.PSQLException: ERROR: table "educator" does not exist
Error Code: 0
Call: DROP TABLE EDUCATOR CASCADE
Query: DataModifyQuery(sql="DROP TABLE EDUCATOR CASCADE")
[EL Fine]: sql: 2023-05-18 10:39:53.955--ServerSession(447144896)--Connection(925024581)--Thread(Thread[main,5,main])--DROP TABLE FINALTHESIS CASCADE
[EL Fine]: sql: 2023-05-18 10:39:53.956--ServerSession(447144896)--Thread(Thread[main,5,main])--SELECT 1
[EL Warning]: 2023-05-18 10:39:53.956--ServerSession(447144896)--Thread(Thread[main,5,main])--Exception [EclipseLink-4002] (Eclipse Persistence Services - 2.7.10.v20211216-fe64cd39c3): org.eclipse.persistence.exceptions.DatabaseException
Internal Exception: org.postgresql.util.PSQLException: ERROR: table "finalthesis" does not exist
Error Code: 0
Call: DROP TABLE FINALTHESIS CASCADE
Query: DataModifyQuery(sql="DROP TABLE FINALTHESIS CASCADE")
[EL Fine]: sql: 2023-05-18 10:39:53.956--ServerSession(447144896)--Connection(925024581)--Thread(Thread[main,5,main])--DROP TABLE vsa_user CASCADE
[EL Fine]: sql: 2023-05-18 10:39:53.957--ServerSession(447144896)--Thread(Thread[main,5,main])--SELECT 1
[EL Warning]: 2023-05-18 10:39:53.958--ServerSession(447144896)--Thread(Thread[main,5,main])--Exception [EclipseLink-4002] (Eclipse Persistence Services - 2.7.10.v20211216-fe64cd39c3): org.eclipse.persistence.exceptions.DatabaseException
Internal Exception: org.postgresql.util.PSQLException: ERROR: table "vsa_user" does not exist
Error Code: 0
Call: DROP TABLE vsa_user CASCADE
Query: DataModifyQuery(sql="DROP TABLE vsa_user CASCADE")
[EL Fine]: sql: 2023-05-18 10:39:53.958--ServerSession(447144896)--Connection(925024581)--Thread(Thread[main,5,main])--DROP TABLE STUDENT CASCADE
[EL Fine]: sql: 2023-05-18 10:39:53.959--ServerSession(447144896)--Thread(Thread[main,5,main])--SELECT 1
[EL Warning]: 2023-05-18 10:39:53.96--ServerSession(447144896)--Thread(Thread[main,5,main])--Exception [EclipseLink-4002] (Eclipse Persistence Services - 2.7.10.v20211216-fe64cd39c3): org.eclipse.persistence.exceptions.DatabaseException
Internal Exception: org.postgresql.util.PSQLException: ERROR: table "student" does not exist
Error Code: 0
Call: DROP TABLE STUDENT CASCADE
Query: DataModifyQuery(sql="DROP TABLE STUDENT CASCADE")
[EL Fine]: sql: 2023-05-18 10:39:53.96--ServerSession(447144896)--Connection(925024581)--Thread(Thread[main,5,main])--DROP TABLE EDUCATOR CASCADE
[EL Fine]: sql: 2023-05-18 10:39:53.96--ServerSession(447144896)--Thread(Thread[main,5,main])--SELECT 1
[EL Warning]: 2023-05-18 10:39:53.961--ServerSession(447144896)--Thread(Thread[main,5,main])--Exception [EclipseLink-4002] (Eclipse Persistence Services - 2.7.10.v20211216-fe64cd39c3): org.eclipse.persistence.exceptions.DatabaseException
Internal Exception: org.postgresql.util.PSQLException: ERROR: table "educator" does not exist
Error Code: 0
Call: DROP TABLE EDUCATOR CASCADE
Query: DataModifyQuery(sql="DROP TABLE EDUCATOR CASCADE")
[EL Fine]: sql: 2023-05-18 10:39:53.961--ServerSession(447144896)--Connection(925024581)--Thread(Thread[main,5,main])--DROP TABLE FINALTHESIS CASCADE
[EL Fine]: sql: 2023-05-18 10:39:53.962--ServerSession(447144896)--Thread(Thread[main,5,main])--SELECT 1
[EL Warning]: 2023-05-18 10:39:53.962--ServerSession(447144896)--Thread(Thread[main,5,main])--Exception [EclipseLink-4002] (Eclipse Persistence Services - 2.7.10.v20211216-fe64cd39c3): org.eclipse.persistence.exceptions.DatabaseException
Internal Exception: org.postgresql.util.PSQLException: ERROR: table "finalthesis" does not exist
Error Code: 0
Call: DROP TABLE FINALTHESIS CASCADE
Query: DataModifyQuery(sql="DROP TABLE FINALTHESIS CASCADE")
[EL Fine]: sql: 2023-05-18 10:39:53.962--ServerSession(447144896)--Connection(925024581)--Thread(Thread[main,5,main])--DROP TABLE vsa_user CASCADE
[EL Fine]: sql: 2023-05-18 10:39:53.963--ServerSession(447144896)--Thread(Thread[main,5,main])--SELECT 1
[EL Warning]: 2023-05-18 10:39:53.964--ServerSession(447144896)--Thread(Thread[main,5,main])--Exception [EclipseLink-4002] (Eclipse Persistence Services - 2.7.10.v20211216-fe64cd39c3): org.eclipse.persistence.exceptions.DatabaseException
Internal Exception: org.postgresql.util.PSQLException: ERROR: table "vsa_user" does not exist
Error Code: 0
Call: DROP TABLE vsa_user CASCADE
Query: DataModifyQuery(sql="DROP TABLE vsa_user CASCADE")
[EL Fine]: sql: 2023-05-18 10:39:53.967--ServerSession(447144896)--Connection(925024581)--Thread(Thread[main,5,main])--DELETE FROM SEQUENCE WHERE SEQ_NAME = 'SEQ_GEN'
[EL Fine]: sql: 2023-05-18 10:39:53.968--ServerSession(447144896)--Thread(Thread[main,5,main])--SELECT 1
[EL Warning]: 2023-05-18 10:39:53.968--ServerSession(447144896)--Thread(Thread[main,5,main])--Exception [EclipseLink-4002] (Eclipse Persistence Services - 2.7.10.v20211216-fe64cd39c3): org.eclipse.persistence.exceptions.DatabaseException
Internal Exception: org.postgresql.util.PSQLException: ERROR: relation "sequence" does not exist
  Position: 13
Error Code: 0
Call: DELETE FROM SEQUENCE WHERE SEQ_NAME = 'SEQ_GEN'
Query: DataModifyQuery(sql="DELETE FROM SEQUENCE WHERE SEQ_NAME = 'SEQ_GEN'")
[EL Fine]: sql: 2023-05-18 10:39:53.97--ServerSession(447144896)--Connection(925024581)--Thread(Thread[main,5,main])--CREATE TABLE STUDENT (ID  SERIAL NOT NULL, AISID BIGINT NOT NULL, EMAIL VARCHAR(255) NOT NULL UNIQUE, NAME VARCHAR(255) NOT NULL, PASSWORD VARCHAR(255) NOT NULL, PROGRAMME VARCHAR(255) NOT NULL, TERM INTEGER NOT NULL, YEAR INTEGER NOT NULL, PRIMARY KEY (ID))
[EL Fine]: sql: 2023-05-18 10:39:53.995--ServerSession(447144896)--Connection(925024581)--Thread(Thread[main,5,main])--CREATE TABLE EDUCATOR (ID  SERIAL NOT NULL, AISID BIGINT NOT NULL, DEPARTMENT VARCHAR(255) NOT NULL, EMAIL VARCHAR(255) NOT NULL UNIQUE, INSTITUTE VARCHAR(255) NOT NULL, NAME VARCHAR(255) NOT NULL, PASSWORD VARCHAR(255) NOT NULL, PRIMARY KEY (ID))
[EL Fine]: sql: 2023-05-18 10:39:54.01--ServerSession(447144896)--Connection(925024581)--Thread(Thread[main,5,main])--CREATE TABLE FINALTHESIS (ID  SERIAL NOT NULL, DEPARTMENT VARCHAR(255), DESCRIPTION VARCHAR(255), INSTITUTE VARCHAR(255), PUBLICATIONDATE DATE NOT NULL, REGISTRATIONNUMBER VARCHAR(255) NOT NULL UNIQUE, STATUS VARCHAR(255) NOT NULL, SUBMISSIONDEADLINE DATE NOT NULL, TITLE VARCHAR(255) NOT NULL, TYPE VARCHAR(255) NOT NULL, EDUCATOR_ID BIGINT, STUDENT_ID BIGINT, PRIMARY KEY (ID))
[EL Fine]: sql: 2023-05-18 10:39:54.025--ServerSession(447144896)--Connection(925024581)--Thread(Thread[main,5,main])--CREATE TABLE vsa_user (ID BIGINT NOT NULL, EMAIL VARCHAR(255) NOT NULL UNIQUE, PASSWORD VARCHAR(255) NOT NULL, ROLE VARCHAR(255), PRIMARY KEY (ID))
[EL Fine]: sql: 2023-05-18 10:39:54.038--ServerSession(447144896)--Connection(925024581)--Thread(Thread[main,5,main])--ALTER TABLE FINALTHESIS ADD CONSTRAINT FK_FINALTHESIS_STUDENT_ID FOREIGN KEY (STUDENT_ID) REFERENCES STUDENT (ID)
[EL Fine]: sql: 2023-05-18 10:39:54.042--ServerSession(447144896)--Connection(925024581)--Thread(Thread[main,5,main])--ALTER TABLE FINALTHESIS ADD CONSTRAINT FK_FINALTHESIS_EDUCATOR_ID FOREIGN KEY (EDUCATOR_ID) REFERENCES EDUCATOR (ID)
[EL Fine]: sql: 2023-05-18 10:39:54.045--ServerSession(447144896)--Connection(925024581)--Thread(Thread[main,5,main])--CREATE TABLE SEQUENCE (SEQ_NAME VARCHAR(50) NOT NULL, SEQ_COUNT DECIMAL(38), PRIMARY KEY (SEQ_NAME))
[EL Fine]: sql: 2023-05-18 10:39:54.052--ServerSession(447144896)--Connection(925024581)--Thread(Thread[main,5,main])--SELECT * FROM SEQUENCE WHERE SEQ_NAME = 'SEQ_GEN'
[EL Fine]: sql: 2023-05-18 10:39:54.054--ServerSession(447144896)--Connection(925024581)--Thread(Thread[main,5,main])--INSERT INTO SEQUENCE(SEQ_NAME, SEQ_COUNT) values ('SEQ_GEN', 0)
[EL Fine]: moxy: 2023-05-18 10:39:54.169--Thread(Thread[main,5,main])--MOXyJsonProvider.writeTo(...) is called.
[EL Fine]: moxy: 2023-05-18 10:39:54.184--Thread(Thread[main,5,main])--Setting marshaller property (name/value): jaxb.formatted.output/false
[EL Fine]: moxy: 2023-05-18 10:39:54.184--Thread(Thread[main,5,main])--Setting marshaller property (name/value): eclipselink.media-type/application/json
[EL Fine]: moxy: 2023-05-18 10:39:54.184--Thread(Thread[main,5,main])--Setting marshaller property (name/value): eclipselink.json.attribute-prefix/null
[EL Fine]: moxy: 2023-05-18 10:39:54.184--Thread(Thread[main,5,main])--Setting marshaller property (name/value): eclipselink.json.include-root/false
[EL Fine]: moxy: 2023-05-18 10:39:54.184--Thread(Thread[main,5,main])--Setting marshaller property (name/value): eclipselink.json.marshal-empty-collections/true
[EL Fine]: moxy: 2023-05-18 10:39:54.184--Thread(Thread[main,5,main])--Setting marshaller property (name/value): eclipselink.json.namespace-separator/.
[EL Fine]: moxy: 2023-05-18 10:39:54.184--Thread(Thread[main,5,main])--Setting marshaller property (name/value): eclipselink.json.wrapper-as-array-name/false
[EL Fine]: moxy: 2023-05-18 10:39:54.184--Thread(Thread[main,5,main])--Setting marshaller property (name/value): eclipselink.namespace-prefix-mapper/null
[EL Fine]: moxy: 2023-05-18 10:39:54.185--Thread(Thread[main,5,main])--Setting marshaller property (name/value): jaxb.formatted.output/false
[EL Fine]: moxy: 2023-05-18 10:39:54.185--Thread(Thread[main,5,main])--Setting marshaller property (name/value): eclipselink.json.namespace-separator/.
[EL Fine]: moxy: 2023-05-18 10:39:54.185--Thread(Thread[main,5,main])--Setting marshaller property (name/value): eclipselink.json.include-root/false
[EL Fine]: moxy: 2023-05-18 10:39:54.185--Thread(Thread[main,5,main])--Setting marshaller property (name/value): eclipselink.json.marshal-empty-collections/true
[EL Fine]: moxy: 2023-05-18 10:39:54.187--Thread(Thread[main,5,main])--Marshalling "sk.stuba.fei.uim.vsa.pr2.model.dto.request.CreateStudentRequest" into APPLICATION_JSON started
[EL Fine]: moxy: 2023-05-18 10:39:54.197--Thread(Thread[grizzly-http-server-0,5,main])--SAXParserFactory instance: com.sun.org.apache.xerces.internal.jaxp.SAXParserFactoryImpl@4daefd56
[EL Fine]: moxy: 2023-05-18 10:39:54.201--Thread(Thread[grizzly-http-server-0,5,main])--SAXParserFactory instance: com.sun.org.apache.xerces.internal.jaxp.SAXParserFactoryImpl@78d3d660
2023-05-18 10:39:54.440  INFO --- [y-http-server-0] s.s.fei.uim.vsa.pr2.web.StudentResource  : password: password
[EL Fine]: sql: 2023-05-18 10:39:55.302--ServerSession(447144896)--Connection(925024581)--Thread(Thread[grizzly-http-server-0,5,main])--SELECT COUNT(ID) FROM STUDENT WHERE (EMAIL = ?)
	bind => [xstudent@stuba.sk]
[EL Fine]: sql: 2023-05-18 10:39:55.307--ServerSession(447144896)--Connection(925024581)--Thread(Thread[grizzly-http-server-0,5,main])--SELECT COUNT(ID) FROM STUDENT WHERE (AISID = ?)
	bind => [70127]
[EL Fine]: sql: 2023-05-18 10:39:55.313--ClientSession(1787716606)--Connection(925024581)--Thread(Thread[grizzly-http-server-0,5,main])--INSERT INTO STUDENT (AISID, EMAIL, NAME, PASSWORD, PROGRAMME, TERM, YEAR) VALUES (?, ?, ?, ?, ?, ?, ?)
	bind => [70127, xstudent@stuba.sk, Test Student, $2a$13$jeMEVWkCZdJNJuDvlpJ5AeZSLbu6jbqvvQ519RfuloaGM9Dqga2l., API, 18, 8]
[EL Fine]: sql: 2023-05-18 10:39:55.315--ClientSession(1787716606)--Connection(925024581)--Thread(Thread[grizzly-http-server-0,5,main])--select lastval()
[EL Fine]: moxy: 2023-05-18 10:39:55.355--Thread(Thread[grizzly-http-server-0,5,main])--SAXParserFactory instance: com.sun.org.apache.xerces.internal.jaxp.SAXParserFactoryImpl@c195433
[EL Fine]: sql: 2023-05-18 10:39:56.007--ClientSession(839683466)--Connection(925024581)--Thread(Thread[grizzly-http-server-0,5,main])--UPDATE SEQUENCE SET SEQ_COUNT = SEQ_COUNT + ? WHERE SEQ_NAME = ?
	bind => [50, SEQ_GEN]
[EL Fine]: sql: 2023-05-18 10:39:56.008--ClientSession(839683466)--Connection(925024581)--Thread(Thread[grizzly-http-server-0,5,main])--SELECT SEQ_COUNT FROM SEQUENCE WHERE SEQ_NAME = ?
	bind => [SEQ_GEN]
[EL Fine]: sql: 2023-05-18 10:39:56.017--ClientSession(839683466)--Connection(925024581)--Thread(Thread[grizzly-http-server-0,5,main])--INSERT INTO vsa_user (ID, EMAIL, PASSWORD, ROLE) VALUES (?, ?, ?, ?)
	bind => [1, xstudent@stuba.sk, $2a$13$Ky9i8W2YyYl4ZocFEJMaT.lVeul2Rhl77Ec6R7ggsH6t5teSVxLDW, STUDENT]
[EL Fine]: moxy: 2023-05-18 10:39:56.055--Thread(Thread[main,5,main])--MOXyJsonProvider.readFrom(...) is called.
[EL Fine]: moxy: 2023-05-18 10:39:56.071--Thread(Thread[main,5,main])--Setting unmarshaller property (name/value): eclipselink.media-type/application/json
[EL Fine]: moxy: 2023-05-18 10:39:56.071--Thread(Thread[main,5,main])--Setting unmarshaller property (name/value): eclipselink.json.attribute-prefix/null
[EL Fine]: moxy: 2023-05-18 10:39:56.071--Thread(Thread[main,5,main])--Setting unmarshaller property (name/value): eclipselink.json.include-root/false
[EL Fine]: moxy: 2023-05-18 10:39:56.071--Thread(Thread[main,5,main])--Setting unmarshaller property (name/value): eclipselink.namespace-prefix-mapper/null
[EL Fine]: moxy: 2023-05-18 10:39:56.071--Thread(Thread[main,5,main])--Setting unmarshaller property (name/value): eclipselink.json.namespace-separator/.
[EL Fine]: moxy: 2023-05-18 10:39:56.071--Thread(Thread[main,5,main])--Setting unmarshaller property (name/value): eclipselink.json.wrapper-as-array-name/false
[EL Fine]: moxy: 2023-05-18 10:39:56.071--Thread(Thread[main,5,main])--Setting unmarshaller property (name/value): eclipselink.json.namespace-separator/.
[EL Fine]: moxy: 2023-05-18 10:39:56.072--Thread(Thread[main,5,main])--Setting unmarshaller property (name/value): eclipselink.json.include-root/false
[EL Fine]: moxy: 2023-05-18 10:39:56.092--Thread(Thread[main,5,main])--Unmarshalling org.eclipse.persistence.oxm.XMLRoot into "APPLICATION_JSON" by "org.eclipse.persistence.internal.oxm.record.SAXUnmarshaller" started
[EL Fine]: moxy: 2023-05-18 10:39:56.096--Thread(Thread[grizzly-http-server-1,5,main])--SAXParserFactory instance: com.sun.org.apache.xerces.internal.jaxp.SAXParserFactoryImpl@7bd58cbc
[EL Fine]: moxy: 2023-05-18 10:39:56.099--Thread(Thread[grizzly-http-server-1,5,main])--SAXParserFactory instance: com.sun.org.apache.xerces.internal.jaxp.SAXParserFactoryImpl@3e6e2ac
]]></system-out>
    <system-err><![CDATA[May 18, 2023 10:39:53 AM org.glassfish.grizzly.http.server.NetworkListener start
INFO: Started listener bound to [docker-desktop:8080]
May 18, 2023 10:39:53 AM org.glassfish.grizzly.http.server.HttpServer start
INFO: [HttpServer-1] Started.
]]></system-err>
  </testcase>
  <testcase name="shouldCreateStudent" classname="sk.stuba.fei.uim.vsa.pr2.StudentResourceTest" time="1.358"/>
  <testcase name="shouldReturnUnauthorized" classname="sk.stuba.fei.uim.vsa.pr2.StudentResourceTest" time="0.103">
    <failure message="expected: &lt;true&gt; but was: &lt;false&gt;" type="org.opentest4j.AssertionFailedError"><![CDATA[org.opentest4j.AssertionFailedError: expected: <true> but was: <false>
	at sk.stuba.fei.uim.vsa.pr2.StudentResourceTest.shouldReturnUnauthorized(StudentResourceTest.java:113)
]]></failure>
    <system-out><![CDATA[[EL Fine]: moxy: 2023-05-18 10:39:57.567--Thread(Thread[grizzly-http-server-3,5,main])--SAXParserFactory instance: com.sun.org.apache.xerces.internal.jaxp.SAXParserFactoryImpl@2bb9fb72
[EL Fine]: moxy: 2023-05-18 10:39:57.569--Thread(Thread[grizzly-http-server-3,5,main])--SAXParserFactory instance: com.sun.org.apache.xerces.internal.jaxp.SAXParserFactoryImpl@43d73c34
]]></system-out>
  </testcase>
  <testcase name="shouldReturnForbiddenToDeleteWithWrongStudent" classname="sk.stuba.fei.uim.vsa.pr2.StudentResourceTest" time="2.48">
    <failure message="expected: &lt;true&gt; but was: &lt;false&gt;" type="org.opentest4j.AssertionFailedError"><![CDATA[org.opentest4j.AssertionFailedError: expected: <true> but was: <false>
	at sk.stuba.fei.uim.vsa.pr2.StudentResourceTest.shouldReturnForbiddenToDeleteWithWrongStudent(StudentResourceTest.java:225)
]]></failure>
    <system-out><![CDATA[[EL Fine]: moxy: 2023-05-18 10:39:57.649--Thread(Thread[main,5,main])--MOXyJsonProvider.writeTo(...) is called.
[EL Fine]: moxy: 2023-05-18 10:39:57.649--Thread(Thread[main,5,main])--Setting marshaller property (name/value): jaxb.formatted.output/false
[EL Fine]: moxy: 2023-05-18 10:39:57.649--Thread(Thread[main,5,main])--Setting marshaller property (name/value): eclipselink.media-type/application/json
[EL Fine]: moxy: 2023-05-18 10:39:57.649--Thread(Thread[main,5,main])--Setting marshaller property (name/value): eclipselink.json.attribute-prefix/null
[EL Fine]: moxy: 2023-05-18 10:39:57.649--Thread(Thread[main,5,main])--Setting marshaller property (name/value): eclipselink.json.include-root/false
[EL Fine]: moxy: 2023-05-18 10:39:57.649--Thread(Thread[main,5,main])--Setting marshaller property (name/value): eclipselink.json.marshal-empty-collections/true
[EL Fine]: moxy: 2023-05-18 10:39:57.649--Thread(Thread[main,5,main])--Setting marshaller property (name/value): eclipselink.json.namespace-separator/.
[EL Fine]: moxy: 2023-05-18 10:39:57.649--Thread(Thread[main,5,main])--Setting marshaller property (name/value): eclipselink.json.wrapper-as-array-name/false
[EL Fine]: moxy: 2023-05-18 10:39:57.649--Thread(Thread[main,5,main])--Setting marshaller property (name/value): eclipselink.namespace-prefix-mapper/null
[EL Fine]: moxy: 2023-05-18 10:39:57.65--Thread(Thread[main,5,main])--Setting marshaller property (name/value): jaxb.formatted.output/false
[EL Fine]: moxy: 2023-05-18 10:39:57.65--Thread(Thread[main,5,main])--Setting marshaller property (name/value): eclipselink.json.namespace-separator/.
[EL Fine]: moxy: 2023-05-18 10:39:57.65--Thread(Thread[main,5,main])--Setting marshaller property (name/value): eclipselink.json.include-root/false
[EL Fine]: moxy: 2023-05-18 10:39:57.65--Thread(Thread[main,5,main])--Setting marshaller property (name/value): eclipselink.json.marshal-empty-collections/true
[EL Fine]: moxy: 2023-05-18 10:39:57.65--Thread(Thread[main,5,main])--Marshalling "sk.stuba.fei.uim.vsa.pr2.model.dto.request.CreateStudentRequest" into APPLICATION_JSON started
[EL Fine]: moxy: 2023-05-18 10:39:57.652--Thread(Thread[grizzly-http-server-4,5,main])--SAXParserFactory instance: com.sun.org.apache.xerces.internal.jaxp.SAXParserFactoryImpl@30de33c8
[EL Fine]: moxy: 2023-05-18 10:39:57.655--Thread(Thread[grizzly-http-server-4,5,main])--SAXParserFactory instance: com.sun.org.apache.xerces.internal.jaxp.SAXParserFactoryImpl@71e339f3
2023-05-18 10:39:57.659  INFO --- [y-http-server-4] s.s.fei.uim.vsa.pr2.web.StudentResource  : password: password
[EL Fine]: sql: 2023-05-18 10:39:58.29--ServerSession(447144896)--Connection(925024581)--Thread(Thread[grizzly-http-server-4,5,main])--SELECT COUNT(ID) FROM STUDENT WHERE (EMAIL = ?)
	bind => [xstudent@stuba.sk]
[EL Fine]: sql: 2023-05-18 10:39:58.291--ServerSession(447144896)--Connection(925024581)--Thread(Thread[grizzly-http-server-4,5,main])--SELECT COUNT(ID) FROM STUDENT WHERE (AISID = ?)
	bind => [70127]
[EL Fine]: sql: 2023-05-18 10:39:58.292--ClientSession(298632892)--Connection(925024581)--Thread(Thread[grizzly-http-server-4,5,main])--INSERT INTO STUDENT (AISID, EMAIL, NAME, PASSWORD, PROGRAMME, TERM, YEAR) VALUES (?, ?, ?, ?, ?, ?, ?)
	bind => [70127, xstudent@stuba.sk, Test Student, $2a$13$nkGiYLW4v6GwDQNLOzb/ruyCrhvh.HV2fkjD3efpr0psrn8rFla4O, API, 18, 8]
[EL Fine]: sql: 2023-05-18 10:39:58.293--ClientSession(298632892)--Connection(925024581)--Thread(Thread[grizzly-http-server-4,5,main])--select lastval()
[EL Fine]: sql: 2023-05-18 10:39:58.875--ClientSession(1653405698)--Connection(925024581)--Thread(Thread[grizzly-http-server-4,5,main])--INSERT INTO vsa_user (ID, EMAIL, PASSWORD, ROLE) VALUES (?, ?, ?, ?)
	bind => [3, xstudent@stuba.sk, $2a$13$n1g1O3WBTF4lSZSVqMLtU.koe1Tr4EvvbZf1uiAYn3.IH0K8Jysu2, STUDENT]
[EL Fine]: moxy: 2023-05-18 10:39:58.886--Thread(Thread[main,5,main])--MOXyJsonProvider.readFrom(...) is called.
[EL Fine]: moxy: 2023-05-18 10:39:58.887--Thread(Thread[main,5,main])--Setting unmarshaller property (name/value): eclipselink.media-type/application/json
[EL Fine]: moxy: 2023-05-18 10:39:58.887--Thread(Thread[main,5,main])--Setting unmarshaller property (name/value): eclipselink.json.attribute-prefix/null
[EL Fine]: moxy: 2023-05-18 10:39:58.887--Thread(Thread[main,5,main])--Setting unmarshaller property (name/value): eclipselink.json.include-root/false
[EL Fine]: moxy: 2023-05-18 10:39:58.887--Thread(Thread[main,5,main])--Setting unmarshaller property (name/value): eclipselink.namespace-prefix-mapper/null
[EL Fine]: moxy: 2023-05-18 10:39:58.887--Thread(Thread[main,5,main])--Setting unmarshaller property (name/value): eclipselink.json.namespace-separator/.
[EL Fine]: moxy: 2023-05-18 10:39:58.887--Thread(Thread[main,5,main])--Setting unmarshaller property (name/value): eclipselink.json.wrapper-as-array-name/false
[EL Fine]: moxy: 2023-05-18 10:39:58.887--Thread(Thread[main,5,main])--Setting unmarshaller property (name/value): eclipselink.json.namespace-separator/.
[EL Fine]: moxy: 2023-05-18 10:39:58.887--Thread(Thread[main,5,main])--Setting unmarshaller property (name/value): eclipselink.json.include-root/false
[EL Fine]: moxy: 2023-05-18 10:39:58.888--Thread(Thread[main,5,main])--Unmarshalling org.eclipse.persistence.oxm.XMLRoot into "APPLICATION_JSON" by "org.eclipse.persistence.internal.oxm.record.SAXUnmarshaller" started
[EL Fine]: moxy: 2023-05-18 10:39:58.888--Thread(Thread[main,5,main])--MOXyJsonProvider.writeTo(...) is called.
[EL Fine]: moxy: 2023-05-18 10:39:58.889--Thread(Thread[main,5,main])--Setting marshaller property (name/value): jaxb.formatted.output/false
[EL Fine]: moxy: 2023-05-18 10:39:58.889--Thread(Thread[main,5,main])--Setting marshaller property (name/value): eclipselink.media-type/application/json
[EL Fine]: moxy: 2023-05-18 10:39:58.889--Thread(Thread[main,5,main])--Setting marshaller property (name/value): eclipselink.json.attribute-prefix/null
[EL Fine]: moxy: 2023-05-18 10:39:58.889--Thread(Thread[main,5,main])--Setting marshaller property (name/value): eclipselink.json.include-root/false
[EL Fine]: moxy: 2023-05-18 10:39:58.889--Thread(Thread[main,5,main])--Setting marshaller property (name/value): eclipselink.json.marshal-empty-collections/true
[EL Fine]: moxy: 2023-05-18 10:39:58.889--Thread(Thread[main,5,main])--Setting marshaller property (name/value): eclipselink.json.namespace-separator/.
[EL Fine]: moxy: 2023-05-18 10:39:58.889--Thread(Thread[main,5,main])--Setting marshaller property (name/value): eclipselink.json.wrapper-as-array-name/false
[EL Fine]: moxy: 2023-05-18 10:39:58.889--Thread(Thread[main,5,main])--Setting marshaller property (name/value): eclipselink.namespace-prefix-mapper/null
[EL Fine]: moxy: 2023-05-18 10:39:58.889--Thread(Thread[main,5,main])--Setting marshaller property (name/value): jaxb.formatted.output/false
[EL Fine]: moxy: 2023-05-18 10:39:58.889--Thread(Thread[main,5,main])--Setting marshaller property (name/value): eclipselink.json.namespace-separator/.
[EL Fine]: moxy: 2023-05-18 10:39:58.889--Thread(Thread[main,5,main])--Setting marshaller property (name/value): eclipselink.json.include-root/false
[EL Fine]: moxy: 2023-05-18 10:39:58.889--Thread(Thread[main,5,main])--Setting marshaller property (name/value): eclipselink.json.marshal-empty-collections/true
[EL Fine]: moxy: 2023-05-18 10:39:58.889--Thread(Thread[main,5,main])--Marshalling "sk.stuba.fei.uim.vsa.pr2.model.dto.request.CreateStudentRequest" into APPLICATION_JSON started
[EL Fine]: moxy: 2023-05-18 10:39:58.892--Thread(Thread[grizzly-http-server-5,5,main])--SAXParserFactory instance: com.sun.org.apache.xerces.internal.jaxp.SAXParserFactoryImpl@c5b0c90
[EL Fine]: moxy: 2023-05-18 10:39:58.894--Thread(Thread[grizzly-http-server-5,5,main])--SAXParserFactory instance: com.sun.org.apache.xerces.internal.jaxp.SAXParserFactoryImpl@4d6606ab
2023-05-18 10:39:58.901  INFO --- [y-http-server-5] s.s.fei.uim.vsa.pr2.web.StudentResource  : password: password
[EL Fine]: sql: 2023-05-18 10:39:59.47--ServerSession(447144896)--Connection(925024581)--Thread(Thread[grizzly-http-server-5,5,main])--SELECT COUNT(ID) FROM STUDENT WHERE (EMAIL = ?)
	bind => [xstu@stuba.sk]
[EL Fine]: sql: 2023-05-18 10:39:59.471--ServerSession(447144896)--Connection(925024581)--Thread(Thread[grizzly-http-server-5,5,main])--SELECT COUNT(ID) FROM STUDENT WHERE (AISID = ?)
	bind => [81230]
[EL Fine]: sql: 2023-05-18 10:39:59.472--ClientSession(759822820)--Connection(925024581)--Thread(Thread[grizzly-http-server-5,5,main])--INSERT INTO STUDENT (AISID, EMAIL, NAME, PASSWORD, PROGRAMME, TERM, YEAR) VALUES (?, ?, ?, ?, ?, ?, ?)
	bind => [81230, xstu@stuba.sk, Testovaci Studenttt, $2a$13$mctUzO6OwuRk92sBxaHiyumAFxEvMRxLZabzFCpvm6r7jmzckZgmu, B-API, 6, 3]
[EL Fine]: sql: 2023-05-18 10:39:59.473--ClientSession(759822820)--Connection(925024581)--Thread(Thread[grizzly-http-server-5,5,main])--select lastval()
[EL Fine]: sql: 2023-05-18 10:40:00.034--ClientSession(688365580)--Connection(925024581)--Thread(Thread[grizzly-http-server-5,5,main])--INSERT INTO vsa_user (ID, EMAIL, PASSWORD, ROLE) VALUES (?, ?, ?, ?)
	bind => [4, xstu@stuba.sk, $2a$13$JyIgGHdZ7kJymYhfgSfBf.24IqzclecXyf4dpdsWD6ucm0OT/AsZ., STUDENT]
[EL Fine]: moxy: 2023-05-18 10:40:00.044--Thread(Thread[main,5,main])--MOXyJsonProvider.readFrom(...) is called.
[EL Fine]: moxy: 2023-05-18 10:40:00.045--Thread(Thread[main,5,main])--Setting unmarshaller property (name/value): eclipselink.media-type/application/json
[EL Fine]: moxy: 2023-05-18 10:40:00.045--Thread(Thread[main,5,main])--Setting unmarshaller property (name/value): eclipselink.json.attribute-prefix/null
[EL Fine]: moxy: 2023-05-18 10:40:00.045--Thread(Thread[main,5,main])--Setting unmarshaller property (name/value): eclipselink.json.include-root/false
[EL Fine]: moxy: 2023-05-18 10:40:00.045--Thread(Thread[main,5,main])--Setting unmarshaller property (name/value): eclipselink.namespace-prefix-mapper/null
[EL Fine]: moxy: 2023-05-18 10:40:00.045--Thread(Thread[main,5,main])--Setting unmarshaller property (name/value): eclipselink.json.namespace-separator/.
[EL Fine]: moxy: 2023-05-18 10:40:00.045--Thread(Thread[main,5,main])--Setting unmarshaller property (name/value): eclipselink.json.wrapper-as-array-name/false
[EL Fine]: moxy: 2023-05-18 10:40:00.045--Thread(Thread[main,5,main])--Setting unmarshaller property (name/value): eclipselink.json.namespace-separator/.
[EL Fine]: moxy: 2023-05-18 10:40:00.045--Thread(Thread[main,5,main])--Setting unmarshaller property (name/value): eclipselink.json.include-root/false
[EL Fine]: moxy: 2023-05-18 10:40:00.046--Thread(Thread[main,5,main])--Unmarshalling org.eclipse.persistence.oxm.XMLRoot into "APPLICATION_JSON" by "org.eclipse.persistence.internal.oxm.record.SAXUnmarshaller" started
[EL Fine]: moxy: 2023-05-18 10:40:00.049--Thread(Thread[grizzly-http-server-6,5,main])--SAXParserFactory instance: com.sun.org.apache.xerces.internal.jaxp.SAXParserFactoryImpl@4e87afef
[EL Fine]: moxy: 2023-05-18 10:40:00.051--Thread(Thread[grizzly-http-server-6,5,main])--SAXParserFactory instance: com.sun.org.apache.xerces.internal.jaxp.SAXParserFactoryImpl@7f8301cf
]]></system-out>
  </testcase>
  <testcase name="shouldGetAllStudents" classname="sk.stuba.fei.uim.vsa.pr2.StudentResourceTest" time="2.416">
    <failure message="expected: &lt;200&gt; but was: &lt;401&gt;" type="org.opentest4j.AssertionFailedError"><![CDATA[org.opentest4j.AssertionFailedError: expected: <200> but was: <401>
	at sk.stuba.fei.uim.vsa.pr2.StudentResourceTest.shouldGetAllStudents(StudentResourceTest.java:94)
]]></failure>
    <system-out><![CDATA[[EL Fine]: moxy: 2023-05-18 10:40:00.125--Thread(Thread[main,5,main])--MOXyJsonProvider.writeTo(...) is called.
[EL Fine]: moxy: 2023-05-18 10:40:00.126--Thread(Thread[main,5,main])--Setting marshaller property (name/value): jaxb.formatted.output/false
[EL Fine]: moxy: 2023-05-18 10:40:00.126--Thread(Thread[main,5,main])--Setting marshaller property (name/value): eclipselink.media-type/application/json
[EL Fine]: moxy: 2023-05-18 10:40:00.126--Thread(Thread[main,5,main])--Setting marshaller property (name/value): eclipselink.json.attribute-prefix/null
[EL Fine]: moxy: 2023-05-18 10:40:00.126--Thread(Thread[main,5,main])--Setting marshaller property (name/value): eclipselink.json.include-root/false
[EL Fine]: moxy: 2023-05-18 10:40:00.126--Thread(Thread[main,5,main])--Setting marshaller property (name/value): eclipselink.json.marshal-empty-collections/true
[EL Fine]: moxy: 2023-05-18 10:40:00.126--Thread(Thread[main,5,main])--Setting marshaller property (name/value): eclipselink.json.namespace-separator/.
[EL Fine]: moxy: 2023-05-18 10:40:00.126--Thread(Thread[main,5,main])--Setting marshaller property (name/value): eclipselink.json.wrapper-as-array-name/false
[EL Fine]: moxy: 2023-05-18 10:40:00.126--Thread(Thread[main,5,main])--Setting marshaller property (name/value): eclipselink.namespace-prefix-mapper/null
[EL Fine]: moxy: 2023-05-18 10:40:00.126--Thread(Thread[main,5,main])--Setting marshaller property (name/value): jaxb.formatted.output/false
[EL Fine]: moxy: 2023-05-18 10:40:00.126--Thread(Thread[main,5,main])--Setting marshaller property (name/value): eclipselink.json.namespace-separator/.
[EL Fine]: moxy: 2023-05-18 10:40:00.126--Thread(Thread[main,5,main])--Setting marshaller property (name/value): eclipselink.json.include-root/false
[EL Fine]: moxy: 2023-05-18 10:40:00.126--Thread(Thread[main,5,main])--Setting marshaller property (name/value): eclipselink.json.marshal-empty-collections/true
[EL Fine]: moxy: 2023-05-18 10:40:00.126--Thread(Thread[main,5,main])--Marshalling "sk.stuba.fei.uim.vsa.pr2.model.dto.request.CreateStudentRequest" into APPLICATION_JSON started
[EL Fine]: moxy: 2023-05-18 10:40:00.129--Thread(Thread[grizzly-http-server-7,5,main])--SAXParserFactory instance: com.sun.org.apache.xerces.internal.jaxp.SAXParserFactoryImpl@264c290b
[EL Fine]: moxy: 2023-05-18 10:40:00.131--Thread(Thread[grizzly-http-server-7,5,main])--SAXParserFactory instance: com.sun.org.apache.xerces.internal.jaxp.SAXParserFactoryImpl@67712330
2023-05-18 10:40:00.134  INFO --- [y-http-server-7] s.s.fei.uim.vsa.pr2.web.StudentResource  : password: password
[EL Fine]: sql: 2023-05-18 10:40:00.704--ServerSession(447144896)--Connection(925024581)--Thread(Thread[grizzly-http-server-7,5,main])--SELECT COUNT(ID) FROM STUDENT WHERE (EMAIL = ?)
	bind => [xstudent@stuba.sk]
[EL Fine]: sql: 2023-05-18 10:40:00.705--ServerSession(447144896)--Connection(925024581)--Thread(Thread[grizzly-http-server-7,5,main])--SELECT COUNT(ID) FROM STUDENT WHERE (AISID = ?)
	bind => [70127]
[EL Fine]: sql: 2023-05-18 10:40:00.706--ClientSession(1534789506)--Connection(925024581)--Thread(Thread[grizzly-http-server-7,5,main])--INSERT INTO STUDENT (AISID, EMAIL, NAME, PASSWORD, PROGRAMME, TERM, YEAR) VALUES (?, ?, ?, ?, ?, ?, ?)
	bind => [70127, xstudent@stuba.sk, Test Student, $2a$13$nU.n9OKDN8f/VuPH7rwrk.ZAg.ctkobdJ5vO0FVCYYP9D0GnbCOvK, API, 18, 8]
[EL Fine]: sql: 2023-05-18 10:40:00.707--ClientSession(1534789506)--Connection(925024581)--Thread(Thread[grizzly-http-server-7,5,main])--select lastval()
[EL Fine]: sql: 2023-05-18 10:40:01.274--ClientSession(2107650305)--Connection(925024581)--Thread(Thread[grizzly-http-server-7,5,main])--INSERT INTO vsa_user (ID, EMAIL, PASSWORD, ROLE) VALUES (?, ?, ?, ?)
	bind => [5, xstudent@stuba.sk, $2a$13$mD3LD2rL7yckaqX3fp7LB.n.AU8qsmheBYKiANy4amiuQpVyaJJ6q, STUDENT]
[EL Fine]: moxy: 2023-05-18 10:40:01.282--Thread(Thread[main,5,main])--MOXyJsonProvider.readFrom(...) is called.
[EL Fine]: moxy: 2023-05-18 10:40:01.282--Thread(Thread[main,5,main])--Setting unmarshaller property (name/value): eclipselink.media-type/application/json
[EL Fine]: moxy: 2023-05-18 10:40:01.282--Thread(Thread[main,5,main])--Setting unmarshaller property (name/value): eclipselink.json.attribute-prefix/null
[EL Fine]: moxy: 2023-05-18 10:40:01.282--Thread(Thread[main,5,main])--Setting unmarshaller property (name/value): eclipselink.json.include-root/false
[EL Fine]: moxy: 2023-05-18 10:40:01.282--Thread(Thread[main,5,main])--Setting unmarshaller property (name/value): eclipselink.namespace-prefix-mapper/null
[EL Fine]: moxy: 2023-05-18 10:40:01.282--Thread(Thread[main,5,main])--Setting unmarshaller property (name/value): eclipselink.json.namespace-separator/.
[EL Fine]: moxy: 2023-05-18 10:40:01.282--Thread(Thread[main,5,main])--Setting unmarshaller property (name/value): eclipselink.json.wrapper-as-array-name/false
[EL Fine]: moxy: 2023-05-18 10:40:01.282--Thread(Thread[main,5,main])--Setting unmarshaller property (name/value): eclipselink.json.namespace-separator/.
[EL Fine]: moxy: 2023-05-18 10:40:01.282--Thread(Thread[main,5,main])--Setting unmarshaller property (name/value): eclipselink.json.include-root/false
[EL Fine]: moxy: 2023-05-18 10:40:01.283--Thread(Thread[main,5,main])--Unmarshalling org.eclipse.persistence.oxm.XMLRoot into "APPLICATION_JSON" by "org.eclipse.persistence.internal.oxm.record.SAXUnmarshaller" started
[EL Fine]: moxy: 2023-05-18 10:40:01.283--Thread(Thread[main,5,main])--MOXyJsonProvider.writeTo(...) is called.
[EL Fine]: moxy: 2023-05-18 10:40:01.283--Thread(Thread[main,5,main])--Setting marshaller property (name/value): jaxb.formatted.output/false
[EL Fine]: moxy: 2023-05-18 10:40:01.283--Thread(Thread[main,5,main])--Setting marshaller property (name/value): eclipselink.media-type/application/json
[EL Fine]: moxy: 2023-05-18 10:40:01.283--Thread(Thread[main,5,main])--Setting marshaller property (name/value): eclipselink.json.attribute-prefix/null
[EL Fine]: moxy: 2023-05-18 10:40:01.283--Thread(Thread[main,5,main])--Setting marshaller property (name/value): eclipselink.json.include-root/false
[EL Fine]: moxy: 2023-05-18 10:40:01.283--Thread(Thread[main,5,main])--Setting marshaller property (name/value): eclipselink.json.marshal-empty-collections/true
[EL Fine]: moxy: 2023-05-18 10:40:01.283--Thread(Thread[main,5,main])--Setting marshaller property (name/value): eclipselink.json.namespace-separator/.
[EL Fine]: moxy: 2023-05-18 10:40:01.283--Thread(Thread[main,5,main])--Setting marshaller property (name/value): eclipselink.json.wrapper-as-array-name/false
[EL Fine]: moxy: 2023-05-18 10:40:01.283--Thread(Thread[main,5,main])--Setting marshaller property (name/value): eclipselink.namespace-prefix-mapper/null
[EL Fine]: moxy: 2023-05-18 10:40:01.283--Thread(Thread[main,5,main])--Setting marshaller property (name/value): jaxb.formatted.output/false
[EL Fine]: moxy: 2023-05-18 10:40:01.283--Thread(Thread[main,5,main])--Setting marshaller property (name/value): eclipselink.json.namespace-separator/.
[EL Fine]: moxy: 2023-05-18 10:40:01.283--Thread(Thread[main,5,main])--Setting marshaller property (name/value): eclipselink.json.include-root/false
[EL Fine]: moxy: 2023-05-18 10:40:01.284--Thread(Thread[main,5,main])--Setting marshaller property (name/value): eclipselink.json.marshal-empty-collections/true
[EL Fine]: moxy: 2023-05-18 10:40:01.284--Thread(Thread[main,5,main])--Marshalling "sk.stuba.fei.uim.vsa.pr2.model.dto.request.CreateStudentRequest" into APPLICATION_JSON started
[EL Fine]: moxy: 2023-05-18 10:40:01.286--Thread(Thread[grizzly-http-server-8,5,main])--SAXParserFactory instance: com.sun.org.apache.xerces.internal.jaxp.SAXParserFactoryImpl@647ab0f0
[EL Fine]: moxy: 2023-05-18 10:40:01.288--Thread(Thread[grizzly-http-server-8,5,main])--SAXParserFactory instance: com.sun.org.apache.xerces.internal.jaxp.SAXParserFactoryImpl@2547bacb
2023-05-18 10:40:01.293  INFO --- [y-http-server-8] s.s.fei.uim.vsa.pr2.web.StudentResource  : password: password
[EL Fine]: sql: 2023-05-18 10:40:01.864--ServerSession(447144896)--Connection(925024581)--Thread(Thread[grizzly-http-server-8,5,main])--SELECT COUNT(ID) FROM STUDENT WHERE (EMAIL = ?)
	bind => [xstu@stuba.sk]
[EL Fine]: sql: 2023-05-18 10:40:01.865--ServerSession(447144896)--Connection(925024581)--Thread(Thread[grizzly-http-server-8,5,main])--SELECT COUNT(ID) FROM STUDENT WHERE (AISID = ?)
	bind => [81230]
[EL Fine]: sql: 2023-05-18 10:40:01.866--ClientSession(1164461444)--Connection(925024581)--Thread(Thread[grizzly-http-server-8,5,main])--INSERT INTO STUDENT (AISID, EMAIL, NAME, PASSWORD, PROGRAMME, TERM, YEAR) VALUES (?, ?, ?, ?, ?, ?, ?)
	bind => [81230, xstu@stuba.sk, Testovaci Studenttt, $2a$13$5w03C1YH2n2wX2HPl2u1Rer4IG5zCFTmPkCMSdHUxGtzpibOKuXAK, B-API, 6, 3]
[EL Fine]: sql: 2023-05-18 10:40:01.866--ClientSession(1164461444)--Connection(925024581)--Thread(Thread[grizzly-http-server-8,5,main])--select lastval()
[EL Fine]: sql: 2023-05-18 10:40:02.453--ClientSession(1181042024)--Connection(925024581)--Thread(Thread[grizzly-http-server-8,5,main])--INSERT INTO vsa_user (ID, EMAIL, PASSWORD, ROLE) VALUES (?, ?, ?, ?)
	bind => [6, xstu@stuba.sk, $2a$13$ZIyVINffZRm6rl.KLs0WKeYjSdMtPpyFSyPTJ.Kw9evS83HRW9c02, STUDENT]
[EL Fine]: moxy: 2023-05-18 10:40:02.46--Thread(Thread[main,5,main])--MOXyJsonProvider.readFrom(...) is called.
[EL Fine]: moxy: 2023-05-18 10:40:02.46--Thread(Thread[main,5,main])--Setting unmarshaller property (name/value): eclipselink.media-type/application/json
[EL Fine]: moxy: 2023-05-18 10:40:02.46--Thread(Thread[main,5,main])--Setting unmarshaller property (name/value): eclipselink.json.attribute-prefix/null
[EL Fine]: moxy: 2023-05-18 10:40:02.461--Thread(Thread[main,5,main])--Setting unmarshaller property (name/value): eclipselink.json.include-root/false
[EL Fine]: moxy: 2023-05-18 10:40:02.461--Thread(Thread[main,5,main])--Setting unmarshaller property (name/value): eclipselink.namespace-prefix-mapper/null
[EL Fine]: moxy: 2023-05-18 10:40:02.461--Thread(Thread[main,5,main])--Setting unmarshaller property (name/value): eclipselink.json.namespace-separator/.
[EL Fine]: moxy: 2023-05-18 10:40:02.461--Thread(Thread[main,5,main])--Setting unmarshaller property (name/value): eclipselink.json.wrapper-as-array-name/false
[EL Fine]: moxy: 2023-05-18 10:40:02.461--Thread(Thread[main,5,main])--Setting unmarshaller property (name/value): eclipselink.json.namespace-separator/.
[EL Fine]: moxy: 2023-05-18 10:40:02.461--Thread(Thread[main,5,main])--Setting unmarshaller property (name/value): eclipselink.json.include-root/false
[EL Fine]: moxy: 2023-05-18 10:40:02.461--Thread(Thread[main,5,main])--Unmarshalling org.eclipse.persistence.oxm.XMLRoot into "APPLICATION_JSON" by "org.eclipse.persistence.internal.oxm.record.SAXUnmarshaller" started
[EL Fine]: moxy: 2023-05-18 10:40:02.464--Thread(Thread[grizzly-http-server-9,5,main])--SAXParserFactory instance: com.sun.org.apache.xerces.internal.jaxp.SAXParserFactoryImpl@45bf6501
[EL Fine]: moxy: 2023-05-18 10:40:02.466--Thread(Thread[grizzly-http-server-9,5,main])--SAXParserFactory instance: com.sun.org.apache.xerces.internal.jaxp.SAXParserFactoryImpl@4826f3a
]]></system-out>
  </testcase>
  <testcase name="shouldCreateStudentWithOnlyRequiredProperties" classname="sk.stuba.fei.uim.vsa.pr2.StudentResourceTest" time="0.676">
    <failure message="expected: &lt;201&gt; but was: &lt;500&gt;" type="org.opentest4j.AssertionFailedError"><![CDATA[org.opentest4j.AssertionFailedError: expected: <201> but was: <500>
	at sk.stuba.fei.uim.vsa.pr2.StudentResourceTest.shouldCreateStudentWithOnlyRequiredProperties(StudentResourceTest.java:63)
]]></failure>
    <system-out><![CDATA[[EL Fine]: moxy: 2023-05-18 10:40:02.54--Thread(Thread[main,5,main])--MOXyJsonProvider.writeTo(...) is called.
[EL Fine]: moxy: 2023-05-18 10:40:02.541--Thread(Thread[main,5,main])--Setting marshaller property (name/value): jaxb.formatted.output/false
[EL Fine]: moxy: 2023-05-18 10:40:02.541--Thread(Thread[main,5,main])--Setting marshaller property (name/value): eclipselink.media-type/application/json
[EL Fine]: moxy: 2023-05-18 10:40:02.541--Thread(Thread[main,5,main])--Setting marshaller property (name/value): eclipselink.json.attribute-prefix/null
[EL Fine]: moxy: 2023-05-18 10:40:02.541--Thread(Thread[main,5,main])--Setting marshaller property (name/value): eclipselink.json.include-root/false
[EL Fine]: moxy: 2023-05-18 10:40:02.541--Thread(Thread[main,5,main])--Setting marshaller property (name/value): eclipselink.json.marshal-empty-collections/true
[EL Fine]: moxy: 2023-05-18 10:40:02.541--Thread(Thread[main,5,main])--Setting marshaller property (name/value): eclipselink.json.namespace-separator/.
[EL Fine]: moxy: 2023-05-18 10:40:02.541--Thread(Thread[main,5,main])--Setting marshaller property (name/value): eclipselink.json.wrapper-as-array-name/false
[EL Fine]: moxy: 2023-05-18 10:40:02.541--Thread(Thread[main,5,main])--Setting marshaller property (name/value): eclipselink.namespace-prefix-mapper/null
[EL Fine]: moxy: 2023-05-18 10:40:02.541--Thread(Thread[main,5,main])--Setting marshaller property (name/value): jaxb.formatted.output/false
[EL Fine]: moxy: 2023-05-18 10:40:02.541--Thread(Thread[main,5,main])--Setting marshaller property (name/value): eclipselink.json.namespace-separator/.
[EL Fine]: moxy: 2023-05-18 10:40:02.541--Thread(Thread[main,5,main])--Setting marshaller property (name/value): eclipselink.json.include-root/false
[EL Fine]: moxy: 2023-05-18 10:40:02.541--Thread(Thread[main,5,main])--Setting marshaller property (name/value): eclipselink.json.marshal-empty-collections/true
[EL Fine]: moxy: 2023-05-18 10:40:02.541--Thread(Thread[main,5,main])--Marshalling "sk.stuba.fei.uim.vsa.pr2.model.dto.request.CreateStudentRequest" into APPLICATION_JSON started
[EL Fine]: moxy: 2023-05-18 10:40:02.544--Thread(Thread[grizzly-http-server-10,5,main])--SAXParserFactory instance: com.sun.org.apache.xerces.internal.jaxp.SAXParserFactoryImpl@1baf829e
[EL Fine]: moxy: 2023-05-18 10:40:02.546--Thread(Thread[grizzly-http-server-10,5,main])--SAXParserFactory instance: com.sun.org.apache.xerces.internal.jaxp.SAXParserFactoryImpl@5a9288a5
2023-05-18 10:40:02.551  INFO --- [-http-server-10] s.s.fei.uim.vsa.pr2.web.StudentResource  : password: password
[EL Fine]: sql: 2023-05-18 10:40:03.132--ServerSession(447144896)--Connection(925024581)--Thread(Thread[grizzly-http-server-10,5,main])--SELECT COUNT(ID) FROM STUDENT WHERE (EMAIL = ?)
	bind => [xstudent@stuba.sk]
[EL Fine]: sql: 2023-05-18 10:40:03.133--ServerSession(447144896)--Connection(925024581)--Thread(Thread[grizzly-http-server-10,5,main])--SELECT COUNT(ID) FROM STUDENT WHERE (AISID = ?)
	bind => [70127]
[EL Fine]: sql: 2023-05-18 10:40:03.133--ClientSession(985495530)--Connection(925024581)--Thread(Thread[grizzly-http-server-10,5,main])--INSERT INTO STUDENT (AISID, EMAIL, NAME, PASSWORD, PROGRAMME, TERM, YEAR) VALUES (?, ?, ?, ?, ?, ?, ?)
	bind => [70127, xstudent@stuba.sk, Test Student, $2a$13$ZNWjOAi4rXEkkw8RMJ1My.OVQ7DScO.52Ftamk/tOFnjfD42755Py, null, 0, 0]
[EL Fine]: sql: 2023-05-18 10:40:03.134--ClientSession(985495530)--Thread(Thread[grizzly-http-server-10,5,main])--SELECT 1
[EL Warning]: 2023-05-18 10:40:03.135--UnitOfWork(1105641344)--Thread(Thread[grizzly-http-server-10,5,main])--Exception [EclipseLink-4002] (Eclipse Persistence Services - 2.7.10.v20211216-fe64cd39c3): org.eclipse.persistence.exceptions.DatabaseException
Internal Exception: org.postgresql.util.PSQLException: ERROR: null value in column "programme" of relation "student" violates not-null constraint
  Detail: Failing row contains (7, 70127, xstudent@stuba.sk, Test Student, $2a$13$ZNWjOAi4rXEkkw8RMJ1My.OVQ7DScO.52Ftamk/tOFnjfD42755Py, null, 0, 0).
Error Code: 0
Call: INSERT INTO STUDENT (AISID, EMAIL, NAME, PASSWORD, PROGRAMME, TERM, YEAR) VALUES (?, ?, ?, ?, ?, ?, ?)
	bind => [70127, xstudent@stuba.sk, Test Student, $2a$13$ZNWjOAi4rXEkkw8RMJ1My.OVQ7DScO.52Ftamk/tOFnjfD42755Py, null, 0, 0]
Query: InsertObjectQuery(Student(id=null, aisId=70127, name=Test Student, email=xstudent@stuba.sk, password=$2a$13$ZNWjOAi4rXEkkw8RMJ1My.OVQ7DScO.52Ftamk/tOFnjfD42755Py, year=0, term=0, programme=null, finalThesis=null))
[EL Fine]: connection: 2023-05-18 10:40:03.136--ServerSession(447144896)--Connection(925024581)--Thread(Thread[grizzly-http-server-10,5,main])--disconnect
[EL Fine]: moxy: 2023-05-18 10:40:03.142--Thread(Thread[grizzly-http-server-10,5,main])--MOXyJsonProvider.writeTo(...) is called.
[EL Fine]: moxy: 2023-05-18 10:40:03.142--Thread(Thread[grizzly-http-server-10,5,main])--Setting marshaller property (name/value): jaxb.formatted.output/false
[EL Fine]: moxy: 2023-05-18 10:40:03.142--Thread(Thread[grizzly-http-server-10,5,main])--Setting marshaller property (name/value): eclipselink.media-type/application/json
[EL Fine]: moxy: 2023-05-18 10:40:03.142--Thread(Thread[grizzly-http-server-10,5,main])--Setting marshaller property (name/value): eclipselink.json.attribute-prefix/null
[EL Fine]: moxy: 2023-05-18 10:40:03.142--Thread(Thread[grizzly-http-server-10,5,main])--Setting marshaller property (name/value): eclipselink.json.include-root/false
[EL Fine]: moxy: 2023-05-18 10:40:03.142--Thread(Thread[grizzly-http-server-10,5,main])--Setting marshaller property (name/value): eclipselink.json.marshal-empty-collections/true
[EL Fine]: moxy: 2023-05-18 10:40:03.142--Thread(Thread[grizzly-http-server-10,5,main])--Setting marshaller property (name/value): eclipselink.json.namespace-separator/.
[EL Fine]: moxy: 2023-05-18 10:40:03.142--Thread(Thread[grizzly-http-server-10,5,main])--Setting marshaller property (name/value): eclipselink.json.wrapper-as-array-name/false
[EL Fine]: moxy: 2023-05-18 10:40:03.142--Thread(Thread[grizzly-http-server-10,5,main])--Setting marshaller property (name/value): eclipselink.namespace-prefix-mapper/null
[EL Fine]: moxy: 2023-05-18 10:40:03.142--Thread(Thread[grizzly-http-server-10,5,main])--Setting marshaller property (name/value): jaxb.formatted.output/false
[EL Fine]: moxy: 2023-05-18 10:40:03.142--Thread(Thread[grizzly-http-server-10,5,main])--Setting marshaller property (name/value): eclipselink.json.namespace-separator/.
[EL Fine]: moxy: 2023-05-18 10:40:03.142--Thread(Thread[grizzly-http-server-10,5,main])--Setting marshaller property (name/value): eclipselink.json.include-root/false
[EL Fine]: moxy: 2023-05-18 10:40:03.142--Thread(Thread[grizzly-http-server-10,5,main])--Setting marshaller property (name/value): eclipselink.json.marshal-empty-collections/true
[EL Fine]: moxy: 2023-05-18 10:40:03.142--Thread(Thread[grizzly-http-server-10,5,main])--Marshalling "sk.stuba.fei.uim.vsa.pr2.web.response.MessageDto" into APPLICATION_JSON started
]]></system-out>
    <system-err><![CDATA[javax.persistence.RollbackException: Exception [EclipseLink-4002] (Eclipse Persistence Services - 2.7.10.v20211216-fe64cd39c3): org.eclipse.persistence.exceptions.DatabaseException
Internal Exception: org.postgresql.util.PSQLException: ERROR: null value in column "programme" of relation "student" violates not-null constraint
  Detail: Failing row contains (7, 70127, xstudent@stuba.sk, Test Student, $2a$13$ZNWjOAi4rXEkkw8RMJ1My.OVQ7DScO.52Ftamk/tOFnjfD42755Py, null, 0, 0).
Error Code: 0
Call: INSERT INTO STUDENT (AISID, EMAIL, NAME, PASSWORD, PROGRAMME, TERM, YEAR) VALUES (?, ?, ?, ?, ?, ?, ?)
	bind => [70127, xstudent@stuba.sk, Test Student, $2a$13$ZNWjOAi4rXEkkw8RMJ1My.OVQ7DScO.52Ftamk/tOFnjfD42755Py, null, 0, 0]
Query: InsertObjectQuery(Student(id=null, aisId=70127, name=Test Student, email=xstudent@stuba.sk, password=$2a$13$ZNWjOAi4rXEkkw8RMJ1My.OVQ7DScO.52Ftamk/tOFnjfD42755Py, year=0, term=0, programme=null, finalThesis=null))
	at org.eclipse.persistence.internal.jpa.transaction.EntityTransactionImpl.commit(EntityTransactionImpl.java:161)
	at sk.stuba.fei.uim.vsa.pr2.service.StudentService.createStudent(StudentService.java:46)
	at sk.stuba.fei.uim.vsa.pr2.web.StudentResource.createStudent(StudentResource.java:74)
	at sun.reflect.NativeMethodAccessorImpl.invoke0(Native Method)
	at sun.reflect.NativeMethodAccessorImpl.invoke(NativeMethodAccessorImpl.java:62)
	at sun.reflect.DelegatingMethodAccessorImpl.invoke(DelegatingMethodAccessorImpl.java:43)
	at java.lang.reflect.Method.invoke(Method.java:498)
	at org.glassfish.jersey.server.model.internal.ResourceMethodInvocationHandlerFactory.lambda$static$0(ResourceMethodInvocationHandlerFactory.java:52)
	at org.glassfish.jersey.server.model.internal.AbstractJavaResourceMethodDispatcher$1.run(AbstractJavaResourceMethodDispatcher.java:134)
	at org.glassfish.jersey.server.model.internal.AbstractJavaResourceMethodDispatcher.invoke(AbstractJavaResourceMethodDispatcher.java:177)
	at org.glassfish.jersey.server.model.internal.JavaResourceMethodDispatcherProvider$ResponseOutInvoker.doDispatch(JavaResourceMethodDispatcherProvider.java:176)
	at org.glassfish.jersey.server.model.internal.AbstractJavaResourceMethodDispatcher.dispatch(AbstractJavaResourceMethodDispatcher.java:81)
	at org.glassfish.jersey.server.model.ResourceMethodInvoker.invoke(ResourceMethodInvoker.java:478)
	at org.glassfish.jersey.server.model.ResourceMethodInvoker.apply(ResourceMethodInvoker.java:400)
	at org.glassfish.jersey.server.model.ResourceMethodInvoker.apply(ResourceMethodInvoker.java:81)
	at org.glassfish.jersey.server.ServerRuntime$1.run(ServerRuntime.java:256)
	at org.glassfish.jersey.internal.Errors$1.call(Errors.java:248)
	at org.glassfish.jersey.internal.Errors$1.call(Errors.java:244)
	at org.glassfish.jersey.internal.Errors.process(Errors.java:292)
	at org.glassfish.jersey.internal.Errors.process(Errors.java:274)
	at org.glassfish.jersey.internal.Errors.process(Errors.java:244)
	at org.glassfish.jersey.process.internal.RequestScope.runInScope(RequestScope.java:265)
	at org.glassfish.jersey.server.ServerRuntime.process(ServerRuntime.java:235)
	at org.glassfish.jersey.server.ApplicationHandler.handle(ApplicationHandler.java:684)
	at org.glassfish.jersey.grizzly2.httpserver.GrizzlyHttpContainer.service(GrizzlyHttpContainer.java:356)
	at org.glassfish.grizzly.http.server.HttpHandler$1.run(HttpHandler.java:200)
	at org.glassfish.grizzly.threadpool.AbstractThreadPool$Worker.doWork(AbstractThreadPool.java:569)
	at org.glassfish.grizzly.threadpool.AbstractThreadPool$Worker.run(AbstractThreadPool.java:549)
	at java.lang.Thread.run(Thread.java:750)
Caused by: Exception [EclipseLink-4002] (Eclipse Persistence Services - 2.7.10.v20211216-fe64cd39c3): org.eclipse.persistence.exceptions.DatabaseException
Internal Exception: org.postgresql.util.PSQLException: ERROR: null value in column "programme" of relation "student" violates not-null constraint
  Detail: Failing row contains (7, 70127, xstudent@stuba.sk, Test Student, $2a$13$ZNWjOAi4rXEkkw8RMJ1My.OVQ7DScO.52Ftamk/tOFnjfD42755Py, null, 0, 0).
Error Code: 0
Call: INSERT INTO STUDENT (AISID, EMAIL, NAME, PASSWORD, PROGRAMME, TERM, YEAR) VALUES (?, ?, ?, ?, ?, ?, ?)
	bind => [70127, xstudent@stuba.sk, Test Student, $2a$13$ZNWjOAi4rXEkkw8RMJ1My.OVQ7DScO.52Ftamk/tOFnjfD42755Py, null, 0, 0]
Query: InsertObjectQuery(Student(id=null, aisId=70127, name=Test Student, email=xstudent@stuba.sk, password=$2a$13$ZNWjOAi4rXEkkw8RMJ1My.OVQ7DScO.52Ftamk/tOFnjfD42755Py, year=0, term=0, programme=null, finalThesis=null))
	at org.eclipse.persistence.exceptions.DatabaseException.sqlException(DatabaseException.java:342)
	at org.eclipse.persistence.internal.databaseaccess.DatabaseAccessor.processExceptionForCommError(DatabaseAccessor.java:1655)
	at org.eclipse.persistence.internal.databaseaccess.DatabaseAccessor.executeDirectNoSelect(DatabaseAccessor.java:906)
	at org.eclipse.persistence.internal.databaseaccess.DatabaseAccessor.executeNoSelect(DatabaseAccessor.java:970)
	at org.eclipse.persistence.internal.databaseaccess.DatabaseAccessor.basicExecuteCall(DatabaseAccessor.java:640)
	at org.eclipse.persistence.internal.databaseaccess.DatabaseAccessor.executeCall(DatabaseAccessor.java:567)
	at org.eclipse.persistence.internal.sessions.AbstractSession.basicExecuteCall(AbstractSession.java:2105)
	at org.eclipse.persistence.sessions.server.ClientSession.executeCall(ClientSession.java:313)
	at org.eclipse.persistence.internal.queries.DatasourceCallQueryMechanism.executeCall(DatasourceCallQueryMechanism.java:277)
	at org.eclipse.persistence.internal.queries.DatasourceCallQueryMechanism.executeCall(DatasourceCallQueryMechanism.java:263)
	at org.eclipse.persistence.internal.queries.DatasourceCallQueryMechanism.insertObject(DatasourceCallQueryMechanism.java:413)
	at org.eclipse.persistence.internal.queries.StatementQueryMechanism.insertObject(StatementQueryMechanism.java:167)
	at org.eclipse.persistence.internal.queries.StatementQueryMechanism.insertObject(StatementQueryMechanism.java:182)
	at org.eclipse.persistence.internal.queries.DatabaseQueryMechanism.insertObjectForWrite(DatabaseQueryMechanism.java:504)
	at org.eclipse.persistence.queries.InsertObjectQuery.executeCommit(InsertObjectQuery.java:82)
	at org.eclipse.persistence.queries.InsertObjectQuery.executeCommitWithChangeSet(InsertObjectQuery.java:92)
	at org.eclipse.persistence.internal.queries.DatabaseQueryMechanism.executeWriteWithChangeSet(DatabaseQueryMechanism.java:316)
	at org.eclipse.persistence.queries.WriteObjectQuery.executeDatabaseQuery(WriteObjectQuery.java:60)
	at org.eclipse.persistence.queries.DatabaseQuery.execute(DatabaseQuery.java:911)
	at org.eclipse.persistence.queries.DatabaseQuery.executeInUnitOfWork(DatabaseQuery.java:810)
	at org.eclipse.persistence.queries.ObjectLevelModifyQuery.executeInUnitOfWorkObjectLevelModifyQuery(ObjectLevelModifyQuery.java:110)
	at org.eclipse.persistence.queries.ObjectLevelModifyQuery.executeInUnitOfWork(ObjectLevelModifyQuery.java:87)
	at org.eclipse.persistence.internal.sessions.UnitOfWorkImpl.internalExecuteQuery(UnitOfWorkImpl.java:3004)
	at org.eclipse.persistence.internal.sessions.AbstractSession.executeQuery(AbstractSession.java:1898)
	at org.eclipse.persistence.internal.sessions.AbstractSession.executeQuery(AbstractSession.java:1880)
	at org.eclipse.persistence.internal.sessions.AbstractSession.executeQuery(AbstractSession.java:1830)
	at org.eclipse.persistence.internal.sessions.CommitManager.commitNewObjectsForClassWithChangeSet(CommitManager.java:229)
	at org.eclipse.persistence.internal.sessions.CommitManager.commitAllObjectsWithChangeSet(CommitManager.java:128)
	at org.eclipse.persistence.internal.sessions.AbstractSession.writeAllObjectsWithChangeSet(AbstractSession.java:4409)
	at org.eclipse.persistence.internal.sessions.UnitOfWorkImpl.commitToDatabase(UnitOfWorkImpl.java:1503)
	at org.eclipse.persistence.internal.sessions.UnitOfWorkImpl.commitToDatabaseWithChangeSet(UnitOfWorkImpl.java:1593)
	at org.eclipse.persistence.internal.sessions.RepeatableWriteUnitOfWork.commitRootUnitOfWork(RepeatableWriteUnitOfWork.java:280)
	at org.eclipse.persistence.internal.sessions.UnitOfWorkImpl.commitAndResume(UnitOfWorkImpl.java:1230)
	at org.eclipse.persistence.internal.jpa.transaction.EntityTransactionImpl.commit(EntityTransactionImpl.java:136)
	... 28 more
Caused by: org.postgresql.util.PSQLException: ERROR: null value in column "programme" of relation "student" violates not-null constraint
  Detail: Failing row contains (7, 70127, xstudent@stuba.sk, Test Student, $2a$13$ZNWjOAi4rXEkkw8RMJ1My.OVQ7DScO.52Ftamk/tOFnjfD42755Py, null, 0, 0).
	at org.postgresql.core.v3.QueryExecutorImpl.receiveErrorResponse(QueryExecutorImpl.java:2676)
	at org.postgresql.core.v3.QueryExecutorImpl.processResults(QueryExecutorImpl.java:2366)
	at org.postgresql.core.v3.QueryExecutorImpl.execute(QueryExecutorImpl.java:356)
	at org.postgresql.jdbc.PgStatement.executeInternal(PgStatement.java:496)
	at org.postgresql.jdbc.PgStatement.execute(PgStatement.java:413)
	at org.postgresql.jdbc.PgPreparedStatement.executeWithFlags(PgPreparedStatement.java:190)
	at org.postgresql.jdbc.PgPreparedStatement.executeUpdate(PgPreparedStatement.java:152)
	at org.eclipse.persistence.internal.databaseaccess.DatabaseAccessor.executeDirectNoSelect(DatabaseAccessor.java:898)
	... 59 more
]]></system-err>
  </testcase>
  <testcase name="shouldGetEmptyList" classname="sk.stuba.fei.uim.vsa.pr2.StudentResourceTest" time="1.372">
    <failure message="expected: &lt;200&gt; but was: &lt;401&gt;" type="org.opentest4j.AssertionFailedError"><![CDATA[org.opentest4j.AssertionFailedError: expected: <200> but was: <401>
	at sk.stuba.fei.uim.vsa.pr2.StudentResourceTest.shouldGetEmptyList(StudentResourceTest.java:126)
]]></failure>
    <system-out><![CDATA[[EL Fine]: moxy: 2023-05-18 10:40:03.227--Thread(Thread[main,5,main])--MOXyJsonProvider.writeTo(...) is called.
[EL Fine]: moxy: 2023-05-18 10:40:03.229--Thread(Thread[main,5,main])--Setting marshaller property (name/value): jaxb.formatted.output/false
[...]
[EL Fine]: moxy: 2023-05-18 10:40:43.979--Thread(Thread[main,5,main])--Setting unmarshaller property (name/value): eclipselink.json.namespace-separator/.
[EL Fine]: moxy: 2023-05-18 10:40:43.979--Thread(Thread[main,5,main])--Setting unmarshaller property (name/value): eclipselink.json.include-root/false
[EL Fine]: moxy: 2023-05-18 10:40:43.98--Thread(Thread[main,5,main])--Unmarshalling org.eclipse.persistence.oxm.XMLRoot into "APPLICATION_JSON" by "org.eclipse.persistence.internal.oxm.record.SAXUnmarshaller" started
[EL Fine]: moxy: 2023-05-18 10:40:43.982--Thread(Thread[grizzly-http-server-8,5,main])--SAXParserFactory instance: com.sun.org.apache.xerces.internal.jaxp.SAXParserFactoryImpl@77ad3553
[EL Fine]: moxy: 2023-05-18 10:40:43.983--Thread(Thread[grizzly-http-server-8,5,main])--SAXParserFactory instance: com.sun.org.apache.xerces.internal.jaxp.SAXParserFactoryImpl@36903f68
]]></system-out>
  </testcase>
  <testcase name="shouldGetEmptyList" classname="sk.stuba.fei.uim.vsa.pr2.TeacherResourceTest" time="1.202">
    <failure message="expected: &lt;200&gt; but was: &lt;401&gt;" type="org.opentest4j.AssertionFailedError"><![CDATA[org.opentest4j.AssertionFailedError: expected: <200> but was: <401>
	at sk.stuba.fei.uim.vsa.pr2.TeacherResourceTest.shouldGetEmptyList(TeacherResourceTest.java:126)
]]></failure>
    <system-out><![CDATA[[EL Fine]: moxy: 2023-05-18 10:40:44.077--Thread(Thread[main,5,main])--MOXyJsonProvider.writeTo(...) is called.
[EL Fine]: moxy: 2023-05-18 10:40:44.077--Thread(Thread[main,5,main])--Setting marshaller property (name/value): jaxb.formatted.output/false
[EL Fine]: moxy: 2023-05-18 10:40:44.077--Thread(Thread[main,5,main])--Setting marshaller property (name/value): eclipselink.media-type/application/json
[EL Fine]: moxy: 2023-05-18 10:40:44.077--Thread(Thread[main,5,main])--Setting marshaller property (name/value): eclipselink.json.attribute-prefix/null
[EL Fine]: moxy: 2023-05-18 10:40:44.077--Thread(Thread[main,5,main])--Setting marshaller property (name/value): eclipselink.json.include-root/false
[EL Fine]: moxy: 2023-05-18 10:40:44.077--Thread(Thread[main,5,main])--Setting marshaller property (name/value): eclipselink.json.marshal-empty-collections/true
[EL Fine]: moxy: 2023-05-18 10:40:44.077--Thread(Thread[main,5,main])--Setting marshaller property (name/value): eclipselink.json.namespace-separator/.
[EL Fine]: moxy: 2023-05-18 10:40:44.077--Thread(Thread[main,5,main])--Setting marshaller property (name/value): eclipselink.json.wrapper-as-array-name/false
[EL Fine]: moxy: 2023-05-18 10:40:44.077--Thread(Thread[main,5,main])--Setting marshaller property (name/value): eclipselink.namespace-prefix-mapper/null
[EL Fine]: moxy: 2023-05-18 10:40:44.077--Thread(Thread[main,5,main])--Setting marshaller property (name/value): jaxb.formatted.output/false
[EL Fine]: moxy: 2023-05-18 10:40:44.077--Thread(Thread[main,5,main])--Setting marshaller property (name/value): eclipselink.json.namespace-separator/.
[EL Fine]: moxy: 2023-05-18 10:40:44.077--Thread(Thread[main,5,main])--Setting marshaller property (name/value): eclipselink.json.include-root/false
[EL Fine]: moxy: 2023-05-18 10:40:44.077--Thread(Thread[main,5,main])--Setting marshaller property (name/value): eclipselink.json.marshal-empty-collections/true
[EL Fine]: moxy: 2023-05-18 10:40:44.077--Thread(Thread[main,5,main])--Marshalling "sk.stuba.fei.uim.vsa.pr2.model.dto.request.CreateStudentRequest" into APPLICATION_JSON started
[EL Fine]: moxy: 2023-05-18 10:40:44.08--Thread(Thread[grizzly-http-server-14,5,main])--SAXParserFactory instance: com.sun.org.apache.xerces.internal.jaxp.SAXParserFactoryImpl@4bcf474b
[EL Fine]: moxy: 2023-05-18 10:40:44.081--Thread(Thread[grizzly-http-server-14,5,main])--SAXParserFactory instance: com.sun.org.apache.xerces.internal.jaxp.SAXParserFactoryImpl@af24d70
2023-05-18 10:40:44.083  INFO --- [-http-server-14] s.s.fei.uim.vsa.pr2.web.StudentResource  : password: password
[EL Fine]: sql: 2023-05-18 10:40:44.632--ServerSession(447144896)--Connection(281765904)--Thread(Thread[grizzly-http-server-14,5,main])--SELECT COUNT(ID) FROM STUDENT WHERE (EMAIL = ?)
	bind => [xstudent@stuba.sk]
[EL Fine]: sql: 2023-05-18 10:40:44.633--ServerSession(447144896)--Connection(281765904)--Thread(Thread[grizzly-http-server-14,5,main])--SELECT COUNT(ID) FROM STUDENT WHERE (AISID = ?)
	bind => [70127]
[EL Fine]: sql: 2023-05-18 10:40:44.634--ClientSession(1792913983)--Connection(281765904)--Thread(Thread[grizzly-http-server-14,5,main])--INSERT INTO STUDENT (AISID, EMAIL, NAME, PASSWORD, PROGRAMME, TERM, YEAR) VALUES (?, ?, ?, ?, ?, ?, ?)
	bind => [70127, xstudent@stuba.sk, Test Student, $2a$13$UEXJLexRYhGLyqpeqB8ckOaCRfhjV0C5Fv3ncCD75H.6Pzfh3sE4a, API, 18, 8]
[EL Fine]: sql: 2023-05-18 10:40:44.635--ClientSession(1792913983)--Connection(281765904)--Thread(Thread[grizzly-http-server-14,5,main])--select lastval()
[EL Fine]: sql: 2023-05-18 10:40:45.165--ClientSession(1775773469)--Connection(281765904)--Thread(Thread[grizzly-http-server-14,5,main])--INSERT INTO vsa_user (ID, EMAIL, PASSWORD, ROLE) VALUES (?, ?, ?, ?)
	bind => [38, xstudent@stuba.sk, $2a$13$u.RqLf/btgdJxPHGt.9C7.vpb01qudiyw3uOylTEfcCE1TNCNdHy2, STUDENT]
[EL Fine]: moxy: 2023-05-18 10:40:45.182--Thread(Thread[main,5,main])--MOXyJsonProvider.readFrom(...) is called.
[EL Fine]: moxy: 2023-05-18 10:40:45.182--Thread(Thread[main,5,main])--Setting unmarshaller property (name/value): eclipselink.media-type/application/json
[EL Fine]: moxy: 2023-05-18 10:40:45.182--Thread(Thread[main,5,main])--Setting unmarshaller property (name/value): eclipselink.json.attribute-prefix/null
[EL Fine]: moxy: 2023-05-18 10:40:45.182--Thread(Thread[main,5,main])--Setting unmarshaller property (name/value): eclipselink.json.include-root/false
[EL Fine]: moxy: 2023-05-18 10:40:45.182--Thread(Thread[main,5,main])--Setting unmarshaller property (name/value): eclipselink.namespace-prefix-mapper/null
[EL Fine]: moxy: 2023-05-18 10:40:45.182--Thread(Thread[main,5,main])--Setting unmarshaller property (name/value): eclipselink.json.namespace-separator/.
[EL Fine]: moxy: 2023-05-18 10:40:45.182--Thread(Thread[main,5,main])--Setting unmarshaller property (name/value): eclipselink.json.wrapper-as-array-name/false
[EL Fine]: moxy: 2023-05-18 10:40:45.182--Thread(Thread[main,5,main])--Setting unmarshaller property (name/value): eclipselink.json.namespace-separator/.
[EL Fine]: moxy: 2023-05-18 10:40:45.182--Thread(Thread[main,5,main])--Setting unmarshaller property (name/value): eclipselink.json.include-root/false
[EL Fine]: moxy: 2023-05-18 10:40:45.182--Thread(Thread[main,5,main])--Unmarshalling org.eclipse.persistence.oxm.XMLRoot into "APPLICATION_JSON" by "org.eclipse.persistence.internal.oxm.record.SAXUnmarshaller" started
[EL Fine]: moxy: 2023-05-18 10:40:45.184--Thread(Thread[grizzly-http-server-7,5,main])--SAXParserFactory instance: com.sun.org.apache.xerces.internal.jaxp.SAXParserFactoryImpl@2035575d
[EL Fine]: moxy: 2023-05-18 10:40:45.185--Thread(Thread[grizzly-http-server-7,5,main])--SAXParserFactory instance: com.sun.org.apache.xerces.internal.jaxp.SAXParserFactoryImpl@61085d66
]]></system-out>
  </testcase>
  <testcase name="shouldCallWithoutBodyAndReturnError" classname="sk.stuba.fei.uim.vsa.pr2.TeacherResourceTest" time="0.524"/>
  <testcase name="shouldGetAllTeachers" classname="sk.stuba.fei.uim.vsa.pr2.TeacherResourceTest" time="2.641">
    <failure message="expected: &lt;200&gt; but was: &lt;401&gt;" type="org.opentest4j.AssertionFailedError"><![CDATA[org.opentest4j.AssertionFailedError: expected: <200> but was: <401>
	at sk.stuba.fei.uim.vsa.pr2.TeacherResourceTest.shouldGetAllTeachers(TeacherResourceTest.java:94)
]]></failure>
    <system-out><![CDATA[[EL Fine]: moxy: 2023-05-18 10:40:46.215--Thread(Thread[main,5,main])--MOXyJsonProvider.writeTo(...) is called.
[EL Fine]: moxy: 2023-05-18 10:40:46.215--Thread(Thread[main,5,main])--Setting marshaller property (name/value): jaxb.formatted.output/false
[EL Fine]: moxy: 2023-05-18 10:40:46.215--Thread(Thread[main,5,main])--Setting marshaller property (name/value): eclipselink.media-type/application/json
[EL Fine]: moxy: 2023-05-18 10:40:46.215--Thread(Thread[main,5,main])--Setting marshaller property (name/value): eclipselink.json.attribute-prefix/null
[EL Fine]: moxy: 2023-05-18 10:40:46.215--Thread(Thread[main,5,main])--Setting marshaller property (name/value): eclipselink.json.include-root/false
[EL Fine]: moxy: 2023-05-18 10:40:46.215--Thread(Thread[main,5,main])--Setting marshaller property (name/value): eclipselink.json.marshal-empty-collections/true
[EL Fine]: moxy: 2023-05-18 10:40:46.215--Thread(Thread[main,5,main])--Setting marshaller property (name/value): eclipselink.json.namespace-separator/.
[EL Fine]: moxy: 2023-05-18 10:40:46.215--Thread(Thread[main,5,main])--Setting marshaller property (name/value): eclipselink.json.wrapper-as-array-name/false
[EL Fine]: moxy: 2023-05-18 10:40:46.215--Thread(Thread[main,5,main])--Setting marshaller property (name/value): eclipselink.namespace-prefix-mapper/null
[EL Fine]: moxy: 2023-05-18 10:40:46.215--Thread(Thread[main,5,main])--Setting marshaller property (name/value): jaxb.formatted.output/false
[EL Fine]: moxy: 2023-05-18 10:40:46.215--Thread(Thread[main,5,main])--Setting marshaller property (name/value): eclipselink.json.namespace-separator/.
[EL Fine]: moxy: 2023-05-18 10:40:46.215--Thread(Thread[main,5,main])--Setting marshaller property (name/value): eclipselink.json.include-root/false
[EL Fine]: moxy: 2023-05-18 10:40:46.215--Thread(Thread[main,5,main])--Setting marshaller property (name/value): eclipselink.json.marshal-empty-collections/true
[EL Fine]: moxy: 2023-05-18 10:40:46.215--Thread(Thread[main,5,main])--Marshalling "sk.stuba.fei.uim.vsa.pr2.model.dto.request.CreateTeacherRequest" into APPLICATION_JSON started
[EL Fine]: moxy: 2023-05-18 10:40:46.219--Thread(Thread[grizzly-http-server-18,5,main])--SAXParserFactory instance: com.sun.org.apache.xerces.internal.jaxp.SAXParserFactoryImpl@2c79aff4
[EL Fine]: moxy: 2023-05-18 10:40:46.22--Thread(Thread[grizzly-http-server-18,5,main])--SAXParserFactory instance: com.sun.org.apache.xerces.internal.jaxp.SAXParserFactoryImpl@6d44a5cf
2023-05-18 10:40:46.223  INFO --- [-http-server-18] s.s.fei.uim.vsa.pr2.web.StudentResource  : password: password
[EL Fine]: sql: 2023-05-18 10:40:46.691--ServerSession(447144896)--Connection(281765904)--Thread(Thread[grizzly-http-server-18,5,main])--SELECT ID, AISID, DEPARTMENT, EMAIL, INSTITUTE, NAME, PASSWORD FROM EDUCATOR WHERE (EMAIL = ?)
	bind => [ucitel.test@stuba.sk]
[EL Fine]: sql: 2023-05-18 10:40:46.692--ServerSession(447144896)--Connection(281765904)--Thread(Thread[grizzly-http-server-18,5,main])--SELECT ID, AISID, DEPARTMENT, EMAIL, INSTITUTE, NAME, PASSWORD FROM EDUCATOR WHERE (AISID = ?)
	bind => [45678]
[EL Fine]: sql: 2023-05-18 10:40:46.692--ClientSession(225139328)--Connection(281765904)--Thread(Thread[grizzly-http-server-18,5,main])--INSERT INTO EDUCATOR (AISID, DEPARTMENT, EMAIL, INSTITUTE, NAME, PASSWORD) VALUES (?, ?, ?, ?, ?, ?)
	bind => [45678, SI, ucitel.test@stuba.sk, UIM, Testovaci ucitel, $2a$13$QVSFms4Kp94Ijgzqt0A5/uPrylhefeWtge4y/2xmuAXqkgjJ72Q1K]
[EL Fine]: sql: 2023-05-18 10:40:46.693--ClientSession(225139328)--Connection(281765904)--Thread(Thread[grizzly-http-server-18,5,main])--select lastval()
[EL Fine]: sql: 2023-05-18 10:40:46.7--ServerSession(447144896)--Connection(281765904)--Thread(Thread[grizzly-http-server-18,5,main])--SELECT ID, DEPARTMENT, DESCRIPTION, INSTITUTE, PUBLICATIONDATE, REGISTRATIONNUMBER, STATUS, SUBMISSIONDEADLINE, TITLE, TYPE, EDUCATOR_ID, STUDENT_ID FROM FINALTHESIS WHERE (EDUCATOR_ID = ?)
	bind => [29]
[EL Fine]: sql: 2023-05-18 10:40:47.228--ClientSession(153428810)--Connection(281765904)--Thread(Thread[grizzly-http-server-18,5,main])--INSERT INTO vsa_user (ID, EMAIL, PASSWORD, ROLE) VALUES (?, ?, ?, ?)
	bind => [39, ucitel.test@stuba.sk, $2a$13$rFzvA/W0lbiRf8HJB/R/pOwPQNONVnXvQdpG9516EFGvobGcSJhOS, TEACHER]
[EL Fine]: moxy: 2023-05-18 10:40:47.254--Thread(Thread[main,5,main])--MOXyJsonProvider.readFrom(...) is called.
[EL Fine]: moxy: 2023-05-18 10:40:47.255--Thread(Thread[main,5,main])--Setting unmarshaller property (name/value): eclipselink.media-type/application/json
[EL Fine]: moxy: 2023-05-18 10:40:47.255--Thread(Thread[main,5,main])--Setting unmarshaller property (name/value): eclipselink.json.attribute-prefix/null
[EL Fine]: moxy: 2023-05-18 10:40:47.255--Thread(Thread[main,5,main])--Setting unmarshaller property (name/value): eclipselink.json.include-root/false
[EL Fine]: moxy: 2023-05-18 10:40:47.255--Thread(Thread[main,5,main])--Setting unmarshaller property (name/value): eclipselink.namespace-prefix-mapper/null
[EL Fine]: moxy: 2023-05-18 10:40:47.255--Thread(Thread[main,5,main])--Setting unmarshaller property (name/value): eclipselink.json.namespace-separator/.
[EL Fine]: moxy: 2023-05-18 10:40:47.255--Thread(Thread[main,5,main])--Setting unmarshaller property (name/value): eclipselink.json.wrapper-as-array-name/false
[EL Fine]: moxy: 2023-05-18 10:40:47.255--Thread(Thread[main,5,main])--Setting unmarshaller property (name/value): eclipselink.json.namespace-separator/.
[EL Fine]: moxy: 2023-05-18 10:40:47.255--Thread(Thread[main,5,main])--Setting unmarshaller property (name/value): eclipselink.json.include-root/false
[EL Fine]: moxy: 2023-05-18 10:40:47.255--Thread(Thread[main,5,main])--Unmarshalling org.eclipse.persistence.oxm.XMLRoot into "APPLICATION_JSON" by "org.eclipse.persistence.internal.oxm.record.SAXUnmarshaller" started
[EL Fine]: moxy: 2023-05-18 10:40:47.256--Thread(Thread[main,5,main])--MOXyJsonProvider.writeTo(...) is called.
[EL Fine]: moxy: 2023-05-18 10:40:47.256--Thread(Thread[main,5,main])--Setting marshaller property (name/value): jaxb.formatted.output/false
[EL Fine]: moxy: 2023-05-18 10:40:47.256--Thread(Thread[main,5,main])--Setting marshaller property (name/value): eclipselink.media-type/application/json
[EL Fine]: moxy: 2023-05-18 10:40:47.256--Thread(Thread[main,5,main])--Setting marshaller property (name/value): eclipselink.json.attribute-prefix/null
[EL Fine]: moxy: 2023-05-18 10:40:47.256--Thread(Thread[main,5,main])--Setting marshaller property (name/value): eclipselink.json.include-root/false
[EL Fine]: moxy: 2023-05-18 10:40:47.256--Thread(Thread[main,5,main])--Setting marshaller property (name/value): eclipselink.json.marshal-empty-collections/true
[EL Fine]: moxy: 2023-05-18 10:40:47.256--Thread(Thread[main,5,main])--Setting marshaller property (name/value): eclipselink.json.namespace-separator/.
[EL Fine]: moxy: 2023-05-18 10:40:47.256--Thread(Thread[main,5,main])--Setting marshaller property (name/value): eclipselink.json.wrapper-as-array-name/false
[EL Fine]: moxy: 2023-05-18 10:40:47.256--Thread(Thread[main,5,main])--Setting marshaller property (name/value): eclipselink.namespace-prefix-mapper/null
[EL Fine]: moxy: 2023-05-18 10:40:47.256--Thread(Thread[main,5,main])--Setting marshaller property (name/value): jaxb.formatted.output/false
[EL Fine]: moxy: 2023-05-18 10:40:47.256--Thread(Thread[main,5,main])--Setting marshaller property (name/value): eclipselink.json.namespace-separator/.
[EL Fine]: moxy: 2023-05-18 10:40:47.256--Thread(Thread[main,5,main])--Setting marshaller property (name/value): eclipselink.json.include-root/false
[EL Fine]: moxy: 2023-05-18 10:40:47.256--Thread(Thread[main,5,main])--Setting marshaller property (name/value): eclipselink.json.marshal-empty-collections/true
[EL Fine]: moxy: 2023-05-18 10:40:47.256--Thread(Thread[main,5,main])--Marshalling "sk.stuba.fei.uim.vsa.pr2.model.dto.request.CreateTeacherRequest" into APPLICATION_JSON started
[EL Fine]: moxy: 2023-05-18 10:40:47.258--Thread(Thread[grizzly-http-server-19,5,main])--SAXParserFactory instance: com.sun.org.apache.xerces.internal.jaxp.SAXParserFactoryImpl@5fc13cd2
[EL Fine]: moxy: 2023-05-18 10:40:47.26--Thread(Thread[grizzly-http-server-19,5,main])--SAXParserFactory instance: com.sun.org.apache.xerces.internal.jaxp.SAXParserFactoryImpl@1efc36e9
2023-05-18 10:40:47.261  INFO --- [-http-server-19] s.s.fei.uim.vsa.pr2.web.StudentResource  : password: password
[EL Fine]: sql: 2023-05-18 10:40:47.796--ServerSession(447144896)--Connection(281765904)--Thread(Thread[grizzly-http-server-19,5,main])--SELECT ID, AISID, DEPARTMENT, EMAIL, INSTITUTE, NAME, PASSWORD FROM EDUCATOR WHERE (EMAIL = ?)
	bind => [test.teacher@stuba.sk]
[EL Fine]: sql: 2023-05-18 10:40:47.796--ServerSession(447144896)--Connection(281765904)--Thread(Thread[grizzly-http-server-19,5,main])--SELECT ID, AISID, DEPARTMENT, EMAIL, INSTITUTE, NAME, PASSWORD FROM EDUCATOR WHERE (AISID = ?)
	bind => [123456]
[EL Fine]: sql: 2023-05-18 10:40:47.797--ClientSession(2127808934)--Connection(281765904)--Thread(Thread[grizzly-http-server-19,5,main])--INSERT INTO EDUCATOR (AISID, DEPARTMENT, EMAIL, INSTITUTE, NAME, PASSWORD) VALUES (?, ?, ?, ?, ?, ?)
	bind => [123456, BIS, test.teacher@stuba.sk, UIMM, Meno testovacieho uciteľa, $2a$13$YeRHz1hpByt8RZ2Eo9v.EODUHcTyLcu266sgp5aqO.FGR0AuqLzXG]
[EL Fine]: sql: 2023-05-18 10:40:47.797--ClientSession(2127808934)--Connection(281765904)--Thread(Thread[grizzly-http-server-19,5,main])--select lastval()
[EL Fine]: sql: 2023-05-18 10:40:47.809--ServerSession(447144896)--Connection(281765904)--Thread(Thread[grizzly-http-server-19,5,main])--SELECT ID, DEPARTMENT, DESCRIPTION, INSTITUTE, PUBLICATIONDATE, REGISTRATIONNUMBER, STATUS, SUBMISSIONDEADLINE, TITLE, TYPE, EDUCATOR_ID, STUDENT_ID FROM FINALTHESIS WHERE (EDUCATOR_ID = ?)
	bind => [30]
[EL Fine]: sql: 2023-05-18 10:40:48.336--ClientSession(2057130972)--Connection(281765904)--Thread(Thread[grizzly-http-server-19,5,main])--INSERT INTO vsa_user (ID, EMAIL, PASSWORD, ROLE) VALUES (?, ?, ?, ?)
	bind => [40, test.teacher@stuba.sk, $2a$13$mEllHvqGbwhDubJQ.PEZ..xbGkmRkw3quIubYXZcfPnuJZ8a8ETe., TEACHER]
[EL Fine]: moxy: 2023-05-18 10:40:48.346--Thread(Thread[main,5,main])--MOXyJsonProvider.readFrom(...) is called.
[EL Fine]: moxy: 2023-05-18 10:40:48.346--Thread(Thread[main,5,main])--Setting unmarshaller property (name/value): eclipselink.media-type/application/json
[EL Fine]: moxy: 2023-05-18 10:40:48.346--Thread(Thread[main,5,main])--Setting unmarshaller property (name/value): eclipselink.json.attribute-prefix/null
[EL Fine]: moxy: 2023-05-18 10:40:48.346--Thread(Thread[main,5,main])--Setting unmarshaller property (name/value): eclipselink.json.include-root/false
[EL Fine]: moxy: 2023-05-18 10:40:48.346--Thread(Thread[main,5,main])--Setting unmarshaller property (name/value): eclipselink.namespace-prefix-mapper/null
[EL Fine]: moxy: 2023-05-18 10:40:48.346--Thread(Thread[main,5,main])--Setting unmarshaller property (name/value): eclipselink.json.namespace-separator/.
[EL Fine]: moxy: 2023-05-18 10:40:48.346--Thread(Thread[main,5,main])--Setting unmarshaller property (name/value): eclipselink.json.wrapper-as-array-name/false
[EL Fine]: moxy: 2023-05-18 10:40:48.346--Thread(Thread[main,5,main])--Setting unmarshaller property (name/value): eclipselink.json.namespace-separator/.
[EL Fine]: moxy: 2023-05-18 10:40:48.346--Thread(Thread[main,5,main])--Setting unmarshaller property (name/value): eclipselink.json.include-root/false
[EL Fine]: moxy: 2023-05-18 10:40:48.347--Thread(Thread[main,5,main])--Unmarshalling org.eclipse.persistence.oxm.XMLRoot into "APPLICATION_JSON" by "org.eclipse.persistence.internal.oxm.record.SAXUnmarshaller" started
[EL Fine]: moxy: 2023-05-18 10:40:48.349--Thread(Thread[grizzly-http-server-20,5,main])--SAXParserFactory instance: com.sun.org.apache.xerces.internal.jaxp.SAXParserFactoryImpl@11e3f74
[EL Fine]: moxy: 2023-05-18 10:40:48.35--Thread(Thread[grizzly-http-server-20,5,main])--SAXParserFactory instance: com.sun.org.apache.xerces.internal.jaxp.SAXParserFactoryImpl@4023354f
]]></system-out>
  </testcase>
</testsuite></testsuites>